2016-02-17 23:40:25,942 [Refresh Thread: Equinox Container: a04446df-fbd5-0015-126f-9269cc9dfde8] INFO  marytts.main Mary starting up...
2016-02-17 23:40:25,944 [Refresh Thread: Equinox Container: a04446df-fbd5-0015-126f-9269cc9dfde8] INFO  marytts.main Specification version 5.1-SNAPSHOT
2016-02-17 23:40:25,944 [Refresh Thread: Equinox Container: a04446df-fbd5-0015-126f-9269cc9dfde8] INFO  marytts.main Implementation version unknown
2016-02-17 23:40:25,944 [Refresh Thread: Equinox Container: a04446df-fbd5-0015-126f-9269cc9dfde8] INFO  marytts.main Running on a Java 1.8.0_73 implementation by Oracle Corporation, on a Windows 10 platform (amd64, 10.0)
2016-02-17 23:40:26,017 [Refresh Thread: Equinox Container: a04446df-fbd5-0015-126f-9269cc9dfde8] INFO  marytts.ModuleRegistry Now initiating mary module 'marytts.modules.Synthesis'
2016-02-17 23:40:26,019 [Refresh Thread: Equinox Container: a04446df-fbd5-0015-126f-9269cc9dfde8] INFO  marytts.ModuleRegistry Now initiating mary module 'marytts.modules.TextToMaryXML'
2016-02-17 23:40:26,019 [Refresh Thread: Equinox Container: a04446df-fbd5-0015-126f-9269cc9dfde8] INFO  marytts.ModuleRegistry Now initiating mary module 'marytts.modules.SableParser'
2016-02-17 23:40:26,020 [Refresh Thread: Equinox Container: a04446df-fbd5-0015-126f-9269cc9dfde8] INFO  marytts.ModuleRegistry Now initiating mary module 'marytts.modules.SSMLParser'
2016-02-17 23:40:26,020 [Refresh Thread: Equinox Container: a04446df-fbd5-0015-126f-9269cc9dfde8] INFO  marytts.ModuleRegistry Now initiating mary module 'marytts.modules.APMLParser'
2016-02-17 23:40:26,021 [Refresh Thread: Equinox Container: a04446df-fbd5-0015-126f-9269cc9dfde8] INFO  marytts.ModuleRegistry Now initiating mary module 'marytts.modules.EmotionmlParser'
2016-02-17 23:40:26,021 [Refresh Thread: Equinox Container: a04446df-fbd5-0015-126f-9269cc9dfde8] INFO  marytts.ModuleRegistry Now initiating mary module 'marytts.modules.JTokeniser'
2016-02-17 23:40:26,022 [Refresh Thread: Equinox Container: a04446df-fbd5-0015-126f-9269cc9dfde8] INFO  marytts.ModuleRegistry Now initiating mary module 'marytts.modules.DummyTokens2Words'
2016-02-17 23:40:26,022 [Refresh Thread: Equinox Container: a04446df-fbd5-0015-126f-9269cc9dfde8] INFO  marytts.ModuleRegistry Now initiating mary module 'marytts.modules.ProsodyGeneric'
2016-02-17 23:40:26,024 [Refresh Thread: Equinox Container: a04446df-fbd5-0015-126f-9269cc9dfde8] INFO  marytts.ModuleRegistry Now initiating mary module 'marytts.modules.PronunciationModel'
2016-02-17 23:40:26,024 [Refresh Thread: Equinox Container: a04446df-fbd5-0015-126f-9269cc9dfde8] INFO  marytts.ModuleRegistry Now initiating mary module 'marytts.modules.TargetFeatureLister'
2016-02-17 23:40:26,025 [Refresh Thread: Equinox Container: a04446df-fbd5-0015-126f-9269cc9dfde8] INFO  marytts.ModuleRegistry Now initiating mary module 'marytts.modules.HalfPhoneTargetFeatureLister'
2016-02-17 23:40:26,025 [Refresh Thread: Equinox Container: a04446df-fbd5-0015-126f-9269cc9dfde8] INFO  marytts.ModuleRegistry Now initiating mary module 'marytts.modules.AcousticModeller'
2016-02-17 23:40:26,026 [Refresh Thread: Equinox Container: a04446df-fbd5-0015-126f-9269cc9dfde8] INFO  marytts.ModuleRegistry Now initiating mary module 'marytts.modules.RealisedAcoustparamsExtractor'
2016-02-17 23:40:26,026 [Refresh Thread: Equinox Container: a04446df-fbd5-0015-126f-9269cc9dfde8] INFO  marytts.ModuleRegistry Now initiating mary module 'marytts.modules.RealisedDurationsExtractor'
2016-02-17 23:40:26,026 [Refresh Thread: Equinox Container: a04446df-fbd5-0015-126f-9269cc9dfde8] INFO  marytts.ModuleRegistry Now initiating mary module 'marytts.modules.HTSEngine'
2016-02-17 23:40:26,027 [Refresh Thread: Equinox Container: a04446df-fbd5-0015-126f-9269cc9dfde8] INFO  marytts.ModuleRegistry Now initiating mary module 'marytts.modules.PraatTextGridGenerator'
2016-02-17 23:40:26,028 [Refresh Thread: Equinox Container: a04446df-fbd5-0015-126f-9269cc9dfde8] INFO  marytts.ModuleRegistry Now initiating mary module 'marytts.language.de.JTokeniser'
2016-02-17 23:40:26,028 [Refresh Thread: Equinox Container: a04446df-fbd5-0015-126f-9269cc9dfde8] INFO  marytts.ModuleRegistry Now initiating mary module 'marytts.language.de.Preprocess'
2016-02-17 23:40:26,028 [Refresh Thread: Equinox Container: a04446df-fbd5-0015-126f-9269cc9dfde8] INFO  marytts.ModuleRegistry Now initiating mary module 'marytts.modules.OpenNLPPosTagger(de,de.pos)'
2016-02-17 23:40:26,029 [Refresh Thread: Equinox Container: a04446df-fbd5-0015-126f-9269cc9dfde8] INFO  marytts.ModuleRegistry Now initiating mary module 'marytts.language.de.JPhonemiser'
2016-02-17 23:40:26,030 [Refresh Thread: Equinox Container: a04446df-fbd5-0015-126f-9269cc9dfde8] INFO  marytts.JPhonemiser_de User dictionary '.\user-dictionaries\userdict-de.txt' for locale 'de' does not exist. Ignoring.
2016-02-17 23:40:26,049 [Refresh Thread: Equinox Container: a04446df-fbd5-0015-126f-9269cc9dfde8] INFO  marytts.ModuleRegistry Now initiating mary module 'marytts.language.de.Prosody'
2016-02-17 23:40:26,049 [Refresh Thread: Equinox Container: a04446df-fbd5-0015-126f-9269cc9dfde8] INFO  marytts.ModuleRegistry Now initiating mary module 'marytts.language.de.Postlex'
2016-02-17 23:40:26,049 [Refresh Thread: Equinox Container: a04446df-fbd5-0015-126f-9269cc9dfde8] INFO  marytts.ModuleRegistry Now initiating mary module 'marytts.modules.SimplePhoneme2AP(de)'
2016-02-17 23:40:26,050 [Refresh Thread: Equinox Container: a04446df-fbd5-0015-126f-9269cc9dfde8] INFO  marytts.ModuleRegistry Now initiating mary module 'marytts.language.en.JTokeniser'
2016-02-17 23:40:26,050 [Refresh Thread: Equinox Container: a04446df-fbd5-0015-126f-9269cc9dfde8] INFO  marytts.ModuleRegistry Now initiating mary module 'marytts.language.en.FreeTTSTokenToWords'
2016-02-17 23:40:26,051 [Refresh Thread: Equinox Container: a04446df-fbd5-0015-126f-9269cc9dfde8] INFO  marytts.ModuleRegistry Now initiating mary module 'marytts.modules.JPhonemiser(en_US.)'
2016-02-17 23:40:26,052 [Refresh Thread: Equinox Container: a04446df-fbd5-0015-126f-9269cc9dfde8] INFO  marytts.JPhonemiser User dictionary '.\user-dictionaries\userdict-en_US.txt' for locale 'en_US' does not exist. Ignoring.
2016-02-17 23:40:26,092 [Refresh Thread: Equinox Container: a04446df-fbd5-0015-126f-9269cc9dfde8] INFO  marytts.ModuleRegistry Now initiating mary module 'marytts.modules.JPhonemiser(en_GB.)'
2016-02-17 23:40:26,094 [Refresh Thread: Equinox Container: a04446df-fbd5-0015-126f-9269cc9dfde8] INFO  marytts.JPhonemiser User dictionary '.\user-dictionaries\userdict-en_GB.txt' for locale 'en_GB' does not exist. Ignoring.
2016-02-17 23:40:26,129 [Refresh Thread: Equinox Container: a04446df-fbd5-0015-126f-9269cc9dfde8] INFO  marytts.ModuleRegistry Now initiating mary module 'marytts.language.en.Prosody'
2016-02-17 23:40:26,129 [Refresh Thread: Equinox Container: a04446df-fbd5-0015-126f-9269cc9dfde8] INFO  marytts.ModuleRegistry Now initiating mary module 'marytts.modules.SimplePhoneme2AP(en_US)'
2016-02-17 23:40:26,129 [Refresh Thread: Equinox Container: a04446df-fbd5-0015-126f-9269cc9dfde8] INFO  marytts.ModuleRegistry Now initiating mary module 'marytts.language.en.Utt2XMLWordsEn'
2016-02-17 23:40:26,131 [Refresh Thread: Equinox Container: a04446df-fbd5-0015-126f-9269cc9dfde8] INFO  marytts.ModuleRegistry Now initiating mary module 'marytts.language.en.XML2UttTokensEn'
2016-02-17 23:40:26,134 [Refresh Thread: Equinox Container: a04446df-fbd5-0015-126f-9269cc9dfde8] INFO  marytts.ModuleRegistry Now initiating mary module 'marytts.language.en.PronunciationModel'
2016-02-17 23:40:26,134 [Refresh Thread: Equinox Container: a04446df-fbd5-0015-126f-9269cc9dfde8] INFO  marytts.ModuleRegistry Now initiating mary module 'marytts.modules.OpenNLPPosTagger(en,en.pos)'
2016-02-17 23:40:26,137 [Refresh Thread: Equinox Container: a04446df-fbd5-0015-126f-9269cc9dfde8] INFO  marytts.UnitSelectionSynthesizer started.
2016-02-17 23:40:26,137 [Refresh Thread: Equinox Container: a04446df-fbd5-0015-126f-9269cc9dfde8] INFO  marytts.TargetFeatureLister Module started (ACOUSTPARAMS->TARGETFEATURES, locale null).
2016-02-17 23:40:26,137 [Refresh Thread: Equinox Container: a04446df-fbd5-0015-126f-9269cc9dfde8] INFO  marytts.HTSEngine Module started (TARGETFEATURES->AUDIO, locale null).
2016-02-17 23:40:26,154 [Refresh Thread: Equinox Container: a04446df-fbd5-0015-126f-9269cc9dfde8] INFO  marytts.HMMData Loading Tree Set in CARTs:
2016-02-17 23:40:26,188 [Refresh Thread: Equinox Container: a04446df-fbd5-0015-126f-9269cc9dfde8] INFO  marytts.HMMData Loading GV Model Set:
2016-02-17 23:40:26,283 [Refresh Thread: Equinox Container: a04446df-fbd5-0015-126f-9269cc9dfde8] INFO  marytts.Voice Registering voice `cmu-slt-hsmm': female, locale en_US
2016-02-17 23:40:26,303 [Refresh Thread: Equinox Container: a04446df-fbd5-0015-126f-9269cc9dfde8] INFO  marytts.Voice New default voice for locale en_US: cmu-slt-hsmm (desire 0)
2016-02-17 23:40:26,305 [Refresh Thread: Equinox Container: a04446df-fbd5-0015-126f-9269cc9dfde8] INFO  marytts.HMMData Loading Tree Set in CARTs:
2016-02-17 23:40:26,341 [Refresh Thread: Equinox Container: a04446df-fbd5-0015-126f-9269cc9dfde8] INFO  marytts.HMMData Loading GV Model Set:
2016-02-17 23:40:26,418 [Refresh Thread: Equinox Container: a04446df-fbd5-0015-126f-9269cc9dfde8] INFO  marytts.Voice Registering voice `bits1-hsmm': female, locale de
2016-02-17 23:40:26,418 [Refresh Thread: Equinox Container: a04446df-fbd5-0015-126f-9269cc9dfde8] INFO  marytts.Voice New default voice for locale de: bits1-hsmm (desire 0)
2016-02-17 23:40:26,420 [Refresh Thread: Equinox Container: a04446df-fbd5-0015-126f-9269cc9dfde8] INFO  marytts.HMMData Loading Tree Set in CARTs:
2016-02-17 23:40:26,484 [Refresh Thread: Equinox Container: a04446df-fbd5-0015-126f-9269cc9dfde8] INFO  marytts.HMMData Loading GV Model Set:
2016-02-17 23:40:26,571 [Refresh Thread: Equinox Container: a04446df-fbd5-0015-126f-9269cc9dfde8] INFO  marytts.Voice Registering voice `bits3-hsmm': male, locale de
2016-02-17 23:40:26,571 [Refresh Thread: Equinox Container: a04446df-fbd5-0015-126f-9269cc9dfde8] INFO  marytts.HMMSynthesizer started.
2016-02-17 23:40:26,571 [Refresh Thread: Equinox Container: a04446df-fbd5-0015-126f-9269cc9dfde8] INFO  marytts.Synthesis Module started (ACOUSTPARAMS->AUDIO, locale null).
2016-02-17 23:40:26,571 [Refresh Thread: Equinox Container: a04446df-fbd5-0015-126f-9269cc9dfde8] INFO  marytts.HMMSynthesizer Starting power-on self test.
2016-02-17 23:40:26,584 [Refresh Thread: Equinox Container: a04446df-fbd5-0015-126f-9269cc9dfde8] INFO  marytts.HTSEngine Using prosody from acoustparams.
2016-02-17 23:40:26,585 [Refresh Thread: Equinox Container: a04446df-fbd5-0015-126f-9269cc9dfde8] INFO  marytts.HTSEngine Number of models in sentence numModel=7  Total number of states numState=35
2016-02-17 23:40:26,585 [Refresh Thread: Equinox Container: a04446df-fbd5-0015-126f-9269cc9dfde8] INFO  marytts.HTSEngine Total number of frames=147  Number of voiced frames=89
2016-02-17 23:40:26,589 [Refresh Thread: Equinox Container: a04446df-fbd5-0015-126f-9269cc9dfde8] INFO  marytts.ParameterGeneration Parameter generation for MGC: 
2016-02-17 23:40:26,589 [Refresh Thread: Equinox Container: a04446df-fbd5-0015-126f-9269cc9dfde8] INFO  marytts.PStream Context-dependent global variance optimization: gvLength = 107
2016-02-17 23:40:26,592 [Refresh Thread: Equinox Container: a04446df-fbd5-0015-126f-9269cc9dfde8] INFO  marytts.PStream Gradient GV optimization for feature: (0)  number of iterations=23
2016-02-17 23:40:26,596 [Refresh Thread: Equinox Container: a04446df-fbd5-0015-126f-9269cc9dfde8] INFO  marytts.PStream Gradient GV optimization for feature: (1)  number of iterations=54
2016-02-17 23:40:26,599 [Refresh Thread: Equinox Container: a04446df-fbd5-0015-126f-9269cc9dfde8] INFO  marytts.PStream Gradient GV optimization for feature: (2)  number of iterations=47
2016-02-17 23:40:26,600 [Refresh Thread: Equinox Container: a04446df-fbd5-0015-126f-9269cc9dfde8] INFO  marytts.PStream Gradient GV optimization for feature: (3)  number of iterations=20
2016-02-17 23:40:26,601 [Refresh Thread: Equinox Container: a04446df-fbd5-0015-126f-9269cc9dfde8] INFO  marytts.PStream Gradient GV optimization for feature: (4)  number of iterations=13
2016-02-17 23:40:26,602 [Refresh Thread: Equinox Container: a04446df-fbd5-0015-126f-9269cc9dfde8] INFO  marytts.PStream Gradient GV optimization for feature: (5)  number of iterations=21
2016-02-17 23:40:26,603 [Refresh Thread: Equinox Container: a04446df-fbd5-0015-126f-9269cc9dfde8] INFO  marytts.PStream Gradient GV optimization for feature: (6)  number of iterations=7
2016-02-17 23:40:26,604 [Refresh Thread: Equinox Container: a04446df-fbd5-0015-126f-9269cc9dfde8] INFO  marytts.PStream Gradient GV optimization for feature: (7)  number of iterations=4
2016-02-17 23:40:26,605 [Refresh Thread: Equinox Container: a04446df-fbd5-0015-126f-9269cc9dfde8] INFO  marytts.PStream Gradient GV optimization for feature: (8)  number of iterations=11
2016-02-17 23:40:26,605 [Refresh Thread: Equinox Container: a04446df-fbd5-0015-126f-9269cc9dfde8] INFO  marytts.PStream Gradient GV optimization for feature: (9)  number of iterations=19
2016-02-17 23:40:26,606 [Refresh Thread: Equinox Container: a04446df-fbd5-0015-126f-9269cc9dfde8] INFO  marytts.PStream Gradient GV optimization for feature: (10)  number of iterations=16
2016-02-17 23:40:26,606 [Refresh Thread: Equinox Container: a04446df-fbd5-0015-126f-9269cc9dfde8] INFO  marytts.PStream Gradient GV optimization for feature: (11)  number of iterations=8
2016-02-17 23:40:26,606 [Refresh Thread: Equinox Container: a04446df-fbd5-0015-126f-9269cc9dfde8] INFO  marytts.PStream Gradient GV optimization for feature: (12)  number of iterations=2
2016-02-17 23:40:26,607 [Refresh Thread: Equinox Container: a04446df-fbd5-0015-126f-9269cc9dfde8] INFO  marytts.PStream Gradient GV optimization for feature: (13)  number of iterations=13
2016-02-17 23:40:26,607 [Refresh Thread: Equinox Container: a04446df-fbd5-0015-126f-9269cc9dfde8] INFO  marytts.PStream Gradient GV optimization for feature: (14)  number of iterations=13
2016-02-17 23:40:26,607 [Refresh Thread: Equinox Container: a04446df-fbd5-0015-126f-9269cc9dfde8] INFO  marytts.PStream Gradient GV optimization for feature: (15)  number of iterations=18
2016-02-17 23:40:26,608 [Refresh Thread: Equinox Container: a04446df-fbd5-0015-126f-9269cc9dfde8] INFO  marytts.PStream Gradient GV optimization for feature: (16)  number of iterations=14
2016-02-17 23:40:26,608 [Refresh Thread: Equinox Container: a04446df-fbd5-0015-126f-9269cc9dfde8] INFO  marytts.PStream Gradient GV optimization for feature: (17)  number of iterations=16
2016-02-17 23:40:26,609 [Refresh Thread: Equinox Container: a04446df-fbd5-0015-126f-9269cc9dfde8] INFO  marytts.PStream Gradient GV optimization for feature: (18)  number of iterations=17
2016-02-17 23:40:26,609 [Refresh Thread: Equinox Container: a04446df-fbd5-0015-126f-9269cc9dfde8] INFO  marytts.PStream Gradient GV optimization for feature: (19)  number of iterations=12
2016-02-17 23:40:26,609 [Refresh Thread: Equinox Container: a04446df-fbd5-0015-126f-9269cc9dfde8] INFO  marytts.PStream Gradient GV optimization for feature: (20)  number of iterations=16
2016-02-17 23:40:26,610 [Refresh Thread: Equinox Container: a04446df-fbd5-0015-126f-9269cc9dfde8] INFO  marytts.PStream Gradient GV optimization for feature: (21)  number of iterations=14
2016-02-17 23:40:26,610 [Refresh Thread: Equinox Container: a04446df-fbd5-0015-126f-9269cc9dfde8] INFO  marytts.PStream Gradient GV optimization for feature: (22)  number of iterations=12
2016-02-17 23:40:26,610 [Refresh Thread: Equinox Container: a04446df-fbd5-0015-126f-9269cc9dfde8] INFO  marytts.PStream Gradient GV optimization for feature: (23)  number of iterations=18
2016-02-17 23:40:26,611 [Refresh Thread: Equinox Container: a04446df-fbd5-0015-126f-9269cc9dfde8] INFO  marytts.PStream Gradient GV optimization for feature: (24)  number of iterations=12
2016-02-17 23:40:26,611 [Refresh Thread: Equinox Container: a04446df-fbd5-0015-126f-9269cc9dfde8] INFO  marytts.PStream Gradient GV optimization for feature: (25)  number of iterations=10
2016-02-17 23:40:26,611 [Refresh Thread: Equinox Container: a04446df-fbd5-0015-126f-9269cc9dfde8] INFO  marytts.PStream Gradient GV optimization for feature: (26)  number of iterations=13
2016-02-17 23:40:26,612 [Refresh Thread: Equinox Container: a04446df-fbd5-0015-126f-9269cc9dfde8] INFO  marytts.PStream Gradient GV optimization for feature: (27)  number of iterations=10
2016-02-17 23:40:26,612 [Refresh Thread: Equinox Container: a04446df-fbd5-0015-126f-9269cc9dfde8] INFO  marytts.PStream Gradient GV optimization for feature: (28)  number of iterations=13
2016-02-17 23:40:26,613 [Refresh Thread: Equinox Container: a04446df-fbd5-0015-126f-9269cc9dfde8] INFO  marytts.PStream Gradient GV optimization for feature: (29)  number of iterations=8
2016-02-17 23:40:26,613 [Refresh Thread: Equinox Container: a04446df-fbd5-0015-126f-9269cc9dfde8] INFO  marytts.PStream Gradient GV optimization for feature: (30)  number of iterations=8
2016-02-17 23:40:26,613 [Refresh Thread: Equinox Container: a04446df-fbd5-0015-126f-9269cc9dfde8] INFO  marytts.PStream Gradient GV optimization for feature: (31)  number of iterations=14
2016-02-17 23:40:26,614 [Refresh Thread: Equinox Container: a04446df-fbd5-0015-126f-9269cc9dfde8] INFO  marytts.PStream Gradient GV optimization for feature: (32)  number of iterations=8
2016-02-17 23:40:26,614 [Refresh Thread: Equinox Container: a04446df-fbd5-0015-126f-9269cc9dfde8] INFO  marytts.PStream Gradient GV optimization for feature: (33)  number of iterations=8
2016-02-17 23:40:26,614 [Refresh Thread: Equinox Container: a04446df-fbd5-0015-126f-9269cc9dfde8] INFO  marytts.PStream Gradient GV optimization for feature: (34)  number of iterations=14
2016-02-17 23:40:26,614 [Refresh Thread: Equinox Container: a04446df-fbd5-0015-126f-9269cc9dfde8] INFO  marytts.ParameterGeneration Using f0 from maryXML acoustparams
2016-02-17 23:40:26,615 [Refresh Thread: Equinox Container: a04446df-fbd5-0015-126f-9269cc9dfde8] INFO  marytts.PStream Context-dependent global variance optimization: gvLength = 107
2016-02-17 23:40:26,615 [Refresh Thread: Equinox Container: a04446df-fbd5-0015-126f-9269cc9dfde8] INFO  marytts.PStream Gradient GV optimization for feature: (0)  number of iterations=16
2016-02-17 23:40:26,615 [Refresh Thread: Equinox Container: a04446df-fbd5-0015-126f-9269cc9dfde8] INFO  marytts.PStream Gradient GV optimization for feature: (1)  number of iterations=2
2016-02-17 23:40:26,616 [Refresh Thread: Equinox Container: a04446df-fbd5-0015-126f-9269cc9dfde8] INFO  marytts.PStream Gradient GV optimization for feature: (2)  number of iterations=33
2016-02-17 23:40:26,616 [Refresh Thread: Equinox Container: a04446df-fbd5-0015-126f-9269cc9dfde8] INFO  marytts.PStream Gradient GV optimization for feature: (3)  number of iterations=8
2016-02-17 23:40:26,616 [Refresh Thread: Equinox Container: a04446df-fbd5-0015-126f-9269cc9dfde8] INFO  marytts.PStream Gradient GV optimization for feature: (4)  number of iterations=26
2016-02-17 23:40:26,618 [Refresh Thread: Equinox Container: a04446df-fbd5-0015-126f-9269cc9dfde8] INFO  marytts.HMMSynthesizer Power-on self test complete.
2016-02-17 23:40:26,619 [Refresh Thread: Equinox Container: a04446df-fbd5-0015-126f-9269cc9dfde8] INFO  marytts.TextToMaryXML Module started (TEXT->RAWMARYXML, locale null).
2016-02-17 23:40:26,619 [Refresh Thread: Equinox Container: a04446df-fbd5-0015-126f-9269cc9dfde8] INFO  marytts.TextToMaryXML Starting power-on self test.
2016-02-17 23:40:26,619 [Refresh Thread: Equinox Container: a04446df-fbd5-0015-126f-9269cc9dfde8] INFO  marytts.TextToMaryXML Power-on self test complete.
2016-02-17 23:40:26,835 [Refresh Thread: Equinox Container: a04446df-fbd5-0015-126f-9269cc9dfde8] INFO  marytts.SableParser Module started (SABLE->RAWMARYXML, locale null).
2016-02-17 23:40:26,835 [Refresh Thread: Equinox Container: a04446df-fbd5-0015-126f-9269cc9dfde8] INFO  marytts.SableParser Starting power-on self test.
2016-02-17 23:40:26,835 [Refresh Thread: Equinox Container: a04446df-fbd5-0015-126f-9269cc9dfde8] INFO  marytts.SableParser Power-on self test complete.
2016-02-17 23:40:26,897 [Refresh Thread: Equinox Container: a04446df-fbd5-0015-126f-9269cc9dfde8] INFO  marytts.SSMLParser Module started (SSML->RAWMARYXML, locale null).
2016-02-17 23:40:26,897 [Refresh Thread: Equinox Container: a04446df-fbd5-0015-126f-9269cc9dfde8] INFO  marytts.SSMLParser Starting power-on self test.
2016-02-17 23:40:26,897 [Refresh Thread: Equinox Container: a04446df-fbd5-0015-126f-9269cc9dfde8] INFO  marytts.SSMLParser Power-on self test complete.
2016-02-17 23:40:26,932 [Refresh Thread: Equinox Container: a04446df-fbd5-0015-126f-9269cc9dfde8] INFO  marytts.APMLParser Module started (APML->RAWMARYXML, locale null).
2016-02-17 23:40:26,933 [Refresh Thread: Equinox Container: a04446df-fbd5-0015-126f-9269cc9dfde8] INFO  marytts.APMLParser Starting power-on self test.
2016-02-17 23:40:26,933 [Refresh Thread: Equinox Container: a04446df-fbd5-0015-126f-9269cc9dfde8] INFO  marytts.APMLParser Power-on self test complete.
2016-02-17 23:40:26,955 [Refresh Thread: Equinox Container: a04446df-fbd5-0015-126f-9269cc9dfde8] INFO  marytts.EmotionmlParser Module started (EMOTIONML->RAWMARYXML, locale null).
2016-02-17 23:40:26,955 [Refresh Thread: Equinox Container: a04446df-fbd5-0015-126f-9269cc9dfde8] INFO  marytts.EmotionmlParser Starting power-on self test.
2016-02-17 23:40:26,955 [Refresh Thread: Equinox Container: a04446df-fbd5-0015-126f-9269cc9dfde8] INFO  marytts.EmotionmlParser Power-on self test complete.
2016-02-17 23:40:26,955 [Refresh Thread: Equinox Container: a04446df-fbd5-0015-126f-9269cc9dfde8] INFO  marytts.JTokeniser Module started (RAWMARYXML->TOKENS, locale null).
2016-02-17 23:40:26,971 [Refresh Thread: Equinox Container: a04446df-fbd5-0015-126f-9269cc9dfde8] INFO  marytts.JTokeniser Starting power-on self test.
2016-02-17 23:40:26,971 [Refresh Thread: Equinox Container: a04446df-fbd5-0015-126f-9269cc9dfde8] INFO  marytts.JTokeniser Power-on self test complete.
2016-02-17 23:40:26,971 [Refresh Thread: Equinox Container: a04446df-fbd5-0015-126f-9269cc9dfde8] INFO  marytts.DummyTokens2Words Module started (TOKENS->WORDS, locale null).
2016-02-17 23:40:26,971 [Refresh Thread: Equinox Container: a04446df-fbd5-0015-126f-9269cc9dfde8] INFO  marytts.DummyTokens2Words Starting power-on self test.
2016-02-17 23:40:26,971 [Refresh Thread: Equinox Container: a04446df-fbd5-0015-126f-9269cc9dfde8] INFO  marytts.DummyTokens2Words Power-on self test complete.
2016-02-17 23:40:26,973 [Refresh Thread: Equinox Container: a04446df-fbd5-0015-126f-9269cc9dfde8] INFO  marytts.Prosody Module started (PHONEMES->INTONATION, locale null).
2016-02-17 23:40:26,973 [Refresh Thread: Equinox Container: a04446df-fbd5-0015-126f-9269cc9dfde8] INFO  marytts.Prosody Starting power-on self test.
2016-02-17 23:40:26,973 [Refresh Thread: Equinox Container: a04446df-fbd5-0015-126f-9269cc9dfde8] INFO  marytts.Prosody Power-on self test complete.
2016-02-17 23:40:26,973 [Refresh Thread: Equinox Container: a04446df-fbd5-0015-126f-9269cc9dfde8] INFO  marytts.PronunciationModel Module started (INTONATION->ALLOPHONES, locale null).
2016-02-17 23:40:26,973 [Refresh Thread: Equinox Container: a04446df-fbd5-0015-126f-9269cc9dfde8] INFO  marytts.PronunciationModel Starting power-on self test.
2016-02-17 23:40:26,974 [Refresh Thread: Equinox Container: a04446df-fbd5-0015-126f-9269cc9dfde8] INFO  marytts.PronunciationModel Power-on self test complete.
2016-02-17 23:40:26,974 [Refresh Thread: Equinox Container: a04446df-fbd5-0015-126f-9269cc9dfde8] INFO  marytts.TargetFeatureLister Starting power-on self test.
2016-02-17 23:40:26,974 [Refresh Thread: Equinox Container: a04446df-fbd5-0015-126f-9269cc9dfde8] INFO  marytts.TargetFeatureLister Power-on self test complete.
2016-02-17 23:40:26,974 [Refresh Thread: Equinox Container: a04446df-fbd5-0015-126f-9269cc9dfde8] INFO  marytts.TargetFeatureLister Module started (ACOUSTPARAMS->HALFPHONE_TARGETFEATURES, locale null).
2016-02-17 23:40:26,974 [Refresh Thread: Equinox Container: a04446df-fbd5-0015-126f-9269cc9dfde8] INFO  marytts.TargetFeatureLister Starting power-on self test.
2016-02-17 23:40:26,974 [Refresh Thread: Equinox Container: a04446df-fbd5-0015-126f-9269cc9dfde8] INFO  marytts.TargetFeatureLister Power-on self test complete.
2016-02-17 23:40:26,974 [Refresh Thread: Equinox Container: a04446df-fbd5-0015-126f-9269cc9dfde8] INFO  marytts.AcousticModeller Module started (ALLOPHONES->ACOUSTPARAMS, locale null).
2016-02-17 23:40:26,974 [Refresh Thread: Equinox Container: a04446df-fbd5-0015-126f-9269cc9dfde8] INFO  marytts.AcousticModeller Starting power-on self test.
2016-02-17 23:40:26,974 [Refresh Thread: Equinox Container: a04446df-fbd5-0015-126f-9269cc9dfde8] INFO  marytts.AcousticModeller Power-on self test complete.
2016-02-17 23:40:26,974 [Refresh Thread: Equinox Container: a04446df-fbd5-0015-126f-9269cc9dfde8] INFO  marytts.Realised acoustparams extractor Module started (AUDIO->REALISED_ACOUSTPARAMS, locale null).
2016-02-17 23:40:26,974 [Refresh Thread: Equinox Container: a04446df-fbd5-0015-126f-9269cc9dfde8] INFO  marytts.Realised acoustparams extractor Starting power-on self test.
2016-02-17 23:40:26,974 [Refresh Thread: Equinox Container: a04446df-fbd5-0015-126f-9269cc9dfde8] INFO  marytts.Realised acoustparams extractor Power-on self test complete.
2016-02-17 23:40:26,974 [Refresh Thread: Equinox Container: a04446df-fbd5-0015-126f-9269cc9dfde8] INFO  marytts.Realised durations extractor Module started (AUDIO->REALISED_DURATIONS, locale null).
2016-02-17 23:40:26,974 [Refresh Thread: Equinox Container: a04446df-fbd5-0015-126f-9269cc9dfde8] INFO  marytts.Realised durations extractor Starting power-on self test.
2016-02-17 23:40:26,974 [Refresh Thread: Equinox Container: a04446df-fbd5-0015-126f-9269cc9dfde8] INFO  marytts.Realised durations extractor Power-on self test complete.
2016-02-17 23:40:26,974 [Refresh Thread: Equinox Container: a04446df-fbd5-0015-126f-9269cc9dfde8] INFO  marytts.Praat TextGrid generator Module started (AUDIO->PRAAT_TEXTGRID, locale null).
2016-02-17 23:40:26,974 [Refresh Thread: Equinox Container: a04446df-fbd5-0015-126f-9269cc9dfde8] INFO  marytts.Praat TextGrid generator Starting power-on self test.
2016-02-17 23:40:26,974 [Refresh Thread: Equinox Container: a04446df-fbd5-0015-126f-9269cc9dfde8] INFO  marytts.Praat TextGrid generator Power-on self test complete.
2016-02-17 23:40:26,974 [Refresh Thread: Equinox Container: a04446df-fbd5-0015-126f-9269cc9dfde8] INFO  marytts.JTokeniser Module started (RAWMARYXML->TOKENS, locale de).
2016-02-17 23:40:26,980 [Refresh Thread: Equinox Container: a04446df-fbd5-0015-126f-9269cc9dfde8] INFO  marytts.JTokeniser Starting power-on self test.
2016-02-17 23:40:26,982 [Refresh Thread: Equinox Container: a04446df-fbd5-0015-126f-9269cc9dfde8] INFO  marytts.JTokeniser Power-on self test complete.
2016-02-17 23:40:26,982 [Refresh Thread: Equinox Container: a04446df-fbd5-0015-126f-9269cc9dfde8] INFO  marytts.Preprocess Module started (TOKENS->WORDS, locale de).
2016-02-17 23:40:26,982 [Refresh Thread: Equinox Container: a04446df-fbd5-0015-126f-9269cc9dfde8] INFO  marytts.Preprocess Starting power-on self test.
2016-02-17 23:40:26,983 [Refresh Thread: Equinox Container: a04446df-fbd5-0015-126f-9269cc9dfde8] INFO  marytts.Preprocess Expanding say-as elements...
2016-02-17 23:40:26,983 [Refresh Thread: Equinox Container: a04446df-fbd5-0015-126f-9269cc9dfde8] INFO  marytts.Preprocess Matching and expanding patterns...
2016-02-17 23:40:26,998 [Refresh Thread: Equinox Container: a04446df-fbd5-0015-126f-9269cc9dfde8] INFO  marytts.Preprocess Done.
2016-02-17 23:40:26,999 [Refresh Thread: Equinox Container: a04446df-fbd5-0015-126f-9269cc9dfde8] INFO  marytts.Preprocess Power-on self test complete.
2016-02-17 23:40:26,999 [Refresh Thread: Equinox Container: a04446df-fbd5-0015-126f-9269cc9dfde8] INFO  marytts.OpenNLPPosTagger Module started (WORDS->PARTSOFSPEECH, locale de).
2016-02-17 23:40:27,326 [Refresh Thread: Equinox Container: a04446df-fbd5-0015-126f-9269cc9dfde8] INFO  marytts.OpenNLPPosTagger Starting power-on self test.
2016-02-17 23:40:27,326 [Refresh Thread: Equinox Container: a04446df-fbd5-0015-126f-9269cc9dfde8] INFO  marytts.OpenNLPPosTagger Power-on self test complete.
2016-02-17 23:40:27,326 [Refresh Thread: Equinox Container: a04446df-fbd5-0015-126f-9269cc9dfde8] INFO  marytts.JPhonemiser_de Module started (PARTSOFSPEECH->PHONEMES, locale de).
2016-02-17 23:40:27,333 [Refresh Thread: Equinox Container: a04446df-fbd5-0015-126f-9269cc9dfde8] INFO  marytts.JPhonemiser_de Starting power-on self test.
2016-02-17 23:40:27,333 [Refresh Thread: Equinox Container: a04446df-fbd5-0015-126f-9269cc9dfde8] INFO  marytts.JPhonemiser_de Power-on self test complete.
2016-02-17 23:40:27,335 [Refresh Thread: Equinox Container: a04446df-fbd5-0015-126f-9269cc9dfde8] INFO  marytts.Prosody Module started (PHONEMES->INTONATION, locale de).
2016-02-17 23:40:27,335 [Refresh Thread: Equinox Container: a04446df-fbd5-0015-126f-9269cc9dfde8] INFO  marytts.Prosody Starting power-on self test.
2016-02-17 23:40:27,335 [Refresh Thread: Equinox Container: a04446df-fbd5-0015-126f-9269cc9dfde8] INFO  marytts.Prosody Power-on self test complete.
2016-02-17 23:40:27,335 [Refresh Thread: Equinox Container: a04446df-fbd5-0015-126f-9269cc9dfde8] INFO  marytts.PronunciationModel Module started (INTONATION->ALLOPHONES, locale de).
2016-02-17 23:40:27,336 [Refresh Thread: Equinox Container: a04446df-fbd5-0015-126f-9269cc9dfde8] INFO  marytts.PronunciationModel Starting power-on self test.
2016-02-17 23:40:27,336 [Refresh Thread: Equinox Container: a04446df-fbd5-0015-126f-9269cc9dfde8] INFO  marytts.PronunciationModel Power-on self test complete.
2016-02-17 23:40:27,336 [Refresh Thread: Equinox Container: a04446df-fbd5-0015-126f-9269cc9dfde8] INFO  marytts.SimplePhoneme2AP Module started (SIMPLEPHONEMES->ACOUSTPARAMS, locale de).
2016-02-17 23:40:27,336 [Refresh Thread: Equinox Container: a04446df-fbd5-0015-126f-9269cc9dfde8] INFO  marytts.SimplePhoneme2AP Starting power-on self test.
2016-02-17 23:40:27,337 [Refresh Thread: Equinox Container: a04446df-fbd5-0015-126f-9269cc9dfde8] INFO  marytts.SimplePhoneme2AP Power-on self test complete.
2016-02-17 23:40:27,337 [Refresh Thread: Equinox Container: a04446df-fbd5-0015-126f-9269cc9dfde8] INFO  marytts.JTokeniser Module started (RAWMARYXML->TOKENS, locale en).
2016-02-17 23:40:27,343 [Refresh Thread: Equinox Container: a04446df-fbd5-0015-126f-9269cc9dfde8] INFO  marytts.JTokeniser Starting power-on self test.
2016-02-17 23:40:27,344 [Refresh Thread: Equinox Container: a04446df-fbd5-0015-126f-9269cc9dfde8] INFO  marytts.JTokeniser Power-on self test complete.
2016-02-17 23:40:27,344 [Refresh Thread: Equinox Container: a04446df-fbd5-0015-126f-9269cc9dfde8] INFO  marytts.TokenToWords Module started (FREETTS_TOKENS->FREETTS_WORDS, locale en).
2016-02-17 23:40:27,350 [Refresh Thread: Equinox Container: a04446df-fbd5-0015-126f-9269cc9dfde8] INFO  marytts.TokenToWords Starting power-on self test.
2016-02-17 23:40:27,350 [Refresh Thread: Equinox Container: a04446df-fbd5-0015-126f-9269cc9dfde8] INFO  marytts.TokenToWords Power-on self test complete.
2016-02-17 23:40:27,350 [Refresh Thread: Equinox Container: a04446df-fbd5-0015-126f-9269cc9dfde8] INFO  marytts.JPhonemiser Module started (PARTSOFSPEECH->PHONEMES, locale en_US).
2016-02-17 23:40:27,350 [Refresh Thread: Equinox Container: a04446df-fbd5-0015-126f-9269cc9dfde8] INFO  marytts.JPhonemiser Starting power-on self test.
2016-02-17 23:40:27,350 [Refresh Thread: Equinox Container: a04446df-fbd5-0015-126f-9269cc9dfde8] INFO  marytts.JPhonemiser Power-on self test complete.
2016-02-17 23:40:27,350 [Refresh Thread: Equinox Container: a04446df-fbd5-0015-126f-9269cc9dfde8] INFO  marytts.JPhonemiser Module started (PARTSOFSPEECH->PHONEMES, locale en_GB).
2016-02-17 23:40:27,350 [Refresh Thread: Equinox Container: a04446df-fbd5-0015-126f-9269cc9dfde8] INFO  marytts.JPhonemiser Starting power-on self test.
2016-02-17 23:40:27,350 [Refresh Thread: Equinox Container: a04446df-fbd5-0015-126f-9269cc9dfde8] INFO  marytts.JPhonemiser Power-on self test complete.
2016-02-17 23:40:27,352 [Refresh Thread: Equinox Container: a04446df-fbd5-0015-126f-9269cc9dfde8] INFO  marytts.Prosody Module started (PHONEMES->INTONATION, locale en).
2016-02-17 23:40:27,352 [Refresh Thread: Equinox Container: a04446df-fbd5-0015-126f-9269cc9dfde8] INFO  marytts.Prosody Starting power-on self test.
2016-02-17 23:40:27,352 [Refresh Thread: Equinox Container: a04446df-fbd5-0015-126f-9269cc9dfde8] INFO  marytts.Prosody Power-on self test complete.
2016-02-17 23:40:27,353 [Refresh Thread: Equinox Container: a04446df-fbd5-0015-126f-9269cc9dfde8] INFO  marytts.SimplePhoneme2AP Module started (SIMPLEPHONEMES->ACOUSTPARAMS, locale en_US).
2016-02-17 23:40:27,353 [Refresh Thread: Equinox Container: a04446df-fbd5-0015-126f-9269cc9dfde8] INFO  marytts.SimplePhoneme2AP Starting power-on self test.
2016-02-17 23:40:27,354 [Refresh Thread: Equinox Container: a04446df-fbd5-0015-126f-9269cc9dfde8] INFO  marytts.SimplePhoneme2AP Power-on self test complete.
2016-02-17 23:40:27,354 [Refresh Thread: Equinox Container: a04446df-fbd5-0015-126f-9269cc9dfde8] INFO  marytts.Utt2XML WordsEn Module started (FREETTS_WORDS->WORDS, locale en).
2016-02-17 23:40:27,355 [Refresh Thread: Equinox Container: a04446df-fbd5-0015-126f-9269cc9dfde8] INFO  marytts.Utt2XML WordsEn Starting power-on self test.
2016-02-17 23:40:27,355 [Refresh Thread: Equinox Container: a04446df-fbd5-0015-126f-9269cc9dfde8] INFO  marytts.Utt2XML WordsEn Power-on self test complete.
2016-02-17 23:40:27,355 [Refresh Thread: Equinox Container: a04446df-fbd5-0015-126f-9269cc9dfde8] INFO  marytts.XML2Utt TokensEn Module started (TOKENS->FREETTS_TOKENS, locale en).
2016-02-17 23:40:27,355 [Refresh Thread: Equinox Container: a04446df-fbd5-0015-126f-9269cc9dfde8] INFO  marytts.XML2Utt TokensEn Starting power-on self test.
2016-02-17 23:40:27,355 [Refresh Thread: Equinox Container: a04446df-fbd5-0015-126f-9269cc9dfde8] INFO  marytts.XML2Utt TokensEn Power-on self test complete.
2016-02-17 23:40:27,355 [Refresh Thread: Equinox Container: a04446df-fbd5-0015-126f-9269cc9dfde8] INFO  marytts.PronunciationModel Module started (INTONATION->ALLOPHONES, locale en).
2016-02-17 23:40:27,355 [Refresh Thread: Equinox Container: a04446df-fbd5-0015-126f-9269cc9dfde8] INFO  marytts.PronunciationModel Starting power-on self test.
2016-02-17 23:40:27,355 [Refresh Thread: Equinox Container: a04446df-fbd5-0015-126f-9269cc9dfde8] INFO  marytts.PronunciationModel Power-on self test complete.
2016-02-17 23:40:27,355 [Refresh Thread: Equinox Container: a04446df-fbd5-0015-126f-9269cc9dfde8] INFO  marytts.OpenNLPPosTagger Module started (WORDS->PARTSOFSPEECH, locale en).
2016-02-17 23:40:27,802 [Refresh Thread: Equinox Container: a04446df-fbd5-0015-126f-9269cc9dfde8] INFO  marytts.OpenNLPPosTagger Starting power-on self test.
2016-02-17 23:40:27,802 [Refresh Thread: Equinox Container: a04446df-fbd5-0015-126f-9269cc9dfde8] INFO  marytts.OpenNLPPosTagger Power-on self test complete.
2016-02-17 23:40:27,803 [Refresh Thread: Equinox Container: a04446df-fbd5-0015-126f-9269cc9dfde8] INFO  marytts.main Startup complete.
