0:0:0:0:0:0:0:1 -  -  [27/Apr/2016:00:03:28 +0000] "GET /openhab.app?sitemap=demo HTTP/1.1" 200 9971 
0:0:0:0:0:0:0:1 -  -  [27/Apr/2016:00:03:28 +0000] "GET /classicui/WebApp/Design/Render.css HTTP/1.1" 200 18160 
0:0:0:0:0:0:0:1 -  -  [27/Apr/2016:00:03:28 +0000] "GET /classicui/WebApp/Design/RenderRTL.css HTTP/1.1" 200 2903 
0:0:0:0:0:0:0:1 -  -  [27/Apr/2016:00:03:28 +0000] "GET /classicui/WebApp/Design/Firefox.css HTTP/1.1" 200 3594 
0:0:0:0:0:0:0:1 -  -  [27/Apr/2016:00:03:28 +0000] "GET /classicui/WebApp/Design/openHAB.css HTTP/1.1" 200 101 
0:0:0:0:0:0:0:1 -  -  [27/Apr/2016:00:03:28 +0000] "GET /classicui/jquery.miniColors.css HTTP/1.1" 200 3525 
0:0:0:0:0:0:0:1 -  -  [27/Apr/2016:00:03:28 +0000] "GET /images/none.png HTTP/1.1" 200 132 
0:0:0:0:0:0:0:1 -  -  [27/Apr/2016:00:03:28 +0000] "GET /chart?items=Weight&period=h&random=1 HTTP/1.1" 500 4411 
0:0:0:0:0:0:0:1 -  -  [27/Apr/2016:00:03:28 +0000] "GET /classicui/WebApp/Design/Img/bg.png HTTP/1.1" 200 115 
0:0:0:0:0:0:0:1 -  -  [27/Apr/2016:00:03:28 +0000] "GET /classicui/WebApp/Design/Img/select.png HTTP/1.1" 200 135 
0:0:0:0:0:0:0:1 -  -  [27/Apr/2016:00:03:28 +0000] "GET /classicui/WebApp/Design/Img/loader-white-100x12x1.png HTTP/1.1" 200 608 
0:0:0:0:0:0:0:1 -  -  [27/Apr/2016:00:03:28 +0000] "GET /classicui/WebApp/Design/Img/loader-white-100x12x2.png HTTP/1.1" 200 621 
0:0:0:0:0:0:0:1 -  -  [27/Apr/2016:00:03:28 +0000] "GET /classicui/WebApp/Design/Img/loader-white-100x12x3.png HTTP/1.1" 200 615 
0:0:0:0:0:0:0:1 -  -  [27/Apr/2016:00:03:28 +0000] "GET /classicui/WebApp/Design/Img/loader-white-100x12x4.png HTTP/1.1" 200 615 
0:0:0:0:0:0:0:1 -  -  [27/Apr/2016:00:03:28 +0000] "GET /classicui/WebApp/Design/Img/loader-white-100x12x5.png HTTP/1.1" 200 608 
0:0:0:0:0:0:0:1 -  -  [27/Apr/2016:00:03:28 +0000] "GET /classicui/WebApp/Design/Img/loader-white-100x12x6.png HTTP/1.1" 200 601 
0:0:0:0:0:0:0:1 -  -  [27/Apr/2016:00:03:28 +0000] "GET /classicui/WebApp/Design/Img/loader-white-100x12x7.png HTTP/1.1" 200 607 
0:0:0:0:0:0:0:1 -  -  [27/Apr/2016:00:03:28 +0000] "GET /classicui/WebApp/Design/Img/loader-white-100x12x8.png HTTP/1.1" 200 616 
0:0:0:0:0:0:0:1 -  -  [27/Apr/2016:00:03:28 +0000] "GET /classicui/WebApp/Design/Img/loader-big-white-100x12x4.png HTTP/1.1" 200 1923 
0:0:0:0:0:0:0:1 -  -  [27/Apr/2016:00:03:28 +0000] "GET /classicui/WebApp/Design/Img/chevron-select.png HTTP/1.1" 200 196 
0:0:0:0:0:0:0:1 -  -  [27/Apr/2016:00:03:28 +0000] "GET /classicui/WebApp/Design/Img/loader-big-white-100x12x10.png HTTP/1.1" 200 1893 
0:0:0:0:0:0:0:1 -  -  [27/Apr/2016:00:03:28 +0000] "GET /classicui/WebApp/Design/Img/loader-gray-100x12x10.png HTTP/1.1" 200 692 
0:0:0:0:0:0:0:1 -  -  [27/Apr/2016:00:03:28 +0000] "GET /classicui/WebApp/Design/Img/button-back-touch.png HTTP/1.1" 200 932 
0:0:0:0:0:0:0:1 -  -  [27/Apr/2016:00:03:28 +0000] "GET /classicui/WebApp/Design/Img/button-simple-touch.png HTTP/1.1" 200 665 
0:0:0:0:0:0:0:1 -  -  [27/Apr/2016:00:03:28 +0000] "GET /classicui/WebApp/Design/Img/loader-big-white-100x12x12.png HTTP/1.1" 200 1873 
0:0:0:0:0:0:0:1 -  -  [27/Apr/2016:00:03:28 +0000] "GET /classicui/WebApp/Design/Img/loader-gray-100x12x5.png HTTP/1.1" 200 699 
0:0:0:0:0:0:0:1 -  -  [27/Apr/2016:00:03:28 +0000] "GET /classicui/WebApp/Design/Img/loader-gray-100x12x2.png HTTP/1.1" 200 693 
0:0:0:0:0:0:0:1 -  -  [27/Apr/2016:00:03:28 +0000] "GET /classicui/WebApp/Design/Img/loader-big-white-100x12x1.png HTTP/1.1" 200 1873 
0:0:0:0:0:0:0:1 -  -  [27/Apr/2016:00:03:28 +0000] "GET /classicui/WebApp/Design/Img/loader-gray-100x12x4.png HTTP/1.1" 200 689 
0:0:0:0:0:0:0:1 -  -  [27/Apr/2016:00:03:28 +0000] "GET /classicui/WebApp/Design/Img/loader-gray-100x12x12.png HTTP/1.1" 200 694 
0:0:0:0:0:0:0:1 -  -  [27/Apr/2016:00:03:28 +0000] "GET /classicui/WebApp/Design/Img/loader-big-white-100x12x7.png HTTP/1.1" 200 1859 
0:0:0:0:0:0:0:1 -  -  [27/Apr/2016:00:03:28 +0000] "GET /classicui/WebApp/Design/Img/loader-white-100x12x11.png HTTP/1.1" 200 606 
0:0:0:0:0:0:0:1 -  -  [27/Apr/2016:00:03:28 +0000] "GET /classicui/WebApp/Design/Img/loader-big-white-100x12x11.png HTTP/1.1" 200 1889 
0:0:0:0:0:0:0:1 -  -  [27/Apr/2016:00:03:28 +0000] "GET /classicui/WebApp/Design/Img/loader-gray-100x12x3.png HTTP/1.1" 200 700 
0:0:0:0:0:0:0:1 -  -  [27/Apr/2016:00:03:28 +0000] "GET /classicui/WebApp/Design/Img/loader-big-white-100x12x6.png HTTP/1.1" 200 1901 
0:0:0:0:0:0:0:1 -  -  [27/Apr/2016:00:03:28 +0000] "GET /classicui/WebApp/Design/Img/loader-white-100x12x12.png HTTP/1.1" 200 616 
0:0:0:0:0:0:0:1 -  -  [27/Apr/2016:00:03:28 +0000] "GET /classicui/WebApp/Design/Img/loader-gray-100x12x11.png HTTP/1.1" 200 688 
0:0:0:0:0:0:0:1 -  -  [27/Apr/2016:00:03:28 +0000] "GET /classicui/WebApp/Design/Img/loader-gray-100x12x9.png HTTP/1.1" 200 692 
0:0:0:0:0:0:0:1 -  -  [27/Apr/2016:00:03:28 +0000] "GET /classicui/WebApp/Design/Img/loader-gray-100x12x6.png HTTP/1.1" 200 689 
0:0:0:0:0:0:0:1 -  -  [27/Apr/2016:00:03:28 +0000] "GET /classicui/WebApp/Design/Img/loader-big-white-100x12x2.png HTTP/1.1" 200 1870 
0:0:0:0:0:0:0:1 -  -  [27/Apr/2016:00:03:28 +0000] "GET /classicui/WebApp/Design/Img/loader-gray-100x12x8.png HTTP/1.1" 200 688 
0:0:0:0:0:0:0:1 -  -  [27/Apr/2016:00:03:28 +0000] "GET /classicui/WebApp/Design/Img/loader-gray-100x12x1.png HTTP/1.1" 200 701 
0:0:0:0:0:0:0:1 -  -  [27/Apr/2016:00:03:28 +0000] "GET /classicui/WebApp/Design/Img/loader-big-white-100x12x8.png HTTP/1.1" 200 1897 
0:0:0:0:0:0:0:1 -  -  [27/Apr/2016:00:03:28 +0000] "GET /classicui/WebApp/Design/Img/loader-big-white-100x12x9.png HTTP/1.1" 200 1876 
0:0:0:0:0:0:0:1 -  -  [27/Apr/2016:00:03:28 +0000] "GET /classicui/WebApp/Design/Img/loader-gray-100x12x7.png HTTP/1.1" 200 689 
0:0:0:0:0:0:0:1 -  -  [27/Apr/2016:00:03:28 +0000] "GET /classicui/WebApp/Design/Img/loader-white-100x12x9.png HTTP/1.1" 200 604 
0:0:0:0:0:0:0:1 -  -  [27/Apr/2016:00:03:28 +0000] "GET /classicui/WebApp/Design/Img/loader-big-white-100x12x5.png HTTP/1.1" 200 1914 
0:0:0:0:0:0:0:1 -  -  [27/Apr/2016:00:03:28 +0000] "GET /classicui/WebApp/Design/Img/loader-white-100x12x10.png HTTP/1.1" 200 608 
0:0:0:0:0:0:0:1 -  -  [27/Apr/2016:00:03:28 +0000] "GET /classicui/WebApp/Design/Img/check-sel.png HTTP/1.1" 200 290 
0:0:0:0:0:0:0:1 -  -  [27/Apr/2016:00:03:28 +0000] "GET /classicui/WebApp/Design/Img/loader-big-white-100x12x3.png HTTP/1.1" 200 1849 
0:0:0:0:0:0:0:1 -  -  [27/Apr/2016:00:03:28 +0000] "GET /classicui/WebApp/Design/Img/bg-head.png HTTP/1.1" 200 152 
0:0:0:0:0:0:0:1 -  -  [27/Apr/2016:00:03:28 +0000] "GET /classicui/WebApp/Design/Img/button-back.png HTTP/1.1" 200 940 
0:0:0:0:0:0:0:1 -  -  [27/Apr/2016:00:03:28 +0000] "GET /classicui/WebApp/Design/Img/button-simple.png HTTP/1.1" 200 670 
0:0:0:0:0:0:0:1 -  -  [27/Apr/2016:00:03:28 +0000] "GET /classicui/jquery.minicolors.png HTTP/1.1" 200 50867 
0:0:0:0:0:0:0:1 -  -  [27/Apr/2016:00:03:30 +0000] "GET /openhab.app?sitemap=demo&poll=true&__async=true&__source=waHome HTTP/1.1" 200 848 
0:0:0:0:0:0:0:1 -  -  [27/Apr/2016:00:03:31 +0000] "GET /chart?items=Weight&period=h&random=1 HTTP/1.1" 500 4411 
0:0:0:0:0:0:0:1 -  -  [27/Apr/2016:00:03:31 +0000] "GET /openhab.app?sitemap=demo&poll=true&__async=true&__source=waHome HTTP/1.1" 200 848 
0:0:0:0:0:0:0:1 -  -  [27/Apr/2016:00:03:33 +0000] "GET /chart?items=Weight&period=h&random=1 HTTP/1.1" 500 4411 
0:0:0:0:0:0:0:1 -  -  [27/Apr/2016:00:03:33 +0000] "GET /openhab.app?sitemap=demo&poll=true&__async=true&__source=waHome HTTP/1.1" 200 848 
0:0:0:0:0:0:0:1 -  -  [27/Apr/2016:00:03:35 +0000] "GET /chart?items=Weight&period=h&random=1 HTTP/1.1" 500 1439 
0:0:0:0:0:0:0:1 -  -  [27/Apr/2016:00:03:35 +0000] "GET /openhab.app?sitemap=demo&poll=true&__async=true&__source=waHome HTTP/1.1" 200 848 
0:0:0:0:0:0:0:1 -  -  [27/Apr/2016:00:03:37 +0000] "GET /chart?items=Weight&period=h&random=1 HTTP/1.1" 500 1439 
0:0:0:0:0:0:0:1 -  -  [27/Apr/2016:00:03:37 +0000] "GET /openhab.app?sitemap=demo&poll=true&__async=true&__source=waHome HTTP/1.1" 200 848 
0:0:0:0:0:0:0:1 -  -  [27/Apr/2016:00:03:39 +0000] "GET /chart?items=Weight&period=h&random=1 HTTP/1.1" 500 1439 
0:0:0:0:0:0:0:1 -  -  [27/Apr/2016:00:03:39 +0000] "GET /openhab.app?sitemap=demo&poll=true&__async=true&__source=waHome HTTP/1.1" 200 848 
0:0:0:0:0:0:0:1 -  -  [27/Apr/2016:00:03:41 +0000] "GET /chart?items=Weight&period=h&random=1 HTTP/1.1" 500 1439 
0:0:0:0:0:0:0:1 -  -  [27/Apr/2016:00:03:41 +0000] "GET /openhab.app?sitemap=demo&poll=true&__async=true&__source=waHome HTTP/1.1" 200 848 
0:0:0:0:0:0:0:1 -  -  [27/Apr/2016:00:03:43 +0000] "GET /chart?items=Weight&period=h&random=1 HTTP/1.1" 500 1439 
0:0:0:0:0:0:0:1 -  -  [27/Apr/2016:00:03:43 +0000] "GET /openhab.app?sitemap=demo&poll=true&__async=true&__source=waHome HTTP/1.1" 200 848 
0:0:0:0:0:0:0:1 -  -  [27/Apr/2016:00:03:45 +0000] "GET /chart?items=Weight&period=h&random=1 HTTP/1.1" 500 1439 
0:0:0:0:0:0:0:1 -  -  [27/Apr/2016:00:03:45 +0000] "GET /openhab.app?sitemap=demo&poll=true&__async=true&__source=waHome HTTP/1.1" 200 848 
0:0:0:0:0:0:0:1 -  -  [27/Apr/2016:00:03:47 +0000] "GET /chart?items=Weight&period=h&random=1 HTTP/1.1" 500 1439 
0:0:0:0:0:0:0:1 -  -  [27/Apr/2016:00:03:47 +0000] "GET /openhab.app?sitemap=demo&poll=true&__async=true&__source=waHome HTTP/1.1" 200 848 
0:0:0:0:0:0:0:1 -  -  [27/Apr/2016:00:03:49 +0000] "GET /chart?items=Weight&period=h&random=1 HTTP/1.1" 500 1439 
0:0:0:0:0:0:0:1 -  -  [27/Apr/2016:00:03:49 +0000] "GET /openhab.app?sitemap=demo&poll=true&__async=true&__source=waHome HTTP/1.1" 200 848 
0:0:0:0:0:0:0:1 -  -  [27/Apr/2016:00:03:51 +0000] "GET /chart?items=Weight&period=h&random=1 HTTP/1.1" 500 1439 
0:0:0:0:0:0:0:1 -  -  [27/Apr/2016:00:03:51 +0000] "GET /openhab.app?sitemap=demo&poll=true&__async=true&__source=waHome HTTP/1.1" 200 848 
0:0:0:0:0:0:0:1 -  -  [27/Apr/2016:00:03:53 +0000] "GET /chart?items=Weight&period=h&random=1 HTTP/1.1" 500 1439 
0:0:0:0:0:0:0:1 -  -  [27/Apr/2016:00:03:53 +0000] "GET /openhab.app?sitemap=demo&poll=true&__async=true&__source=waHome HTTP/1.1" 200 848 
0:0:0:0:0:0:0:1 -  -  [27/Apr/2016:00:03:55 +0000] "GET /chart?items=Weight&period=h&random=1 HTTP/1.1" 500 1439 
0:0:0:0:0:0:0:1 -  -  [27/Apr/2016:00:03:55 +0000] "GET /openhab.app?sitemap=demo&poll=true&__async=true&__source=waHome HTTP/1.1" 200 848 
0:0:0:0:0:0:0:1 -  -  [27/Apr/2016:00:03:57 +0000] "GET /chart?items=Weight&period=h&random=1 HTTP/1.1" 500 1439 
0:0:0:0:0:0:0:1 -  -  [27/Apr/2016:00:03:57 +0000] "GET /openhab.app?sitemap=demo&poll=true&__async=true&__source=waHome HTTP/1.1" 200 848 
0:0:0:0:0:0:0:1 -  -  [27/Apr/2016:00:03:59 +0000] "GET /chart?items=Weight&period=h&random=1 HTTP/1.1" 500 1439 
0:0:0:0:0:0:0:1 -  -  [27/Apr/2016:00:03:59 +0000] "GET /openhab.app?sitemap=demo&poll=true&__async=true&__source=waHome HTTP/1.1" 200 848 
0:0:0:0:0:0:0:1 -  -  [27/Apr/2016:00:04:01 +0000] "GET /chart?items=Weight&period=h&random=1 HTTP/1.1" 500 1439 
0:0:0:0:0:0:0:1 -  -  [27/Apr/2016:00:04:01 +0000] "GET /openhab.app?sitemap=demo&poll=true&__async=true&__source=waHome HTTP/1.1" 200 848 
0:0:0:0:0:0:0:1 -  -  [27/Apr/2016:00:04:03 +0000] "GET /chart?items=Weight&period=h&random=1 HTTP/1.1" 500 1439 
0:0:0:0:0:0:0:1 -  -  [27/Apr/2016:00:04:03 +0000] "GET /openhab.app?sitemap=demo&poll=true&__async=true&__source=waHome HTTP/1.1" 200 848 
0:0:0:0:0:0:0:1 -  -  [27/Apr/2016:00:04:05 +0000] "GET /chart?items=Weight&period=h&random=1 HTTP/1.1" 500 1439 
0:0:0:0:0:0:0:1 -  -  [27/Apr/2016:00:04:05 +0000] "GET /openhab.app?sitemap=demo&poll=true&__async=true&__source=waHome HTTP/1.1" 200 848 
0:0:0:0:0:0:0:1 -  -  [27/Apr/2016:00:04:07 +0000] "GET /chart?items=Weight&period=h&random=1 HTTP/1.1" 500 1439 
0:0:0:0:0:0:0:1 -  -  [27/Apr/2016:00:04:07 +0000] "GET /openhab.app?sitemap=demo&poll=true&__async=true&__source=waHome HTTP/1.1" 200 848 
0:0:0:0:0:0:0:1 -  -  [27/Apr/2016:00:04:09 +0000] "GET /chart?items=Weight&period=h&random=1 HTTP/1.1" 500 1439 
0:0:0:0:0:0:0:1 -  -  [27/Apr/2016:00:04:09 +0000] "GET /openhab.app?sitemap=demo&poll=true&__async=true&__source=waHome HTTP/1.1" 200 848 
0:0:0:0:0:0:0:1 -  -  [27/Apr/2016:00:04:11 +0000] "GET /chart?items=Weight&period=h&random=1 HTTP/1.1" 500 1439 
0:0:0:0:0:0:0:1 -  -  [27/Apr/2016:00:04:11 +0000] "GET /openhab.app?sitemap=demo&poll=true&__async=true&__source=waHome HTTP/1.1" 200 848 
0:0:0:0:0:0:0:1 -  -  [27/Apr/2016:00:04:13 +0000] "GET /chart?items=Weight&period=h&random=1 HTTP/1.1" 500 1439 
0:0:0:0:0:0:0:1 -  -  [27/Apr/2016:00:04:13 +0000] "GET /openhab.app?sitemap=demo&poll=true&__async=true&__source=waHome HTTP/1.1" 200 848 
0:0:0:0:0:0:0:1 -  -  [27/Apr/2016:00:04:15 +0000] "GET /chart?items=Weight&period=h&random=1 HTTP/1.1" 500 1439 
0:0:0:0:0:0:0:1 -  -  [27/Apr/2016:00:04:15 +0000] "GET /openhab.app?sitemap=demo&poll=true&__async=true&__source=waHome HTTP/1.1" 200 848 
0:0:0:0:0:0:0:1 -  -  [27/Apr/2016:00:04:17 +0000] "GET /chart?items=Weight&period=h&random=1 HTTP/1.1" 500 1439 
0:0:0:0:0:0:0:1 -  -  [27/Apr/2016:00:04:17 +0000] "GET /openhab.app?sitemap=demo&poll=true&__async=true&__source=waHome HTTP/1.1" 200 848 
0:0:0:0:0:0:0:1 -  -  [27/Apr/2016:00:04:19 +0000] "GET /chart?items=Weight&period=h&random=1 HTTP/1.1" 500 1439 
0:0:0:0:0:0:0:1 -  -  [27/Apr/2016:00:04:19 +0000] "GET /openhab.app?sitemap=demo&poll=true&__async=true&__source=waHome HTTP/1.1" 200 848 
0:0:0:0:0:0:0:1 -  -  [27/Apr/2016:00:04:21 +0000] "GET /chart?items=Weight&period=h&random=1 HTTP/1.1" 500 1439 
0:0:0:0:0:0:0:1 -  -  [27/Apr/2016:00:04:21 +0000] "GET /openhab.app?sitemap=demo&poll=true&__async=true&__source=waHome HTTP/1.1" 200 848 
0:0:0:0:0:0:0:1 -  -  [27/Apr/2016:00:04:23 +0000] "GET /chart?items=Weight&period=h&random=1 HTTP/1.1" 500 1439 
0:0:0:0:0:0:0:1 -  -  [27/Apr/2016:00:04:23 +0000] "GET /openhab.app?sitemap=demo&poll=true&__async=true&__source=waHome HTTP/1.1" 200 848 
0:0:0:0:0:0:0:1 -  -  [27/Apr/2016:00:04:25 +0000] "GET /chart?items=Weight&period=h&random=1 HTTP/1.1" 500 1439 
0:0:0:0:0:0:0:1 -  -  [27/Apr/2016:00:04:26 +0000] "GET /openhab.app?sitemap=demo HTTP/1.1" 200 9971 
0:0:0:0:0:0:0:1 -  -  [27/Apr/2016:00:04:26 +0000] "GET /classicui/WebApp/Design/Render.css HTTP/1.1" 304 0 
0:0:0:0:0:0:0:1 -  -  [27/Apr/2016:00:04:26 +0000] "GET /classicui/WebApp/Design/Firefox.css HTTP/1.1" 304 0 
0:0:0:0:0:0:0:1 -  -  [27/Apr/2016:00:04:26 +0000] "GET /classicui/WebApp/Design/RenderRTL.css HTTP/1.1" 304 0 
0:0:0:0:0:0:0:1 -  -  [27/Apr/2016:00:04:26 +0000] "GET /classicui/WebApp/Design/openHAB.css HTTP/1.1" 304 0 
0:0:0:0:0:0:0:1 -  -  [27/Apr/2016:00:04:26 +0000] "GET /classicui/jquery.min.js HTTP/1.1" 304 0 
0:0:0:0:0:0:0:1 -  -  [27/Apr/2016:00:04:26 +0000] "GET /classicui/jquery.miniColors.css HTTP/1.1" 304 0 
0:0:0:0:0:0:0:1 -  -  [27/Apr/2016:00:04:26 +0000] "GET /classicui/jquery.miniColors.js HTTP/1.1" 304 0 
0:0:0:0:0:0:0:1 -  -  [27/Apr/2016:00:04:26 +0000] "GET /classicui/WebApp/Action/Logic.min.js HTTP/1.1" 304 0 
0:0:0:0:0:0:0:1 -  -  [27/Apr/2016:00:04:26 +0000] "GET /images/none.png HTTP/1.1" 304 0 
0:0:0:0:0:0:0:1 -  -  [27/Apr/2016:00:04:26 +0000] "GET /chart?items=Weight&period=h&random=1 HTTP/1.1" 500 1439 
0:0:0:0:0:0:0:1 -  -  [27/Apr/2016:00:04:26 +0000] "GET /images/favicon.ico HTTP/1.1" 200 1150 
0:0:0:0:0:0:0:1 -  -  [27/Apr/2016:00:04:25 +0000] "GET /openhab.app?sitemap=demo&poll=true&__async=true&__source=waHome HTTP/1.1" 200 848 
0:0:0:0:0:0:0:1 -  -  [27/Apr/2016:00:04:28 +0000] "GET /openhab.app?sitemap=demo&poll=true&__async=true&__source=waHome HTTP/1.1" 200 848 
0:0:0:0:0:0:0:1 -  -  [27/Apr/2016:00:04:29 +0000] "GET /chart?items=Weight&period=h&random=1 HTTP/1.1" 500 1439 
0:0:0:0:0:0:0:1 -  -  [27/Apr/2016:00:04:29 +0000] "GET /openhab.app?sitemap=demo&poll=true&__async=true&__source=waHome HTTP/1.1" 200 848 
0:0:0:0:0:0:0:1 -  -  [27/Apr/2016:00:04:31 +0000] "GET /chart?items=Weight&period=h&random=1 HTTP/1.1" 500 1439 
0:0:0:0:0:0:0:1 -  -  [27/Apr/2016:00:04:31 +0000] "GET /openhab.app?sitemap=demo&poll=true&__async=true&__source=waHome HTTP/1.1" 200 848 
0:0:0:0:0:0:0:1 -  -  [27/Apr/2016:00:04:33 +0000] "GET /chart?items=Weight&period=h&random=1 HTTP/1.1" 500 1439 
0:0:0:0:0:0:0:1 -  -  [27/Apr/2016:00:04:33 +0000] "GET /openhab.app?sitemap=demo&poll=true&__async=true&__source=waHome HTTP/1.1" 200 848 
0:0:0:0:0:0:0:1 -  -  [27/Apr/2016:00:04:35 +0000] "GET /chart?items=Weight&period=h&random=1 HTTP/1.1" 500 1439 
0:0:0:0:0:0:0:1 -  -  [27/Apr/2016:00:04:35 +0000] "GET /openhab.app?sitemap=demo&poll=true&__async=true&__source=waHome HTTP/1.1" 200 848 
0:0:0:0:0:0:0:1 -  -  [27/Apr/2016:00:04:37 +0000] "GET /chart?items=Weight&period=h&random=1 HTTP/1.1" 500 1439 
0:0:0:0:0:0:0:1 -  -  [27/Apr/2016:00:04:37 +0000] "GET /openhab.app?sitemap=demo&poll=true&__async=true&__source=waHome HTTP/1.1" 200 848 
0:0:0:0:0:0:0:1 -  -  [27/Apr/2016:00:04:39 +0000] "GET /chart?items=Weight&period=h&random=1 HTTP/1.1" 500 1439 
0:0:0:0:0:0:0:1 -  -  [27/Apr/2016:00:04:39 +0000] "GET /openhab.app?sitemap=demo&poll=true&__async=true&__source=waHome HTTP/1.1" 200 848 
0:0:0:0:0:0:0:1 -  -  [27/Apr/2016:00:04:41 +0000] "GET /chart?items=Weight&period=h&random=1 HTTP/1.1" 500 1439 
0:0:0:0:0:0:0:1 -  -  [27/Apr/2016:00:04:41 +0000] "GET /openhab.app?sitemap=demo&poll=true&__async=true&__source=waHome HTTP/1.1" 200 848 
0:0:0:0:0:0:0:1 -  -  [27/Apr/2016:00:04:43 +0000] "GET /chart?items=Weight&period=h&random=1 HTTP/1.1" 500 1439 
0:0:0:0:0:0:0:1 -  -  [27/Apr/2016:00:04:43 +0000] "GET /openhab.app?sitemap=demo&poll=true&__async=true&__source=waHome HTTP/1.1" 200 848 
0:0:0:0:0:0:0:1 -  -  [27/Apr/2016:00:04:45 +0000] "GET /chart?items=Weight&period=h&random=1 HTTP/1.1" 500 1439 
0:0:0:0:0:0:0:1 -  -  [27/Apr/2016:00:04:45 +0000] "GET /openhab.app?sitemap=demo&poll=true&__async=true&__source=waHome HTTP/1.1" 200 848 
0:0:0:0:0:0:0:1 -  -  [27/Apr/2016:00:04:47 +0000] "GET /chart?items=Weight&period=h&random=1 HTTP/1.1" 500 1439 
0:0:0:0:0:0:0:1 -  -  [27/Apr/2016:00:04:47 +0000] "GET /openhab.app?sitemap=demo&poll=true&__async=true&__source=waHome HTTP/1.1" 200 848 
0:0:0:0:0:0:0:1 -  -  [27/Apr/2016:00:04:49 +0000] "GET /chart?items=Weight&period=h&random=1 HTTP/1.1" 500 1439 
0:0:0:0:0:0:0:1 -  -  [27/Apr/2016:00:04:49 +0000] "GET /openhab.app?sitemap=demo&poll=true&__async=true&__source=waHome HTTP/1.1" 200 848 
0:0:0:0:0:0:0:1 -  -  [27/Apr/2016:00:04:51 +0000] "GET /chart?items=Weight&period=h&random=1 HTTP/1.1" 500 1439 
0:0:0:0:0:0:0:1 -  -  [27/Apr/2016:00:04:51 +0000] "GET /openhab.app?sitemap=demo&poll=true&__async=true&__source=waHome HTTP/1.1" 200 848 
0:0:0:0:0:0:0:1 -  -  [27/Apr/2016:00:04:53 +0000] "GET /chart?items=Weight&period=h&random=1 HTTP/1.1" 500 1439 
0:0:0:0:0:0:0:1 -  -  [27/Apr/2016:00:04:53 +0000] "GET /openhab.app?sitemap=demo&poll=true&__async=true&__source=waHome HTTP/1.1" 200 848 
0:0:0:0:0:0:0:1 -  -  [27/Apr/2016:00:04:55 +0000] "GET /chart?items=Weight&period=h&random=1 HTTP/1.1" 500 1439 
0:0:0:0:0:0:0:1 -  -  [27/Apr/2016:00:04:55 +0000] "GET /openhab.app?sitemap=demo&poll=true&__async=true&__source=waHome HTTP/1.1" 200 848 
0:0:0:0:0:0:0:1 -  -  [27/Apr/2016:00:04:57 +0000] "GET /chart?items=Weight&period=h&random=1 HTTP/1.1" 500 1439 
0:0:0:0:0:0:0:1 -  -  [27/Apr/2016:00:04:57 +0000] "GET /openhab.app?sitemap=demo&poll=true&__async=true&__source=waHome HTTP/1.1" 200 848 
0:0:0:0:0:0:0:1 -  -  [27/Apr/2016:00:04:59 +0000] "GET /chart?items=Weight&period=h&random=1 HTTP/1.1" 500 1439 
0:0:0:0:0:0:0:1 -  -  [27/Apr/2016:00:04:59 +0000] "GET /openhab.app?sitemap=demo&poll=true&__async=true&__source=waHome HTTP/1.1" 200 848 
0:0:0:0:0:0:0:1 -  -  [27/Apr/2016:00:05:01 +0000] "GET /chart?items=Weight&period=h&random=1 HTTP/1.1" 500 1439 
0:0:0:0:0:0:0:1 -  -  [27/Apr/2016:00:05:01 +0000] "GET /openhab.app?sitemap=demo&poll=true&__async=true&__source=waHome HTTP/1.1" 200 848 
0:0:0:0:0:0:0:1 -  -  [27/Apr/2016:00:05:03 +0000] "GET /chart?items=Weight&period=h&random=1 HTTP/1.1" 500 1439 
0:0:0:0:0:0:0:1 -  -  [27/Apr/2016:00:05:04 +0000] "GET /chart?items=Weight&period=h&service=mysql HTTP/1.1" 200 0 
0:0:0:0:0:0:0:1 -  -  [27/Apr/2016:00:05:04 +0000] "GET /favicon.ico HTTP/1.1" 404 1410 
0:0:0:0:0:0:0:1 -  -  [27/Apr/2016:00:05:03 +0000] "GET /openhab.app?sitemap=demo&poll=true&__async=true&__source=waHome HTTP/1.1" 200 848 
0:0:0:0:0:0:0:1 -  -  [27/Apr/2016:00:05:05 +0000] "GET /chart?items=Weight&period=h&random=1 HTTP/1.1" 500 1439 
0:0:0:0:0:0:0:1 -  -  [27/Apr/2016:00:05:05 +0000] "GET /openhab.app?sitemap=demo&poll=true&__async=true&__source=waHome HTTP/1.1" 200 848 
0:0:0:0:0:0:0:1 -  -  [27/Apr/2016:00:05:07 +0000] "GET /chart?items=Weight&period=h&random=1 HTTP/1.1" 500 1439 
0:0:0:0:0:0:0:1 -  -  [27/Apr/2016:00:05:07 +0000] "GET /openhab.app?sitemap=demo&poll=true&__async=true&__source=waHome HTTP/1.1" 200 848 
0:0:0:0:0:0:0:1 -  -  [27/Apr/2016:00:05:09 +0000] "GET /chart?items=Weight&period=h&random=1 HTTP/1.1" 500 1439 
0:0:0:0:0:0:0:1 -  -  [27/Apr/2016:00:05:10 +0000] "GET /chart?items=Weight&period=h&service=mysql HTTP/1.1" 200 0 
0:0:0:0:0:0:0:1 -  -  [27/Apr/2016:00:05:09 +0000] "GET /openhab.app?sitemap=demo&poll=true&__async=true&__source=waHome HTTP/1.1" 200 848 
0:0:0:0:0:0:0:1 -  -  [27/Apr/2016:00:05:11 +0000] "GET /chart?items=Weight&period=h&random=1 HTTP/1.1" 500 1439 
0:0:0:0:0:0:0:1 -  -  [27/Apr/2016:00:05:11 +0000] "GET /openhab.app?sitemap=demo&poll=true&__async=true&__source=waHome HTTP/1.1" 200 848 
0:0:0:0:0:0:0:1 -  -  [27/Apr/2016:00:05:13 +0000] "GET /chart?items=Weight&period=h&random=1 HTTP/1.1" 500 1439 
0:0:0:0:0:0:0:1 -  -  [27/Apr/2016:00:05:13 +0000] "GET /openhab.app?sitemap=demo&poll=true&__async=true&__source=waHome HTTP/1.1" 200 848 
0:0:0:0:0:0:0:1 -  -  [27/Apr/2016:00:05:15 +0000] "GET /chart?items=Weight&period=h&random=1 HTTP/1.1" 500 1439 
0:0:0:0:0:0:0:1 -  -  [27/Apr/2016:00:05:15 +0000] "GET /openhab.app?sitemap=demo&poll=true&__async=true&__source=waHome HTTP/1.1" 200 848 
0:0:0:0:0:0:0:1 -  -  [27/Apr/2016:00:05:17 +0000] "GET /chart?items=Weight&period=h&random=1 HTTP/1.1" 500 1439 
0:0:0:0:0:0:0:1 -  -  [27/Apr/2016:00:05:17 +0000] "GET /openhab.app?sitemap=demo&poll=true&__async=true&__source=waHome HTTP/1.1" 200 848 
0:0:0:0:0:0:0:1 -  -  [27/Apr/2016:00:05:19 +0000] "GET /chart?items=Weight&period=h&random=1 HTTP/1.1" 500 1439 
0:0:0:0:0:0:0:1 -  -  [27/Apr/2016:00:05:19 +0000] "GET /openhab.app?sitemap=demo&poll=true&__async=true&__source=waHome HTTP/1.1" 200 848 
0:0:0:0:0:0:0:1 -  -  [27/Apr/2016:00:05:21 +0000] "GET /chart?items=Weight&period=h&random=1 HTTP/1.1" 500 1439 
0:0:0:0:0:0:0:1 -  -  [27/Apr/2016:00:05:21 +0000] "GET /openhab.app?sitemap=demo&poll=true&__async=true&__source=waHome HTTP/1.1" 200 848 
0:0:0:0:0:0:0:1 -  -  [27/Apr/2016:00:05:23 +0000] "GET /chart?items=Weight&period=h&random=1 HTTP/1.1" 500 1439 
0:0:0:0:0:0:0:1 -  -  [27/Apr/2016:00:05:23 +0000] "GET /openhab.app?sitemap=demo&poll=true&__async=true&__source=waHome HTTP/1.1" 200 848 
0:0:0:0:0:0:0:1 -  -  [27/Apr/2016:00:05:25 +0000] "GET /chart?items=Weight&period=h&random=1 HTTP/1.1" 500 1439 
0:0:0:0:0:0:0:1 -  -  [27/Apr/2016:00:05:25 +0000] "GET /openhab.app?sitemap=demo&poll=true&__async=true&__source=waHome HTTP/1.1" 200 848 
0:0:0:0:0:0:0:1 -  -  [27/Apr/2016:00:05:27 +0000] "GET /chart?items=Weight&period=h&random=1 HTTP/1.1" 500 1439 
0:0:0:0:0:0:0:1 -  -  [27/Apr/2016:00:05:27 +0000] "GET /openhab.app?sitemap=demo&poll=true&__async=true&__source=waHome HTTP/1.1" 200 848 
0:0:0:0:0:0:0:1 -  -  [27/Apr/2016:00:05:29 +0000] "GET /chart?items=Weight&period=h&random=1 HTTP/1.1" 500 1439 
0:0:0:0:0:0:0:1 -  -  [27/Apr/2016:00:05:29 +0000] "GET /openhab.app?sitemap=demo&poll=true&__async=true&__source=waHome HTTP/1.1" 200 848 
0:0:0:0:0:0:0:1 -  -  [27/Apr/2016:00:05:31 +0000] "GET /chart?items=Weight&period=h&random=1 HTTP/1.1" 500 1439 
0:0:0:0:0:0:0:1 -  -  [27/Apr/2016:00:05:31 +0000] "GET /openhab.app?sitemap=demo&poll=true&__async=true&__source=waHome HTTP/1.1" 200 848 
0:0:0:0:0:0:0:1 -  -  [27/Apr/2016:00:05:33 +0000] "GET /chart?items=Weight&period=h&random=1 HTTP/1.1" 500 1439 
0:0:0:0:0:0:0:1 -  -  [27/Apr/2016:00:05:33 +0000] "GET /openhab.app?sitemap=demo&poll=true&__async=true&__source=waHome HTTP/1.1" 200 848 
0:0:0:0:0:0:0:1 -  -  [27/Apr/2016:00:05:35 +0000] "GET /chart?items=Weight&period=h&random=1 HTTP/1.1" 500 1439 
0:0:0:0:0:0:0:1 -  -  [27/Apr/2016:00:05:35 +0000] "GET /openhab.app?sitemap=demo&poll=true&__async=true&__source=waHome HTTP/1.1" 200 848 
0:0:0:0:0:0:0:1 -  -  [27/Apr/2016:00:05:37 +0000] "GET /chart?items=Weight&period=h&random=1 HTTP/1.1" 500 1439 
0:0:0:0:0:0:0:1 -  -  [27/Apr/2016:00:05:37 +0000] "GET /openhab.app?sitemap=demo&poll=true&__async=true&__source=waHome HTTP/1.1" 200 848 
0:0:0:0:0:0:0:1 -  -  [27/Apr/2016:00:05:39 +0000] "GET /chart?items=Weight&period=h&random=1 HTTP/1.1" 500 1439 
0:0:0:0:0:0:0:1 -  -  [27/Apr/2016:00:05:39 +0000] "GET /openhab.app?sitemap=demo&poll=true&__async=true&__source=waHome HTTP/1.1" 200 848 
0:0:0:0:0:0:0:1 -  -  [27/Apr/2016:00:05:41 +0000] "GET /chart?items=Weight&period=h&random=1 HTTP/1.1" 500 1439 
0:0:0:0:0:0:0:1 -  -  [27/Apr/2016:00:05:41 +0000] "GET /openhab.app?sitemap=demo&poll=true&__async=true&__source=waHome HTTP/1.1" 200 848 
0:0:0:0:0:0:0:1 -  -  [27/Apr/2016:00:05:43 +0000] "GET /chart?items=Weight&period=h&random=1 HTTP/1.1" 500 1439 
0:0:0:0:0:0:0:1 -  -  [27/Apr/2016:00:05:43 +0000] "GET /openhab.app?sitemap=demo&poll=true&__async=true&__source=waHome HTTP/1.1" 200 848 
0:0:0:0:0:0:0:1 -  -  [27/Apr/2016:00:05:45 +0000] "GET /chart?items=Weight&period=h&random=1 HTTP/1.1" 500 1439 
0:0:0:0:0:0:0:1 -  -  [27/Apr/2016:00:05:45 +0000] "GET /openhab.app?sitemap=demo&poll=true&__async=true&__source=waHome HTTP/1.1" 200 848 
0:0:0:0:0:0:0:1 -  -  [27/Apr/2016:00:05:47 +0000] "GET /chart?items=Weight&period=h&random=1 HTTP/1.1" 500 1439 
0:0:0:0:0:0:0:1 -  -  [27/Apr/2016:00:05:47 +0000] "GET /openhab.app?sitemap=demo&poll=true&__async=true&__source=waHome HTTP/1.1" 200 848 
0:0:0:0:0:0:0:1 -  -  [27/Apr/2016:00:05:49 +0000] "GET /chart?items=Weight&period=h&random=1 HTTP/1.1" 500 1439 
0:0:0:0:0:0:0:1 -  -  [27/Apr/2016:00:05:49 +0000] "GET /openhab.app?sitemap=demo&poll=true&__async=true&__source=waHome HTTP/1.1" 200 848 
0:0:0:0:0:0:0:1 -  -  [27/Apr/2016:00:05:51 +0000] "GET /chart?items=Weight&period=h&random=1 HTTP/1.1" 500 1439 
0:0:0:0:0:0:0:1 -  -  [27/Apr/2016:00:05:51 +0000] "GET /openhab.app?sitemap=demo&poll=true&__async=true&__source=waHome HTTP/1.1" 200 848 
0:0:0:0:0:0:0:1 -  -  [27/Apr/2016:00:05:53 +0000] "GET /chart?items=Weight&period=h&random=1 HTTP/1.1" 500 1439 
0:0:0:0:0:0:0:1 -  -  [27/Apr/2016:00:05:53 +0000] "GET /openhab.app?sitemap=demo&poll=true&__async=true&__source=waHome HTTP/1.1" 200 848 
0:0:0:0:0:0:0:1 -  -  [27/Apr/2016:00:05:55 +0000] "GET /chart?items=Weight&period=h&random=1 HTTP/1.1" 500 1439 
0:0:0:0:0:0:0:1 -  -  [27/Apr/2016:00:05:55 +0000] "GET /openhab.app?sitemap=demo&poll=true&__async=true&__source=waHome HTTP/1.1" 200 848 
0:0:0:0:0:0:0:1 -  -  [27/Apr/2016:00:05:57 +0000] "GET /chart?items=Weight&period=h&random=1 HTTP/1.1" 500 1439 
0:0:0:0:0:0:0:1 -  -  [27/Apr/2016:00:05:57 +0000] "GET /openhab.app?sitemap=demo&poll=true&__async=true&__source=waHome HTTP/1.1" 200 848 
0:0:0:0:0:0:0:1 -  -  [27/Apr/2016:00:05:59 +0000] "GET /chart?items=Weight&period=h&random=1 HTTP/1.1" 500 1439 
0:0:0:0:0:0:0:1 -  -  [27/Apr/2016:00:05:59 +0000] "GET /openhab.app?sitemap=demo&poll=true&__async=true&__source=waHome HTTP/1.1" 200 848 
0:0:0:0:0:0:0:1 -  -  [27/Apr/2016:00:06:01 +0000] "GET /chart?items=Weight&period=h&random=1 HTTP/1.1" 500 1439 
0:0:0:0:0:0:0:1 -  -  [27/Apr/2016:00:06:01 +0000] "GET /openhab.app?sitemap=demo&poll=true&__async=true&__source=waHome HTTP/1.1" 200 848 
0:0:0:0:0:0:0:1 -  -  [27/Apr/2016:00:06:03 +0000] "GET /chart?items=Weight&period=h&random=1 HTTP/1.1" 500 1439 
0:0:0:0:0:0:0:1 -  -  [27/Apr/2016:00:06:03 +0000] "GET /openhab.app?sitemap=demo&poll=true&__async=true&__source=waHome HTTP/1.1" 200 848 
0:0:0:0:0:0:0:1 -  -  [27/Apr/2016:00:06:05 +0000] "GET /chart?items=Weight&period=h&random=1 HTTP/1.1" 500 1439 
0:0:0:0:0:0:0:1 -  -  [27/Apr/2016:00:06:05 +0000] "GET /openhab.app?sitemap=demo&poll=true&__async=true&__source=waHome HTTP/1.1" 200 848 
0:0:0:0:0:0:0:1 -  -  [27/Apr/2016:00:06:07 +0000] "GET /chart?items=Weight&period=h&random=1 HTTP/1.1" 500 1439 
0:0:0:0:0:0:0:1 -  -  [27/Apr/2016:00:06:07 +0000] "GET /openhab.app?sitemap=demo&poll=true&__async=true&__source=waHome HTTP/1.1" 200 848 
0:0:0:0:0:0:0:1 -  -  [27/Apr/2016:00:06:09 +0000] "GET /chart?items=Weight&period=h&random=1 HTTP/1.1" 500 1439 
0:0:0:0:0:0:0:1 -  -  [27/Apr/2016:00:06:09 +0000] "GET /openhab.app?sitemap=demo&poll=true&__async=true&__source=waHome HTTP/1.1" 200 848 
0:0:0:0:0:0:0:1 -  -  [27/Apr/2016:00:06:11 +0000] "GET /chart?items=Weight&period=h&random=1 HTTP/1.1" 500 1439 
0:0:0:0:0:0:0:1 -  -  [27/Apr/2016:00:06:11 +0000] "GET /openhab.app?sitemap=demo&poll=true&__async=true&__source=waHome HTTP/1.1" 200 848 
0:0:0:0:0:0:0:1 -  -  [27/Apr/2016:00:06:13 +0000] "GET /chart?items=Weight&period=h&random=1 HTTP/1.1" 500 1439 
0:0:0:0:0:0:0:1 -  -  [27/Apr/2016:00:06:13 +0000] "GET /openhab.app?sitemap=demo&poll=true&__async=true&__source=waHome HTTP/1.1" 200 848 
0:0:0:0:0:0:0:1 -  -  [27/Apr/2016:00:06:15 +0000] "GET /chart?items=Weight&period=h&random=1 HTTP/1.1" 500 1439 
0:0:0:0:0:0:0:1 -  -  [27/Apr/2016:00:06:15 +0000] "GET /openhab.app?sitemap=demo&poll=true&__async=true&__source=waHome HTTP/1.1" 200 848 
0:0:0:0:0:0:0:1 -  -  [27/Apr/2016:00:06:17 +0000] "GET /chart?items=Weight&period=h&random=1 HTTP/1.1" 500 1439 
0:0:0:0:0:0:0:1 -  -  [27/Apr/2016:00:06:17 +0000] "GET /openhab.app?sitemap=demo&poll=true&__async=true&__source=waHome HTTP/1.1" 200 848 
0:0:0:0:0:0:0:1 -  -  [27/Apr/2016:00:06:19 +0000] "GET /chart?items=Weight&period=h&random=1 HTTP/1.1" 500 1439 
0:0:0:0:0:0:0:1 -  -  [27/Apr/2016:00:06:19 +0000] "GET /openhab.app?sitemap=demo&poll=true&__async=true&__source=waHome HTTP/1.1" 200 848 
0:0:0:0:0:0:0:1 -  -  [27/Apr/2016:00:06:21 +0000] "GET /chart?items=Weight&period=h&random=1 HTTP/1.1" 500 1439 
0:0:0:0:0:0:0:1 -  -  [27/Apr/2016:00:06:21 +0000] "GET /openhab.app?sitemap=demo&poll=true&__async=true&__source=waHome HTTP/1.1" 200 848 
0:0:0:0:0:0:0:1 -  -  [27/Apr/2016:00:06:23 +0000] "GET /chart?items=Weight&period=h&random=1 HTTP/1.1" 500 1439 
0:0:0:0:0:0:0:1 -  -  [27/Apr/2016:00:06:23 +0000] "GET /openhab.app?sitemap=demo&poll=true&__async=true&__source=waHome HTTP/1.1" 200 848 
0:0:0:0:0:0:0:1 -  -  [27/Apr/2016:00:06:25 +0000] "GET /chart?items=Weight&period=h&random=1 HTTP/1.1" 500 1439 
0:0:0:0:0:0:0:1 -  -  [27/Apr/2016:00:06:25 +0000] "GET /openhab.app?sitemap=demo&poll=true&__async=true&__source=waHome HTTP/1.1" 200 848 
0:0:0:0:0:0:0:1 -  -  [27/Apr/2016:00:06:27 +0000] "GET /chart?items=Weight&period=h&random=1 HTTP/1.1" 500 1439 
0:0:0:0:0:0:0:1 -  -  [27/Apr/2016:00:06:27 +0000] "GET /openhab.app?sitemap=demo&poll=true&__async=true&__source=waHome HTTP/1.1" 200 848 
0:0:0:0:0:0:0:1 -  -  [27/Apr/2016:00:06:29 +0000] "GET /chart?items=Weight&period=h&random=1 HTTP/1.1" 500 1439 
0:0:0:0:0:0:0:1 -  -  [27/Apr/2016:00:06:29 +0000] "GET /openhab.app?sitemap=demo&poll=true&__async=true&__source=waHome HTTP/1.1" 200 848 
0:0:0:0:0:0:0:1 -  -  [27/Apr/2016:00:06:31 +0000] "GET /chart?items=Weight&period=h&random=1 HTTP/1.1" 500 1439 
0:0:0:0:0:0:0:1 -  -  [27/Apr/2016:00:06:31 +0000] "GET /openhab.app?sitemap=demo&poll=true&__async=true&__source=waHome HTTP/1.1" 200 848 
0:0:0:0:0:0:0:1 -  -  [27/Apr/2016:00:06:33 +0000] "GET /chart?items=Weight&period=h&random=1 HTTP/1.1" 500 1439 
0:0:0:0:0:0:0:1 -  -  [27/Apr/2016:00:06:33 +0000] "GET /openhab.app?sitemap=demo&poll=true&__async=true&__source=waHome HTTP/1.1" 200 848 
0:0:0:0:0:0:0:1 -  -  [27/Apr/2016:00:06:35 +0000] "GET /chart?items=Weight&period=h&random=1 HTTP/1.1" 500 1439 
0:0:0:0:0:0:0:1 -  -  [27/Apr/2016:00:06:35 +0000] "GET /openhab.app?sitemap=demo&poll=true&__async=true&__source=waHome HTTP/1.1" 200 848 
0:0:0:0:0:0:0:1 -  -  [27/Apr/2016:00:06:37 +0000] "GET /chart?items=Weight&period=h&random=1 HTTP/1.1" 500 1439 
0:0:0:0:0:0:0:1 -  -  [27/Apr/2016:00:06:37 +0000] "GET /openhab.app?sitemap=demo&poll=true&__async=true&__source=waHome HTTP/1.1" 200 848 
0:0:0:0:0:0:0:1 -  -  [27/Apr/2016:00:06:39 +0000] "GET /chart?items=Weight&period=h&random=1 HTTP/1.1" 500 1439 
0:0:0:0:0:0:0:1 -  -  [27/Apr/2016:00:06:39 +0000] "GET /openhab.app?sitemap=demo&poll=true&__async=true&__source=waHome HTTP/1.1" 200 848 
0:0:0:0:0:0:0:1 -  -  [27/Apr/2016:00:06:41 +0000] "GET /chart?items=Weight&period=h&random=1 HTTP/1.1" 500 1439 
0:0:0:0:0:0:0:1 -  -  [27/Apr/2016:00:06:41 +0000] "GET /openhab.app?sitemap=demo&poll=true&__async=true&__source=waHome HTTP/1.1" 200 848 
0:0:0:0:0:0:0:1 -  -  [27/Apr/2016:00:06:43 +0000] "GET /chart?items=Weight&period=h&random=1 HTTP/1.1" 500 1439 
0:0:0:0:0:0:0:1 -  -  [27/Apr/2016:00:06:43 +0000] "GET /openhab.app?sitemap=demo&poll=true&__async=true&__source=waHome HTTP/1.1" 200 848 
0:0:0:0:0:0:0:1 -  -  [27/Apr/2016:00:06:45 +0000] "GET /chart?items=Weight&period=h&random=1 HTTP/1.1" 500 1439 
0:0:0:0:0:0:0:1 -  -  [27/Apr/2016:00:06:45 +0000] "GET /openhab.app?sitemap=demo&poll=true&__async=true&__source=waHome HTTP/1.1" 200 848 
0:0:0:0:0:0:0:1 -  -  [27/Apr/2016:00:06:47 +0000] "GET /chart?items=Weight&period=h&random=1 HTTP/1.1" 500 1439 
0:0:0:0:0:0:0:1 -  -  [27/Apr/2016:00:06:47 +0000] "GET /openhab.app?sitemap=demo&poll=true&__async=true&__source=waHome HTTP/1.1" 200 848 
0:0:0:0:0:0:0:1 -  -  [27/Apr/2016:00:06:49 +0000] "GET /chart?items=Weight&period=h&random=1 HTTP/1.1" 500 1439 
0:0:0:0:0:0:0:1 -  -  [27/Apr/2016:00:06:49 +0000] "GET /openhab.app?sitemap=demo&poll=true&__async=true&__source=waHome HTTP/1.1" 200 848 
0:0:0:0:0:0:0:1 -  -  [27/Apr/2016:00:06:51 +0000] "GET /chart?items=Weight&period=h&random=1 HTTP/1.1" 500 1439 
0:0:0:0:0:0:0:1 -  -  [27/Apr/2016:00:06:51 +0000] "GET /openhab.app?sitemap=demo&poll=true&__async=true&__source=waHome HTTP/1.1" 200 848 
0:0:0:0:0:0:0:1 -  -  [27/Apr/2016:00:06:53 +0000] "GET /chart?items=Weight&period=h&random=1 HTTP/1.1" 500 1439 
0:0:0:0:0:0:0:1 -  -  [27/Apr/2016:00:06:53 +0000] "GET /openhab.app?sitemap=demo&poll=true&__async=true&__source=waHome HTTP/1.1" 200 848 
0:0:0:0:0:0:0:1 -  -  [27/Apr/2016:00:06:55 +0000] "GET /chart?items=Weight&period=h&random=1 HTTP/1.1" 500 1439 
0:0:0:0:0:0:0:1 -  -  [27/Apr/2016:00:06:55 +0000] "GET /openhab.app?sitemap=demo&poll=true&__async=true&__source=waHome HTTP/1.1" 200 848 
0:0:0:0:0:0:0:1 -  -  [27/Apr/2016:00:06:57 +0000] "GET /chart?items=Weight&period=h&random=1 HTTP/1.1" 500 1439 
0:0:0:0:0:0:0:1 -  -  [27/Apr/2016:00:06:57 +0000] "GET /openhab.app?sitemap=demo&poll=true&__async=true&__source=waHome HTTP/1.1" 200 848 
0:0:0:0:0:0:0:1 -  -  [27/Apr/2016:00:06:59 +0000] "GET /chart?items=Weight&period=h&random=1 HTTP/1.1" 500 1439 
0:0:0:0:0:0:0:1 -  -  [27/Apr/2016:00:42:33 +0000] "GET /habmin/index.html HTTP/1.1" 200 2973 
0:0:0:0:0:0:0:1 -  -  [27/Apr/2016:00:42:33 +0000] "GET /habmin/resources/css/ext-all.css HTTP/1.1" 200 57 
0:0:0:0:0:0:0:1 -  -  [27/Apr/2016:00:42:33 +0000] "GET /habmin/app/habmin.css HTTP/1.1" 200 7428 
0:0:0:0:0:0:0:1 -  -  [27/Apr/2016:00:42:33 +0000] "GET /habmin/app/language/language.js HTTP/1.1" 200 35666 
0:0:0:0:0:0:0:1 -  -  [27/Apr/2016:00:42:33 +0000] "GET /habmin/js/jsprintf.js HTTP/1.1" 200 2307 
0:0:0:0:0:0:0:1 -  -  [27/Apr/2016:00:42:33 +0000] "GET /habmin/js/ext-all.js HTTP/1.1" 200 1497654 
0:0:0:0:0:0:0:1 -  -  [27/Apr/2016:00:42:33 +0000] "GET /habmin/js/jquery.min.js HTTP/1.1" 200 94840 
0:0:0:0:0:0:0:1 -  -  [27/Apr/2016:00:42:33 +0000] "GET /habmin/js/jquery.atmosphere.js HTTP/1.1" 200 67796 
0:0:0:0:0:0:0:1 -  -  [27/Apr/2016:00:42:33 +0000] "GET /habmin/js/moment.js HTTP/1.1" 200 272860 
0:0:0:0:0:0:0:1 -  -  [27/Apr/2016:00:42:33 +0000] "GET /habmin/js/jit.js HTTP/1.1" 200 490615 
0:0:0:0:0:0:0:1 -  -  [27/Apr/2016:00:42:33 +0000] "GET /habmin/js/extux/aceeditor/ace/ace.js HTTP/1.1" 200 660102 
0:0:0:0:0:0:0:1 -  -  [27/Apr/2016:00:42:33 +0000] "GET /habmin/js/highcharts.js HTTP/1.1" 200 149193 
0:0:0:0:0:0:0:1 -  -  [27/Apr/2016:00:42:33 +0000] "GET /habmin/js/highcharts-more.js HTTP/1.1" 200 22618 
0:0:0:0:0:0:0:1 -  -  [27/Apr/2016:00:42:33 +0000] "GET /habmin/js/extux/blockly/blocks.js HTTP/1.1" 200 126855 
0:0:0:0:0:0:0:1 -  -  [27/Apr/2016:00:42:33 +0000] "GET /habmin/js/extux/blockly/core.js HTTP/1.1" 200 455295 
0:0:0:0:0:0:0:1 -  -  [27/Apr/2016:00:42:33 +0000] "GET /habmin/js/extux/blockly/openhabBlocks.js HTTP/1.1" 200 18787 
0:0:0:0:0:0:0:1 -  -  [27/Apr/2016:00:42:33 +0000] "GET /habmin/resources/ext-theme-classic/ext-theme-classic-all.css HTTP/1.1" 200 271771 
0:0:0:0:0:0:0:1 -  -  [27/Apr/2016:00:42:33 +0000] "GET /habmin/app/app.js HTTP/1.1" 200 39841 
0:0:0:0:0:0:0:1 -  -  [27/Apr/2016:00:42:33 +0000] "GET /habmin/js/extux/blockly/msg/en.js HTTP/1.1" 200 28205 
0:0:0:0:0:0:0:1 -  -  [27/Apr/2016:00:42:33 +0000] "GET /images/app-icon.png HTTP/1.1" 200 12941 
0:0:0:0:0:0:0:1 -  -  [27/Apr/2016:00:42:33 +0000] "GET /habmin/images/exclamation.png HTTP/1.1" 200 654 
0:0:0:0:0:0:0:1 -  -  [27/Apr/2016:00:42:34 +0000] "GET /habmin/js/extux/grid/QuickFilter.js HTTP/1.1" 200 6622 
0:0:0:0:0:0:0:1 -  -  [27/Apr/2016:00:42:34 +0000] "GET /habmin/js/extux/statusbar/StatusBar.js HTTP/1.1" 200 15687 
0:0:0:0:0:0:0:1 -  -  [27/Apr/2016:00:42:34 +0000] "GET /habmin/js/extux/aceeditor/Panel.js HTTP/1.1" 200 2010 
0:0:0:0:0:0:0:1 -  -  [27/Apr/2016:00:42:34 +0000] "GET /habmin/js/extux/blockly/Blockly.js HTTP/1.1" 200 15288 
0:0:0:0:0:0:0:1 -  -  [27/Apr/2016:00:42:34 +0000] "GET /habmin/js/extux/notification/Notification.js HTTP/1.1" 200 15107 
0:0:0:0:0:0:0:1 -  -  [27/Apr/2016:00:42:34 +0000] "GET /habmin/js/extux/aceeditor/Editor.js HTTP/1.1" 200 3474 
0:0:0:0:0:0:0:1 -  -  [27/Apr/2016:00:42:34 +0000] "GET /habmin/app/config/config.js HTTP/1.1" 200 3053 
0:0:0:0:0:0:0:1 -  -  [27/Apr/2016:00:42:34 +0000] "GET /habmin/app/config/mappingList.js HTTP/1.1" 200 1667 
0:0:0:0:0:0:0:1 -  -  [27/Apr/2016:00:42:34 +0000] "GET /habmin/app/config/sitemapList.js HTTP/1.1" 200 9888 
0:0:0:0:0:0:0:1 -  -  [27/Apr/2016:00:42:34 +0000] "GET /habmin/app/config/itemList.js HTTP/1.1" 200 14252 
0:0:0:0:0:0:0:1 -  -  [27/Apr/2016:00:42:34 +0000] "GET /habmin/app/config/bindingList.js HTTP/1.1" 200 3553 
0:0:0:0:0:0:0:1 -  -  [27/Apr/2016:00:42:34 +0000] "GET /habmin/app/graph/graph.js HTTP/1.1" 200 5124 
0:0:0:0:0:0:0:1 -  -  [27/Apr/2016:00:42:34 +0000] "GET /habmin/app/graph/itemList.js HTTP/1.1" 200 9591 
0:0:0:0:0:0:0:1 -  -  [27/Apr/2016:00:42:34 +0000] "GET /habmin/app/graph/graphList.js HTTP/1.1" 200 7999 
0:0:0:0:0:0:0:1 -  -  [27/Apr/2016:00:42:34 +0000] "GET /habmin/app/graph/graphHighcharts.js HTTP/1.1" 200 26095 
0:0:0:0:0:0:0:1 -  -  [27/Apr/2016:00:42:34 +0000] "GET /habmin/app/graph/graphTable.js HTTP/1.1" 200 9646 
0:0:0:0:0:0:0:1 -  -  [27/Apr/2016:00:42:34 +0000] "GET /habmin/app/automation/automation.js HTTP/1.1" 200 3123 
0:0:0:0:0:0:0:1 -  -  [27/Apr/2016:00:42:34 +0000] "GET /habmin/app/automation/ruleList.js HTTP/1.1" 200 7704 
0:0:0:0:0:0:0:1 -  -  [27/Apr/2016:00:42:34 +0000] "GET /habmin/app/automation/ruleLibrary.js HTTP/1.1" 200 2738 
0:0:0:0:0:0:0:1 -  -  [27/Apr/2016:00:42:34 +0000] "GET /habmin/app/automation/ruleFileList.js HTTP/1.1" 200 11420 
0:0:0:0:0:0:0:1 -  -  [27/Apr/2016:00:42:34 +0000] "GET /habmin/app/automation/notificationList.js HTTP/1.1" 200 1610 
0:0:0:0:0:0:0:1 -  -  [27/Apr/2016:00:42:34 +0000] "GET /habmin/app/system/system.js HTTP/1.1" 200 2017 
0:0:0:0:0:0:0:1 -  -  [27/Apr/2016:00:42:34 +0000] "GET /habmin/app/system/systemBundles.js HTTP/1.1" 200 4495 
0:0:0:0:0:0:0:1 -  -  [27/Apr/2016:00:42:34 +0000] "GET /habmin/app/system/logViewer.js HTTP/1.1" 200 3087 
0:0:0:0:0:0:0:1 -  -  [27/Apr/2016:00:42:34 +0000] "GET /services/habmin/config/rules/model/list?_dc=1461717754631 HTTP/1.1" 200 143 
0:0:0:0:0:0:0:1 -  -  [27/Apr/2016:00:42:34 +0000] "GET /habmin/resources/ext-theme-classic/images/form/exclamation.gif HTTP/1.1" 200 996 
0:0:0:0:0:0:0:1 -  -  [27/Apr/2016:00:42:34 +0000] "GET /habmin/resources/ext-theme-classic/images/tab-bar/default-scroll-left-top.gif HTTP/1.1" 200 344 
0:0:0:0:0:0:0:1 -  -  [27/Apr/2016:00:42:34 +0000] "GET /habmin/images/database-sql.png HTTP/1.1" 200 748 
0:0:0:0:0:0:0:1 -  -  [27/Apr/2016:00:42:34 +0000] "GET /habmin/images/gear.png HTTP/1.1" 200 736 
0:0:0:0:0:0:0:1 -  -  [27/Apr/2016:00:42:34 +0000] "GET /habmin/images/compass.png HTTP/1.1" 200 850 
0:0:0:0:0:0:0:1 -  -  [27/Apr/2016:00:42:34 +0000] "GET /habmin/images/block.png HTTP/1.1" 200 630 
0:0:0:0:0:0:0:1 -  -  [27/Apr/2016:00:42:34 +0000] "GET /habmin/resources/ext-theme-classic/images/tab-bar/default-scroll-right-top.gif HTTP/1.1" 200 347 
0:0:0:0:0:0:0:1 -  -  [27/Apr/2016:00:42:34 +0000] "GET /habmin/images/arrow-circle-225-left.png HTTP/1.1" 200 842 
0:0:0:0:0:0:0:1 -  -  [27/Apr/2016:00:42:34 +0000] "GET /habmin/images/disk.png HTTP/1.1" 200 507 
0:0:0:0:0:0:0:1 -  -  [27/Apr/2016:00:42:34 +0000] "GET /habmin/images/external.png HTTP/1.1" 200 685 
0:0:0:0:0:0:0:1 -  -  [27/Apr/2016:00:42:34 +0000] "GET /habmin/resources/ext-theme-classic/images/form/text-bg.gif HTTP/1.1" 200 819 
0:0:0:0:0:0:0:1 -  -  [27/Apr/2016:00:42:34 +0000] "GET /habmin/resources/ext-theme-classic/images/grid/grid3-hd-btn.gif HTTP/1.1" 200 1229 
0:0:0:0:0:0:0:1 -  -  [27/Apr/2016:00:42:34 +0000] "GET /habmin/images/cross.png HTTP/1.1" 200 544 
0:0:0:0:0:0:0:1 -  -  [27/Apr/2016:00:42:34 +0000] "GET /habmin/images/calendar-select.png HTTP/1.1" 200 635 
0:0:0:0:0:0:0:1 -  -  [27/Apr/2016:00:42:34 +0000] "GET /habmin/images/table-export.png HTTP/1.1" 200 650 
0:0:0:0:0:0:0:1 -  -  [27/Apr/2016:00:42:34 +0000] "GET /habmin/images/calendar.png HTTP/1.1" 200 710 
0:0:0:0:0:0:0:1 -  -  [27/Apr/2016:00:42:34 +0000] "GET /habmin/images/zoom_out.png HTTP/1.1" 200 708 
0:0:0:0:0:0:0:1 -  -  [27/Apr/2016:00:42:34 +0000] "GET /habmin/images/pencil-small.png HTTP/1.1" 200 384 
0:0:0:0:0:0:0:1 -  -  [27/Apr/2016:00:42:34 +0000] "GET /habmin/images/chart-up.png HTTP/1.1" 200 721 
0:0:0:0:0:0:0:1 -  -  [27/Apr/2016:00:42:34 +0000] "GET /habmin/images/calendar-select-month.png HTTP/1.1" 200 627 
0:0:0:0:0:0:0:1 -  -  [27/Apr/2016:00:42:34 +0000] "GET /habmin/images/calendar-select-week.png HTTP/1.1" 200 638 
0:0:0:0:0:0:0:1 -  -  [27/Apr/2016:00:42:34 +0000] "GET /habmin/images/arrow_right.png HTTP/1.1" 200 349 
0:0:0:0:0:0:0:1 -  -  [27/Apr/2016:00:42:34 +0000] "GET /habmin/images/zoom_in.png HTTP/1.1" 200 725 
0:0:0:0:0:0:0:1 -  -  [27/Apr/2016:00:42:34 +0000] "GET /habmin/images/arrow_left.png HTTP/1.1" 200 345 
0:0:0:0:0:0:0:1 -  -  [27/Apr/2016:00:42:34 +0000] "GET /habmin/resources/ext-theme-classic/images/tab-bar/default-scroll-left-bottom.gif HTTP/1.1" 200 347 
0:0:0:0:0:0:0:1 -  -  [27/Apr/2016:00:42:34 +0000] "GET /habmin/resources/ext-theme-classic/images/tab-bar/default-scroll-right-bottom.gif HTTP/1.1" 200 345 
0:0:0:0:0:0:0:1 -  -  [27/Apr/2016:00:42:34 +0000] "GET /habmin/images/database-share.png HTTP/1.1" 200 799 
0:0:0:0:0:0:0:1 -  -  [27/Apr/2016:00:42:34 +0000] "GET /habmin/images/user-green.png HTTP/1.1" 200 744 
0:0:0:0:0:0:0:1 -  -  [27/Apr/2016:00:42:34 +0000] "GET /habmin/images/document-node.png HTTP/1.1" 200 668 
0:0:0:0:0:0:0:1 -  -  [27/Apr/2016:00:42:34 +0000] "GET /habmin/images/system-monitor.png HTTP/1.1" 200 547 
0:0:0:0:0:0:0:1 -  -  [27/Apr/2016:00:42:34 +0000] "GET /habmin/images/status-offline.png HTTP/1.1" 200 448 
0:0:0:0:0:0:0:1 -  -  [27/Apr/2016:00:42:35 +0000] "GET /services/habmin/config/persistence/services?_dc=1461717755442 HTTP/1.1" 200 964 
0:0:0:0:0:0:0:1 -  -  [27/Apr/2016:00:42:35 +0000] "GET /habmin/resources/ext-theme-classic/images/grid/loading.gif HTTP/1.1" 200 771 
0:0:0:0:0:0:0:1 -  -  [27/Apr/2016:00:42:35 +0000] "GET /services/habmin/persistence/charts?_dc=1461717755447 HTTP/1.1" 200 2 
0:0:0:0:0:0:0:1 -  -  [27/Apr/2016:00:42:35 +0000] "GET /services/habmin/persistence/items?_dc=1461717755492 HTTP/1.1" 200 300 
0:0:0:0:0:0:0:1 -  -  [27/Apr/2016:00:42:35 +0000] "GET /services/habmin/config/designer?_dc=1461717755495 HTTP/1.1" 200 2 
0:0:0:0:0:0:0:1 -  -  [27/Apr/2016:00:42:35 +0000] "GET /services/habmin/config/sitemap?_dc=1461717755519 HTTP/1.1" 200 108 
0:0:0:0:0:0:0:1 -  -  [27/Apr/2016:00:42:35 +0000] "GET /services/habmin/config/items?_dc=1461717755514 HTTP/1.1" 200 335 
0:0:0:0:0:0:0:1 -  -  [27/Apr/2016:00:42:35 +0000] "GET /services/habmin/config/icons?_dc=1461717755492 HTTP/1.1" 200 5413 
0:0:0:0:0:0:0:1 -  -  [27/Apr/2016:00:42:35 +0000] "GET /services/habmin/config/bindings?_dc=1461717755527 HTTP/1.1" 200 15276 
0:0:0:0:0:0:0:1 -  -  [27/Apr/2016:00:42:35 +0000] "GET /services/habmin/bundle?_dc=1461717755598 HTTP/1.1" 200 48266 
0:0:0:0:0:0:0:1 -  -  [27/Apr/2016:00:42:35 +0000] "GET /services/habmin/config/rules/model/list?_dc=1461717755969 HTTP/1.1" 200 143 
0:0:0:0:0:0:0:1 -  -  [27/Apr/2016:00:42:36 +0000] "GET /services/habmin/config/persistence/services?_dc=1461717756154 HTTP/1.1" 200 964 
0:0:0:0:0:0:0:1 -  -  [27/Apr/2016:00:42:36 +0000] "GET /services/habmin/persistence/charts?_dc=1461717756155 HTTP/1.1" 200 2 
0:0:0:0:0:0:0:1 -  -  [27/Apr/2016:00:42:36 +0000] "GET /services/habmin/persistence/items?_dc=1461717756165 HTTP/1.1" 200 300 
0:0:0:0:0:0:0:1 -  -  [27/Apr/2016:00:42:36 +0000] "GET /services/habmin/config/icons?_dc=1461717756166 HTTP/1.1" 200 5413 
0:0:0:0:0:0:0:1 -  -  [27/Apr/2016:00:42:36 +0000] "GET /services/habmin/config/designer?_dc=1461717756166 HTTP/1.1" 200 2 
0:0:0:0:0:0:0:1 -  -  [27/Apr/2016:00:42:36 +0000] "GET /services/habmin/config/items?_dc=1461717756167 HTTP/1.1" 200 335 
0:0:0:0:0:0:0:1 -  -  [27/Apr/2016:00:42:36 +0000] "GET /services/habmin/config/sitemap?_dc=1461717756168 HTTP/1.1" 200 108 
0:0:0:0:0:0:0:1 -  -  [27/Apr/2016:00:42:36 +0000] "GET /services/habmin/config/bindings?_dc=1461717756168 HTTP/1.1" 200 15276 
0:0:0:0:0:0:0:1 -  -  [27/Apr/2016:00:42:36 +0000] "GET /services/habmin/bundle?_dc=1461717756168 HTTP/1.1" 200 48266 
0:0:0:0:0:0:0:1 -  -  [27/Apr/2016:00:42:41 +0000] "GET /services/habmin/status?_dc=1461717761189 HTTP/1.1" 200 47 
0:0:0:0:0:0:0:1 -  -  [27/Apr/2016:00:42:41 +0000] "GET /habmin/images/fader-success.png HTTP/1.1" 200 416 
0:0:0:0:0:0:0:1 -  -  [27/Apr/2016:00:42:41 +0000] "GET /habmin/images/tick.png HTTP/1.1" 200 634 
0:0:0:0:0:0:0:1 -  -  [27/Apr/2016:00:42:41 +0000] "GET /habmin/images/status.png HTTP/1.1" 200 433 
0:0:0:0:0:0:0:1 -  -  [27/Apr/2016:00:42:41 +0000] "GET /services/habmin/status?_dc=1461717761442 HTTP/1.1" 200 47 
0:0:0:0:0:0:0:1 -  -  [27/Apr/2016:00:42:43 +0000] "GET /habmin/resources/ext-theme-classic/images/sizer/sw-handle.gif HTTP/1.1" 200 855 
0:0:0:0:0:0:0:1 -  -  [27/Apr/2016:00:42:43 +0000] "GET /habmin/resources/ext-theme-classic/images/sizer/se-handle.gif HTTP/1.1" 200 853 
0:0:0:0:0:0:0:1 -  -  [27/Apr/2016:00:42:43 +0000] "GET /habmin/resources/ext-theme-classic/images/sizer/nw-handle.gif HTTP/1.1" 200 853 
0:0:0:0:0:0:0:1 -  -  [27/Apr/2016:00:42:43 +0000] "GET /habmin/resources/ext-theme-classic/images/sizer/ne-handle.gif HTTP/1.1" 200 854 
0:0:0:0:0:0:0:1 -  -  [27/Apr/2016:00:42:43 +0000] "GET /habmin/resources/ext-theme-classic/images/sizer/e-handle.gif HTTP/1.1" 200 1586 
0:0:0:0:0:0:0:1 -  -  [27/Apr/2016:00:42:43 +0000] "GET /habmin/resources/ext-theme-classic/images/sizer/s-handle.gif HTTP/1.1" 200 1318 
0:0:0:0:0:0:0:1 -  -  [27/Apr/2016:00:42:44 +0000] "GET /habmin/images/minus-button.png HTTP/1.1" 200 479 
0:0:0:0:0:0:0:1 -  -  [27/Apr/2016:00:42:44 +0000] "GET /habmin/images/plus-button.png HTTP/1.1" 200 583 
0:0:0:0:0:0:0:1 -  -  [27/Apr/2016:00:42:44 +0000] "GET /habmin/images/arrow-circle-315.png HTTP/1.1" 200 829 
0:0:0:0:0:0:0:1 -  -  [27/Apr/2016:00:42:44 +0000] "GET /habmin/images/document-copy.png HTTP/1.1" 200 606 
0:0:0:0:0:0:0:1 -  -  [27/Apr/2016:00:42:44 +0000] "GET /habmin/images/database-small.png HTTP/1.1" 200 457 
0:0:0:0:0:0:0:1 -  -  [27/Apr/2016:00:42:44 +0000] "GET /habmin/images/maps-stack.png HTTP/1.1" 200 1493 
0:0:0:0:0:0:0:1 -  -  [27/Apr/2016:00:42:44 +0000] "GET /habmin/images/tables-relation.png HTTP/1.1" 200 673 
0:0:0:0:0:0:0:1 -  -  [27/Apr/2016:00:42:44 +0000] "GET /habmin/images/chain.png HTTP/1.1" 200 430 
0:0:0:0:0:0:0:1 -  -  [27/Apr/2016:00:42:44 +0000] "GET /habmin/images/category-group.png HTTP/1.1" 200 578 
0:0:0:0:0:0:0:1 -  -  [27/Apr/2016:00:42:44 +0000] "GET /habmin/images/edit.png HTTP/1.1" 200 445 
0:0:0:0:0:0:0:1 -  -  [27/Apr/2016:00:42:44 +0000] "GET /habmin/images/counter.png HTTP/1.1" 200 424 
0:0:0:0:0:0:0:1 -  -  [27/Apr/2016:00:42:46 +0000] "GET /services/habmin/status?_dc=1461717766189 HTTP/1.1" 200 47 
0:0:0:0:0:0:0:1 -  -  [27/Apr/2016:00:42:47 +0000] "GET /services/habmin/status?_dc=1461717767441 HTTP/1.1" 200 47 
0:0:0:0:0:0:0:1 -  -  [27/Apr/2016:00:42:49 +0000] "GET /habmin/app/config/itemProperties.js HTTP/1.1" 200 41158 
0:0:0:0:0:0:0:1 -  -  [27/Apr/2016:00:42:49 +0000] "GET /habmin/app/config/groupTree.js HTTP/1.1" 200 7393 
0:0:0:0:0:0:0:1 -  -  [27/Apr/2016:00:42:49 +0000] "GET /habmin/app/config/itemBindings.js HTTP/1.1" 200 10553 
0:0:0:0:0:0:0:1 -  -  [27/Apr/2016:00:42:49 +0000] "GET /services/habmin/config/items/Weight?_dc=1461717769807 HTTP/1.1" 200 107 
0:0:0:0:0:0:0:1 -  -  [27/Apr/2016:00:42:49 +0000] "GET /services/habmin/config/persistence/item/Weight?_dc=1461717769808 HTTP/1.1" 200 104 
0:0:0:0:0:0:0:1 -  -  [27/Apr/2016:00:42:49 +0000] "GET /habmin/resources/ext-theme-classic/images/grid/property-cell-bg.gif HTTP/1.1" 200 155 
0:0:0:0:0:0:0:1 -  -  [27/Apr/2016:00:42:53 +0000] "GET /services/habmin/status?_dc=1461717773441 HTTP/1.1" 200 47 
0:0:0:0:0:0:0:1 -  -  [27/Apr/2016:00:42:56 +0000] "GET /services/habmin/status?_dc=1461717776190 HTTP/1.1" 200 47 
0:0:0:0:0:0:0:1 -  -  [27/Apr/2016:00:42:59 +0000] "GET /services/habmin/status?_dc=1461717779442 HTTP/1.1" 200 47 
0:0:0:0:0:0:0:1 -  -  [27/Apr/2016:00:43:01 +0000] "GET /habmin/resources/ext-theme-classic/images/grid/dirty.gif HTTP/1.1" 200 832 
0:0:0:0:0:0:0:1 -  -  [27/Apr/2016:00:43:01 +0000] "GET /services/habmin/status?_dc=1461717781190 HTTP/1.1" 200 47 
0:0:0:0:0:0:0:1 -  -  [27/Apr/2016:00:43:05 +0000] "GET /services/habmin/status?_dc=1461717785442 HTTP/1.1" 200 47 
0:0:0:0:0:0:0:1 -  -  [27/Apr/2016:00:43:06 +0000] "GET /services/habmin/status?_dc=1461717786191 HTTP/1.1" 200 47 
0:0:0:0:0:0:0:1 -  -  [27/Apr/2016:00:43:11 +0000] "GET /services/habmin/status?_dc=1461717791191 HTTP/1.1" 200 47 
0:0:0:0:0:0:0:1 -  -  [27/Apr/2016:00:43:11 +0000] "GET /services/habmin/status?_dc=1461717791441 HTTP/1.1" 200 47 
0:0:0:0:0:0:0:1 -  -  [27/Apr/2016:00:43:16 +0000] "GET /services/habmin/status?_dc=1461717796191 HTTP/1.1" 200 47 
0:0:0:0:0:0:0:1 -  -  [27/Apr/2016:00:43:17 +0000] "GET /services/habmin/status?_dc=1461717797442 HTTP/1.1" 200 47 
0:0:0:0:0:0:0:1 -  -  [27/Apr/2016:00:43:19 +0000] "PUT /services/habmin/config/items/Weight HTTP/1.1" 200 114 
0:0:0:0:0:0:0:1 -  -  [27/Apr/2016:00:43:19 +0000] "GET /services/habmin/config/items?_dc=1461717799850 HTTP/1.1" 200 342 
0:0:0:0:0:0:0:1 -  -  [27/Apr/2016:00:43:23 +0000] "GET /services/habmin/status?_dc=1461717803442 HTTP/1.1" 200 47 
0:0:0:0:0:0:0:1 -  -  [27/Apr/2016:00:43:26 +0000] "GET /services/habmin/status?_dc=1461717806191 HTTP/1.1" 200 47 
0:0:0:0:0:0:0:1 -  -  [27/Apr/2016:00:43:29 +0000] "GET /services/habmin/status?_dc=1461717809441 HTTP/1.1" 200 47 
0:0:0:0:0:0:0:1 -  -  [27/Apr/2016:00:43:30 +0000] "PUT /services/habmin/config/items/Weight HTTP/1.1" 200 107 
0:0:0:0:0:0:0:1 -  -  [27/Apr/2016:00:43:30 +0000] "GET /services/habmin/config/items?_dc=1461717810985 HTTP/1.1" 200 335 
0:0:0:0:0:0:0:1 -  -  [27/Apr/2016:00:43:31 +0000] "GET /habmin/images/application-list.png HTTP/1.1" 200 504 
0:0:0:0:0:0:0:1 -  -  [27/Apr/2016:00:43:31 +0000] "GET /habmin/images/drawer.png HTTP/1.1" 200 647 
0:0:0:0:0:0:0:1 -  -  [27/Apr/2016:00:43:31 +0000] "GET /habmin/images/bell.png HTTP/1.1" 200 764 
0:0:0:0:0:0:0:1 -  -  [27/Apr/2016:00:43:34 +0000] "GET /services/habmin/status?_dc=1461717814442 HTTP/1.1" 200 47 
0:0:0:0:0:0:0:1 -  -  [27/Apr/2016:00:43:36 +0000] "GET /services/habmin/status?_dc=1461717816192 HTTP/1.1" 200 47 
0:0:0:0:0:0:0:1 -  -  [27/Apr/2016:00:43:40 +0000] "GET /services/habmin/status?_dc=1461717820441 HTTP/1.1" 200 47 
0:0:0:0:0:0:0:1 -  -  [27/Apr/2016:00:43:41 +0000] "GET /services/habmin/status?_dc=1461717821192 HTTP/1.1" 200 47 
0:0:0:0:0:0:0:1 -  -  [27/Apr/2016:00:43:46 +0000] "GET /services/habmin/status?_dc=1461717826192 HTTP/1.1" 200 47 
0:0:0:0:0:0:0:1 -  -  [27/Apr/2016:00:43:46 +0000] "GET /services/habmin/status?_dc=1461717826441 HTTP/1.1" 200 47 
0:0:0:0:0:0:0:1 -  -  [27/Apr/2016:00:43:51 +0000] "GET /services/habmin/status?_dc=1461717831193 HTTP/1.1" 200 47 
0:0:0:0:0:0:0:1 -  -  [27/Apr/2016:00:43:52 +0000] "GET /services/habmin/status?_dc=1461717832441 HTTP/1.1" 200 47 
0:0:0:0:0:0:0:1 -  -  [27/Apr/2016:00:43:56 +0000] "GET /services/habmin/status?_dc=1461717836193 HTTP/1.1" 200 47 
0:0:0:0:0:0:0:1 -  -  [27/Apr/2016:00:43:58 +0000] "GET /services/habmin/status?_dc=1461717838441 HTTP/1.1" 200 47 
