0:0:0:0:0:0:0:1 -  -  [11/Mar/2016:03:50:45 +0000] "GET /openhab.app?sitemap=demo HTTP/1.1" 200 9528 
0:0:0:0:0:0:0:1 -  -  [11/Mar/2016:03:50:45 +0000] "GET /classicui/WebApp/Design/Render.css HTTP/1.1" 200 18160 
0:0:0:0:0:0:0:1 -  -  [11/Mar/2016:03:50:45 +0000] "GET /classicui/WebApp/Design/RenderRTL.css HTTP/1.1" 200 2903 
0:0:0:0:0:0:0:1 -  -  [11/Mar/2016:03:50:45 +0000] "GET /classicui/WebApp/Design/Firefox.css HTTP/1.1" 200 3594 
0:0:0:0:0:0:0:1 -  -  [11/Mar/2016:03:50:45 +0000] "GET /classicui/WebApp/Design/openHAB.css HTTP/1.1" 200 101 
0:0:0:0:0:0:0:1 -  -  [11/Mar/2016:03:50:45 +0000] "GET /classicui/jquery.miniColors.css HTTP/1.1" 200 3525 
0:0:0:0:0:0:0:1 -  -  [11/Mar/2016:03:50:45 +0000] "GET /classicui/WebApp/Action/Logic.min.js HTTP/1.1" 200 28412 
0:0:0:0:0:0:0:1 -  -  [11/Mar/2016:03:50:45 +0000] "GET /classicui/jquery.miniColors.js HTTP/1.1" 200 20436 
0:0:0:0:0:0:0:1 -  -  [11/Mar/2016:03:50:45 +0000] "GET /classicui/jquery.min.js HTTP/1.1" 200 93637 
0:0:0:0:0:0:0:1 -  -  [11/Mar/2016:03:50:45 +0000] "GET /images/text.png HTTP/1.1" 404 1380 
0:0:0:0:0:0:0:1 -  -  [11/Mar/2016:03:50:45 +0000] "GET /images/none.png HTTP/1.1" 200 132 
0:0:0:0:0:0:0:1 -  -  [11/Mar/2016:03:50:45 +0000] "GET /classicui/WebApp/Design/Img/bg.png HTTP/1.1" 200 115 
0:0:0:0:0:0:0:1 -  -  [11/Mar/2016:03:50:45 +0000] "GET /classicui/WebApp/Design/Img/select.png HTTP/1.1" 200 135 
0:0:0:0:0:0:0:1 -  -  [11/Mar/2016:03:50:45 +0000] "GET /classicui/WebApp/Design/Img/loader-white-100x12x1.png HTTP/1.1" 200 608 
0:0:0:0:0:0:0:1 -  -  [11/Mar/2016:03:50:45 +0000] "GET /classicui/WebApp/Design/Img/loader-white-100x12x2.png HTTP/1.1" 200 621 
0:0:0:0:0:0:0:1 -  -  [11/Mar/2016:03:50:45 +0000] "GET /classicui/WebApp/Design/Img/loader-white-100x12x3.png HTTP/1.1" 200 615 
0:0:0:0:0:0:0:1 -  -  [11/Mar/2016:03:50:45 +0000] "GET /classicui/WebApp/Design/Img/loader-white-100x12x4.png HTTP/1.1" 200 615 
0:0:0:0:0:0:0:1 -  -  [11/Mar/2016:03:50:45 +0000] "GET /classicui/WebApp/Design/Img/loader-white-100x12x5.png HTTP/1.1" 200 608 
0:0:0:0:0:0:0:1 -  -  [11/Mar/2016:03:50:45 +0000] "GET /classicui/WebApp/Design/Img/loader-white-100x12x6.png HTTP/1.1" 200 601 
0:0:0:0:0:0:0:1 -  -  [11/Mar/2016:03:50:45 +0000] "GET /classicui/WebApp/Design/Img/loader-big-white-100x12x9.png HTTP/1.1" 200 1876 
0:0:0:0:0:0:0:1 -  -  [11/Mar/2016:03:50:45 +0000] "GET /classicui/WebApp/Design/Img/bg-head.png HTTP/1.1" 200 152 
0:0:0:0:0:0:0:1 -  -  [11/Mar/2016:03:50:45 +0000] "GET /classicui/WebApp/Design/Img/loader-gray-100x12x1.png HTTP/1.1" 200 701 
0:0:0:0:0:0:0:1 -  -  [11/Mar/2016:03:50:45 +0000] "GET /classicui/WebApp/Design/Img/chevron-select.png HTTP/1.1" 200 196 
0:0:0:0:0:0:0:1 -  -  [11/Mar/2016:03:50:45 +0000] "GET /classicui/WebApp/Design/Img/loader-gray-100x12x3.png HTTP/1.1" 200 700 
0:0:0:0:0:0:0:1 -  -  [11/Mar/2016:03:50:45 +0000] "GET /classicui/WebApp/Design/Img/loader-big-white-100x12x7.png HTTP/1.1" 200 1859 
0:0:0:0:0:0:0:1 -  -  [11/Mar/2016:03:50:45 +0000] "GET /classicui/WebApp/Design/Img/loader-big-white-100x12x10.png HTTP/1.1" 200 1893 
0:0:0:0:0:0:0:1 -  -  [11/Mar/2016:03:50:45 +0000] "GET /classicui/WebApp/Design/Img/check-sel.png HTTP/1.1" 200 290 
0:0:0:0:0:0:0:1 -  -  [11/Mar/2016:03:50:45 +0000] "GET /classicui/WebApp/Design/Img/loader-big-white-100x12x3.png HTTP/1.1" 200 1849 
0:0:0:0:0:0:0:1 -  -  [11/Mar/2016:03:50:45 +0000] "GET /classicui/WebApp/Design/Img/loader-gray-100x12x7.png HTTP/1.1" 200 689 
0:0:0:0:0:0:0:1 -  -  [11/Mar/2016:03:50:45 +0000] "GET /classicui/WebApp/Design/Img/button-back-touch.png HTTP/1.1" 200 932 
0:0:0:0:0:0:0:1 -  -  [11/Mar/2016:03:50:45 +0000] "GET /classicui/WebApp/Design/Img/loader-big-white-100x12x1.png HTTP/1.1" 200 1873 
0:0:0:0:0:0:0:1 -  -  [11/Mar/2016:03:50:45 +0000] "GET /classicui/WebApp/Design/Img/loader-big-white-100x12x11.png HTTP/1.1" 200 1889 
0:0:0:0:0:0:0:1 -  -  [11/Mar/2016:03:50:45 +0000] "GET /classicui/WebApp/Design/Img/loader-big-white-100x12x2.png HTTP/1.1" 200 1870 
0:0:0:0:0:0:0:1 -  -  [11/Mar/2016:03:50:45 +0000] "GET /classicui/WebApp/Design/Img/loader-white-100x12x10.png HTTP/1.1" 200 608 
0:0:0:0:0:0:0:1 -  -  [11/Mar/2016:03:50:45 +0000] "GET /classicui/WebApp/Design/Img/loader-gray-100x12x4.png HTTP/1.1" 200 689 
0:0:0:0:0:0:0:1 -  -  [11/Mar/2016:03:50:45 +0000] "GET /classicui/WebApp/Design/Img/loader-big-white-100x12x4.png HTTP/1.1" 200 1923 
0:0:0:0:0:0:0:1 -  -  [11/Mar/2016:03:50:45 +0000] "GET /classicui/WebApp/Design/Img/loader-white-100x12x9.png HTTP/1.1" 200 604 
0:0:0:0:0:0:0:1 -  -  [11/Mar/2016:03:50:45 +0000] "GET /classicui/WebApp/Design/Img/loader-gray-100x12x10.png HTTP/1.1" 200 692 
0:0:0:0:0:0:0:1 -  -  [11/Mar/2016:03:50:45 +0000] "GET /classicui/WebApp/Design/Img/loader-white-100x12x7.png HTTP/1.1" 200 607 
0:0:0:0:0:0:0:1 -  -  [11/Mar/2016:03:50:45 +0000] "GET /classicui/WebApp/Design/Img/loader-big-white-100x12x8.png HTTP/1.1" 200 1897 
0:0:0:0:0:0:0:1 -  -  [11/Mar/2016:03:50:45 +0000] "GET /classicui/WebApp/Design/Img/loader-gray-100x12x5.png HTTP/1.1" 200 699 
0:0:0:0:0:0:0:1 -  -  [11/Mar/2016:03:50:45 +0000] "GET /classicui/WebApp/Design/Img/loader-gray-100x12x6.png HTTP/1.1" 200 689 
0:0:0:0:0:0:0:1 -  -  [11/Mar/2016:03:50:45 +0000] "GET /classicui/WebApp/Design/Img/loader-big-white-100x12x6.png HTTP/1.1" 200 1901 
0:0:0:0:0:0:0:1 -  -  [11/Mar/2016:03:50:45 +0000] "GET /classicui/WebApp/Design/Img/loader-gray-100x12x8.png HTTP/1.1" 200 688 
0:0:0:0:0:0:0:1 -  -  [11/Mar/2016:03:50:45 +0000] "GET /classicui/WebApp/Design/Img/loader-white-100x12x8.png HTTP/1.1" 200 616 
0:0:0:0:0:0:0:1 -  -  [11/Mar/2016:03:50:45 +0000] "GET /classicui/WebApp/Design/Img/loader-gray-100x12x11.png HTTP/1.1" 200 688 
0:0:0:0:0:0:0:1 -  -  [11/Mar/2016:03:50:45 +0000] "GET /classicui/WebApp/Design/Img/loader-white-100x12x12.png HTTP/1.1" 200 616 
0:0:0:0:0:0:0:1 -  -  [11/Mar/2016:03:50:45 +0000] "GET /classicui/WebApp/Design/Img/loader-big-white-100x12x5.png HTTP/1.1" 200 1914 
0:0:0:0:0:0:0:1 -  -  [11/Mar/2016:03:50:45 +0000] "GET /classicui/WebApp/Design/Img/loader-gray-100x12x12.png HTTP/1.1" 200 694 
0:0:0:0:0:0:0:1 -  -  [11/Mar/2016:03:50:45 +0000] "GET /classicui/WebApp/Design/Img/loader-gray-100x12x9.png HTTP/1.1" 200 692 
0:0:0:0:0:0:0:1 -  -  [11/Mar/2016:03:50:45 +0000] "GET /classicui/WebApp/Design/Img/loader-big-white-100x12x12.png HTTP/1.1" 200 1873 
0:0:0:0:0:0:0:1 -  -  [11/Mar/2016:03:50:45 +0000] "GET /classicui/WebApp/Design/Img/loader-white-100x12x11.png HTTP/1.1" 200 606 
0:0:0:0:0:0:0:1 -  -  [11/Mar/2016:03:50:45 +0000] "GET /classicui/WebApp/Design/Img/button-simple-touch.png HTTP/1.1" 200 665 
0:0:0:0:0:0:0:1 -  -  [11/Mar/2016:03:50:45 +0000] "GET /classicui/WebApp/Design/Img/loader-gray-100x12x2.png HTTP/1.1" 200 693 
0:0:0:0:0:0:0:1 -  -  [11/Mar/2016:03:50:45 +0000] "GET /classicui/WebApp/Design/Img/button-back.png HTTP/1.1" 200 940 
0:0:0:0:0:0:0:1 -  -  [11/Mar/2016:03:50:45 +0000] "GET /classicui/WebApp/Design/Img/button-simple.png HTTP/1.1" 200 670 
0:0:0:0:0:0:0:1 -  -  [11/Mar/2016:03:50:45 +0000] "GET /images/text.png HTTP/1.1" 404 1380 
0:0:0:0:0:0:0:1 -  -  [11/Mar/2016:03:50:45 +0000] "GET /classicui/jquery.minicolors.png HTTP/1.1" 200 50867 
0:0:0:0:0:0:0:1 -  -  [11/Mar/2016:03:50:45 +0000] "GET /images/favicon.ico HTTP/1.1" 200 1150 
0:0:0:0:0:0:0:1 -  -  [11/Mar/2016:03:50:47 +0000] "GET /openhab.app?sitemap=demo&poll=true&__async=true&__source=waHome HTTP/1.1" 200 92 
0:0:0:0:0:0:0:1 -  -  [11/Mar/2016:03:51:14 +0000] "GET /openhab.app?sitemap=demo HTTP/1.1" 200 9528 
0:0:0:0:0:0:0:1 -  -  [11/Mar/2016:03:51:14 +0000] "GET /images/text.png HTTP/1.1" 404 1380 
0:0:0:0:0:0:0:1 -  -  [11/Mar/2016:03:51:14 +0000] "GET /images/text.png HTTP/1.1" 404 1380 
0:0:0:0:0:0:0:1 -  -  [11/Mar/2016:03:51:16 +0000] "GET /openhab.app?sitemap=demo&poll=true&__async=true&__source=waHome HTTP/1.1" 200 92 
0:0:0:0:0:0:0:1 -  -  [11/Mar/2016:03:58:42 +0000] "GET /openhab.app?sitemap=demo HTTP/1.1" 404 1410 
0:0:0:0:0:0:0:1 -  -  [11/Mar/2016:03:59:00 +0000] "GET /openhab.app?sitemap=demo HTTP/1.1" 200 9528 
0:0:0:0:0:0:0:1 -  -  [11/Mar/2016:03:59:00 +0000] "GET /classicui/jquery.miniColors.css HTTP/1.1" 304 0 
0:0:0:0:0:0:0:1 -  -  [11/Mar/2016:03:59:00 +0000] "GET /classicui/WebApp/Design/openHAB.css HTTP/1.1" 304 0 
0:0:0:0:0:0:0:1 -  -  [11/Mar/2016:03:59:00 +0000] "GET /classicui/WebApp/Design/Firefox.css HTTP/1.1" 304 0 
0:0:0:0:0:0:0:1 -  -  [11/Mar/2016:03:59:00 +0000] "GET /classicui/WebApp/Design/Render.css HTTP/1.1" 304 0 
0:0:0:0:0:0:0:1 -  -  [11/Mar/2016:03:59:00 +0000] "GET /classicui/WebApp/Action/Logic.min.js HTTP/1.1" 304 0 
0:0:0:0:0:0:0:1 -  -  [11/Mar/2016:03:59:00 +0000] "GET /classicui/jquery.min.js HTTP/1.1" 304 0 
0:0:0:0:0:0:0:1 -  -  [11/Mar/2016:03:59:00 +0000] "GET /classicui/WebApp/Design/RenderRTL.css HTTP/1.1" 304 0 
0:0:0:0:0:0:0:1 -  -  [11/Mar/2016:03:59:00 +0000] "GET /classicui/jquery.miniColors.js HTTP/1.1" 304 0 
0:0:0:0:0:0:0:1 -  -  [11/Mar/2016:03:59:00 +0000] "GET /images/text.png HTTP/1.1" 404 1380 
0:0:0:0:0:0:0:1 -  -  [11/Mar/2016:03:59:00 +0000] "GET /images/none.png HTTP/1.1" 304 0 
0:0:0:0:0:0:0:1 -  -  [11/Mar/2016:03:59:00 +0000] "GET /classicui/WebApp/Design/Img/bg.png HTTP/1.1" 304 0 
0:0:0:0:0:0:0:1 -  -  [11/Mar/2016:03:59:00 +0000] "GET /classicui/WebApp/Design/Img/select.png HTTP/1.1" 304 0 
0:0:0:0:0:0:0:1 -  -  [11/Mar/2016:03:59:00 +0000] "GET /classicui/WebApp/Design/Img/loader-white-100x12x1.png HTTP/1.1" 304 0 
0:0:0:0:0:0:0:1 -  -  [11/Mar/2016:03:59:00 +0000] "GET /classicui/WebApp/Design/Img/loader-white-100x12x2.png HTTP/1.1" 304 0 
0:0:0:0:0:0:0:1 -  -  [11/Mar/2016:03:59:00 +0000] "GET /classicui/WebApp/Design/Img/loader-white-100x12x3.png HTTP/1.1" 304 0 
0:0:0:0:0:0:0:1 -  -  [11/Mar/2016:03:59:00 +0000] "GET /classicui/WebApp/Design/Img/loader-white-100x12x4.png HTTP/1.1" 304 0 
0:0:0:0:0:0:0:1 -  -  [11/Mar/2016:03:59:00 +0000] "GET /classicui/WebApp/Design/Img/loader-white-100x12x5.png HTTP/1.1" 304 0 
0:0:0:0:0:0:0:1 -  -  [11/Mar/2016:03:59:00 +0000] "GET /classicui/WebApp/Design/Img/loader-white-100x12x6.png HTTP/1.1" 304 0 
0:0:0:0:0:0:0:1 -  -  [11/Mar/2016:03:59:00 +0000] "GET /classicui/WebApp/Design/Img/loader-white-100x12x7.png HTTP/1.1" 304 0 
0:0:0:0:0:0:0:1 -  -  [11/Mar/2016:03:59:00 +0000] "GET /classicui/WebApp/Design/Img/loader-white-100x12x8.png HTTP/1.1" 304 0 
0:0:0:0:0:0:0:1 -  -  [11/Mar/2016:03:59:00 +0000] "GET /classicui/WebApp/Design/Img/loader-white-100x12x9.png HTTP/1.1" 304 0 
0:0:0:0:0:0:0:1 -  -  [11/Mar/2016:03:59:00 +0000] "GET /classicui/WebApp/Design/Img/loader-white-100x12x10.png HTTP/1.1" 304 0 
0:0:0:0:0:0:0:1 -  -  [11/Mar/2016:03:59:00 +0000] "GET /classicui/WebApp/Design/Img/loader-white-100x12x11.png HTTP/1.1" 304 0 
0:0:0:0:0:0:0:1 -  -  [11/Mar/2016:03:59:00 +0000] "GET /classicui/WebApp/Design/Img/loader-white-100x12x12.png HTTP/1.1" 304 0 
0:0:0:0:0:0:0:1 -  -  [11/Mar/2016:03:59:00 +0000] "GET /classicui/WebApp/Design/Img/loader-gray-100x12x1.png HTTP/1.1" 304 0 
0:0:0:0:0:0:0:1 -  -  [11/Mar/2016:03:59:00 +0000] "GET /classicui/WebApp/Design/Img/loader-gray-100x12x2.png HTTP/1.1" 304 0 
0:0:0:0:0:0:0:1 -  -  [11/Mar/2016:03:59:00 +0000] "GET /classicui/WebApp/Design/Img/loader-gray-100x12x3.png HTTP/1.1" 304 0 
0:0:0:0:0:0:0:1 -  -  [11/Mar/2016:03:59:00 +0000] "GET /classicui/WebApp/Design/Img/loader-gray-100x12x4.png HTTP/1.1" 304 0 
0:0:0:0:0:0:0:1 -  -  [11/Mar/2016:03:59:00 +0000] "GET /classicui/WebApp/Design/Img/loader-gray-100x12x5.png HTTP/1.1" 304 0 
0:0:0:0:0:0:0:1 -  -  [11/Mar/2016:03:59:00 +0000] "GET /classicui/WebApp/Design/Img/loader-gray-100x12x6.png HTTP/1.1" 304 0 
0:0:0:0:0:0:0:1 -  -  [11/Mar/2016:03:59:00 +0000] "GET /classicui/WebApp/Design/Img/loader-gray-100x12x7.png HTTP/1.1" 304 0 
0:0:0:0:0:0:0:1 -  -  [11/Mar/2016:03:59:00 +0000] "GET /classicui/WebApp/Design/Img/loader-gray-100x12x8.png HTTP/1.1" 304 0 
0:0:0:0:0:0:0:1 -  -  [11/Mar/2016:03:59:00 +0000] "GET /classicui/WebApp/Design/Img/loader-gray-100x12x9.png HTTP/1.1" 304 0 
0:0:0:0:0:0:0:1 -  -  [11/Mar/2016:03:59:00 +0000] "GET /classicui/WebApp/Design/Img/loader-gray-100x12x10.png HTTP/1.1" 304 0 
0:0:0:0:0:0:0:1 -  -  [11/Mar/2016:03:59:00 +0000] "GET /classicui/WebApp/Design/Img/loader-gray-100x12x11.png HTTP/1.1" 304 0 
0:0:0:0:0:0:0:1 -  -  [11/Mar/2016:03:59:00 +0000] "GET /classicui/WebApp/Design/Img/loader-gray-100x12x12.png HTTP/1.1" 304 0 
0:0:0:0:0:0:0:1 -  -  [11/Mar/2016:03:59:00 +0000] "GET /classicui/WebApp/Design/Img/loader-big-white-100x12x1.png HTTP/1.1" 304 0 
0:0:0:0:0:0:0:1 -  -  [11/Mar/2016:03:59:00 +0000] "GET /classicui/WebApp/Design/Img/loader-big-white-100x12x2.png HTTP/1.1" 304 0 
0:0:0:0:0:0:0:1 -  -  [11/Mar/2016:03:59:00 +0000] "GET /classicui/WebApp/Design/Img/loader-big-white-100x12x3.png HTTP/1.1" 304 0 
0:0:0:0:0:0:0:1 -  -  [11/Mar/2016:03:59:00 +0000] "GET /classicui/WebApp/Design/Img/loader-big-white-100x12x4.png HTTP/1.1" 304 0 
0:0:0:0:0:0:0:1 -  -  [11/Mar/2016:03:59:00 +0000] "GET /classicui/WebApp/Design/Img/loader-big-white-100x12x5.png HTTP/1.1" 304 0 
0:0:0:0:0:0:0:1 -  -  [11/Mar/2016:03:59:00 +0000] "GET /classicui/WebApp/Design/Img/loader-big-white-100x12x6.png HTTP/1.1" 304 0 
0:0:0:0:0:0:0:1 -  -  [11/Mar/2016:03:59:00 +0000] "GET /classicui/WebApp/Design/Img/loader-big-white-100x12x7.png HTTP/1.1" 304 0 
0:0:0:0:0:0:0:1 -  -  [11/Mar/2016:03:59:00 +0000] "GET /classicui/WebApp/Design/Img/loader-big-white-100x12x8.png HTTP/1.1" 304 0 
0:0:0:0:0:0:0:1 -  -  [11/Mar/2016:03:59:00 +0000] "GET /classicui/WebApp/Design/Img/loader-big-white-100x12x10.png HTTP/1.1" 304 0 
0:0:0:0:0:0:0:1 -  -  [11/Mar/2016:03:59:00 +0000] "GET /classicui/WebApp/Design/Img/loader-big-white-100x12x9.png HTTP/1.1" 304 0 
0:0:0:0:0:0:0:1 -  -  [11/Mar/2016:03:59:00 +0000] "GET /classicui/WebApp/Design/Img/loader-big-white-100x12x11.png HTTP/1.1" 304 0 
0:0:0:0:0:0:0:1 -  -  [11/Mar/2016:03:59:00 +0000] "GET /classicui/WebApp/Design/Img/loader-big-white-100x12x12.png HTTP/1.1" 304 0 
0:0:0:0:0:0:0:1 -  -  [11/Mar/2016:03:59:00 +0000] "GET /classicui/WebApp/Design/Img/chevron-select.png HTTP/1.1" 304 0 
0:0:0:0:0:0:0:1 -  -  [11/Mar/2016:03:59:00 +0000] "GET /classicui/WebApp/Design/Img/check-sel.png HTTP/1.1" 304 0 
0:0:0:0:0:0:0:1 -  -  [11/Mar/2016:03:59:00 +0000] "GET /classicui/WebApp/Design/Img/button-back-touch.png HTTP/1.1" 304 0 
0:0:0:0:0:0:0:1 -  -  [11/Mar/2016:03:59:00 +0000] "GET /classicui/WebApp/Design/Img/button-simple-touch.png HTTP/1.1" 304 0 
0:0:0:0:0:0:0:1 -  -  [11/Mar/2016:03:59:00 +0000] "GET /classicui/WebApp/Design/Img/bg-head.png HTTP/1.1" 304 0 
0:0:0:0:0:0:0:1 -  -  [11/Mar/2016:03:59:00 +0000] "GET /classicui/WebApp/Design/Img/button-back.png HTTP/1.1" 304 0 
0:0:0:0:0:0:0:1 -  -  [11/Mar/2016:03:59:00 +0000] "GET /classicui/WebApp/Design/Img/button-simple.png HTTP/1.1" 304 0 
0:0:0:0:0:0:0:1 -  -  [11/Mar/2016:03:59:00 +0000] "GET /images/text.png HTTP/1.1" 404 1380 
0:0:0:0:0:0:0:1 -  -  [11/Mar/2016:03:59:00 +0000] "GET /classicui/jquery.minicolors.png HTTP/1.1" 304 0 
0:0:0:0:0:0:0:1 -  -  [11/Mar/2016:03:59:00 +0000] "GET /images/favicon.ico HTTP/1.1" 200 1150 
0:0:0:0:0:0:0:1 -  -  [11/Mar/2016:03:59:02 +0000] "GET /openhab.app?sitemap=demo HTTP/1.1" 200 9528 
0:0:0:0:0:0:0:1 -  -  [11/Mar/2016:03:59:02 +0000] "GET /classicui/WebApp/Design/Render.css HTTP/1.1" 304 0 
0:0:0:0:0:0:0:1 -  -  [11/Mar/2016:03:59:02 +0000] "GET /classicui/WebApp/Design/RenderRTL.css HTTP/1.1" 304 0 
0:0:0:0:0:0:0:1 -  -  [11/Mar/2016:03:59:02 +0000] "GET /classicui/WebApp/Design/Firefox.css HTTP/1.1" 304 0 
0:0:0:0:0:0:0:1 -  -  [11/Mar/2016:03:59:02 +0000] "GET /classicui/WebApp/Design/openHAB.css HTTP/1.1" 304 0 
0:0:0:0:0:0:0:1 -  -  [11/Mar/2016:03:59:02 +0000] "GET /classicui/jquery.miniColors.css HTTP/1.1" 304 0 
0:0:0:0:0:0:0:1 -  -  [11/Mar/2016:03:59:02 +0000] "GET /classicui/WebApp/Action/Logic.min.js HTTP/1.1" 304 0 
0:0:0:0:0:0:0:1 -  -  [11/Mar/2016:03:59:02 +0000] "GET /classicui/jquery.min.js HTTP/1.1" 304 0 
0:0:0:0:0:0:0:1 -  -  [11/Mar/2016:03:59:02 +0000] "GET /classicui/jquery.miniColors.js HTTP/1.1" 304 0 
0:0:0:0:0:0:0:1 -  -  [11/Mar/2016:03:59:02 +0000] "GET /images/text.png HTTP/1.1" 404 1380 
0:0:0:0:0:0:0:1 -  -  [11/Mar/2016:03:59:02 +0000] "GET /images/none.png HTTP/1.1" 304 0 
0:0:0:0:0:0:0:1 -  -  [11/Mar/2016:03:59:02 +0000] "GET /images/favicon.ico HTTP/1.1" 200 1150 
0:0:0:0:0:0:0:1 -  -  [11/Mar/2016:03:59:02 +0000] "GET /openhab.app?sitemap=demo HTTP/1.1" 200 9528 
0:0:0:0:0:0:0:1 -  -  [11/Mar/2016:03:59:02 +0000] "GET /classicui/WebApp/Design/Render.css HTTP/1.1" 304 0 
0:0:0:0:0:0:0:1 -  -  [11/Mar/2016:03:59:02 +0000] "GET /classicui/WebApp/Design/RenderRTL.css HTTP/1.1" 304 0 
0:0:0:0:0:0:0:1 -  -  [11/Mar/2016:03:59:02 +0000] "GET /classicui/WebApp/Design/Firefox.css HTTP/1.1" 304 0 
0:0:0:0:0:0:0:1 -  -  [11/Mar/2016:03:59:02 +0000] "GET /classicui/WebApp/Design/openHAB.css HTTP/1.1" 304 0 
0:0:0:0:0:0:0:1 -  -  [11/Mar/2016:03:59:02 +0000] "GET /classicui/jquery.miniColors.css HTTP/1.1" 304 0 
0:0:0:0:0:0:0:1 -  -  [11/Mar/2016:03:59:02 +0000] "GET /classicui/jquery.min.js HTTP/1.1" 304 0 
0:0:0:0:0:0:0:1 -  -  [11/Mar/2016:03:59:02 +0000] "GET /classicui/WebApp/Action/Logic.min.js HTTP/1.1" 304 0 
0:0:0:0:0:0:0:1 -  -  [11/Mar/2016:03:59:02 +0000] "GET /classicui/jquery.miniColors.js HTTP/1.1" 304 0 
0:0:0:0:0:0:0:1 -  -  [11/Mar/2016:03:59:02 +0000] "GET /images/text.png HTTP/1.1" 404 1380 
0:0:0:0:0:0:0:1 -  -  [11/Mar/2016:03:59:02 +0000] "GET /images/none.png HTTP/1.1" 304 0 
0:0:0:0:0:0:0:1 -  -  [11/Mar/2016:03:59:02 +0000] "GET /images/text.png HTTP/1.1" 404 1380 
0:0:0:0:0:0:0:1 -  -  [11/Mar/2016:03:59:02 +0000] "GET /images/favicon.ico HTTP/1.1" 200 1150 
0:0:0:0:0:0:0:1 -  -  [11/Mar/2016:03:59:04 +0000] "GET /openhab.app?sitemap=demo&poll=true&__async=true&__source=waHome HTTP/1.1" 200 92 
0:0:0:0:0:0:0:1 -  -  [11/Mar/2016:03:59:14 +0000] "GET /openhab.app?sitemap=demo&poll=true&__async=true&__source=waHome HTTP/1.1" 200 92 
0:0:0:0:0:0:0:1 -  -  [11/Mar/2016:03:59:25 +0000] "GET /openhab.app?sitemap=demo&poll=true&__async=true&__source=waHome HTTP/1.1" 200 92 
0:0:0:0:0:0:0:1 -  -  [11/Mar/2016:03:59:35 +0000] "GET /openhab.app?sitemap=demo&poll=true&__async=true&__source=waHome HTTP/1.1" 200 92 
0:0:0:0:0:0:0:1 -  -  [11/Mar/2016:03:59:46 +0000] "GET /openhab.app?sitemap=demo&poll=true&__async=true&__source=waHome HTTP/1.1" 200 92 
0:0:0:0:0:0:0:1 -  -  [11/Mar/2016:04:05:23 +0000] "GET /openhab.app?sitemap=demo HTTP/1.1" 200 9528 
0:0:0:0:0:0:0:1 -  -  [11/Mar/2016:04:05:23 +0000] "GET /images/text.png HTTP/1.1" 404 1380 
0:0:0:0:0:0:0:1 -  -  [11/Mar/2016:04:05:23 +0000] "GET /images/none.png HTTP/1.1" 304 0 
0:0:0:0:0:0:0:1 -  -  [11/Mar/2016:04:05:24 +0000] "GET /images/text.png HTTP/1.1" 404 1380 
0:0:0:0:0:0:0:1 -  -  [11/Mar/2016:04:05:26 +0000] "GET /openhab.app?sitemap=demo HTTP/1.1" 200 9528 
0:0:0:0:0:0:0:1 -  -  [11/Mar/2016:04:05:26 +0000] "GET /classicui/WebApp/Design/Render.css HTTP/1.1" 304 0 
0:0:0:0:0:0:0:1 -  -  [11/Mar/2016:04:05:26 +0000] "GET /classicui/WebApp/Design/RenderRTL.css HTTP/1.1" 304 0 
0:0:0:0:0:0:0:1 -  -  [11/Mar/2016:04:05:26 +0000] "GET /classicui/WebApp/Design/Firefox.css HTTP/1.1" 304 0 
0:0:0:0:0:0:0:1 -  -  [11/Mar/2016:04:05:26 +0000] "GET /classicui/jquery.miniColors.js HTTP/1.1" 304 0 
0:0:0:0:0:0:0:1 -  -  [11/Mar/2016:04:05:26 +0000] "GET /classicui/jquery.min.js HTTP/1.1" 304 0 
0:0:0:0:0:0:0:1 -  -  [11/Mar/2016:04:05:26 +0000] "GET /classicui/WebApp/Design/openHAB.css HTTP/1.1" 304 0 
0:0:0:0:0:0:0:1 -  -  [11/Mar/2016:04:05:26 +0000] "GET /images/text.png HTTP/1.1" 404 1380 
0:0:0:0:0:0:0:1 -  -  [11/Mar/2016:04:05:26 +0000] "GET /classicui/WebApp/Action/Logic.min.js HTTP/1.1" 304 0 
0:0:0:0:0:0:0:1 -  -  [11/Mar/2016:04:05:26 +0000] "GET /classicui/jquery.miniColors.css HTTP/1.1" 304 0 
0:0:0:0:0:0:0:1 -  -  [11/Mar/2016:04:05:26 +0000] "GET /images/none.png HTTP/1.1" 304 0 
0:0:0:0:0:0:0:1 -  -  [11/Mar/2016:04:05:26 +0000] "GET /classicui/WebApp/Design/Img/bg.png HTTP/1.1" 304 0 
0:0:0:0:0:0:0:1 -  -  [11/Mar/2016:04:05:26 +0000] "GET /classicui/WebApp/Design/Img/select.png HTTP/1.1" 304 0 
0:0:0:0:0:0:0:1 -  -  [11/Mar/2016:04:05:26 +0000] "GET /classicui/WebApp/Design/Img/loader-white-100x12x1.png HTTP/1.1" 304 0 
0:0:0:0:0:0:0:1 -  -  [11/Mar/2016:04:05:26 +0000] "GET /classicui/WebApp/Design/Img/loader-white-100x12x2.png HTTP/1.1" 304 0 
0:0:0:0:0:0:0:1 -  -  [11/Mar/2016:04:05:26 +0000] "GET /classicui/WebApp/Design/Img/loader-white-100x12x3.png HTTP/1.1" 304 0 
0:0:0:0:0:0:0:1 -  -  [11/Mar/2016:04:05:26 +0000] "GET /classicui/WebApp/Design/Img/loader-white-100x12x4.png HTTP/1.1" 304 0 
0:0:0:0:0:0:0:1 -  -  [11/Mar/2016:04:05:26 +0000] "GET /classicui/WebApp/Design/Img/loader-white-100x12x5.png HTTP/1.1" 304 0 
0:0:0:0:0:0:0:1 -  -  [11/Mar/2016:04:05:27 +0000] "GET /classicui/WebApp/Design/Img/loader-white-100x12x8.png HTTP/1.1" 304 0 
0:0:0:0:0:0:0:1 -  -  [11/Mar/2016:04:05:27 +0000] "GET /classicui/WebApp/Design/Img/loader-white-100x12x7.png HTTP/1.1" 304 0 
0:0:0:0:0:0:0:1 -  -  [11/Mar/2016:04:05:27 +0000] "GET /classicui/WebApp/Design/Img/loader-white-100x12x10.png HTTP/1.1" 304 0 
0:0:0:0:0:0:0:1 -  -  [11/Mar/2016:04:05:27 +0000] "GET /classicui/WebApp/Design/Img/loader-white-100x12x9.png HTTP/1.1" 304 0 
0:0:0:0:0:0:0:1 -  -  [11/Mar/2016:04:05:27 +0000] "GET /classicui/WebApp/Design/Img/loader-white-100x12x6.png HTTP/1.1" 304 0 
0:0:0:0:0:0:0:1 -  -  [11/Mar/2016:04:05:27 +0000] "GET /classicui/WebApp/Design/Img/loader-white-100x12x11.png HTTP/1.1" 304 0 
0:0:0:0:0:0:0:1 -  -  [11/Mar/2016:04:05:27 +0000] "GET /classicui/WebApp/Design/Img/loader-white-100x12x12.png HTTP/1.1" 304 0 
0:0:0:0:0:0:0:1 -  -  [11/Mar/2016:04:05:27 +0000] "GET /classicui/WebApp/Design/Img/loader-gray-100x12x1.png HTTP/1.1" 304 0 
0:0:0:0:0:0:0:1 -  -  [11/Mar/2016:04:05:27 +0000] "GET /classicui/WebApp/Design/Img/loader-gray-100x12x2.png HTTP/1.1" 304 0 
0:0:0:0:0:0:0:1 -  -  [11/Mar/2016:04:05:27 +0000] "GET /classicui/WebApp/Design/Img/loader-gray-100x12x3.png HTTP/1.1" 304 0 
0:0:0:0:0:0:0:1 -  -  [11/Mar/2016:04:05:27 +0000] "GET /classicui/WebApp/Design/Img/loader-gray-100x12x4.png HTTP/1.1" 304 0 
0:0:0:0:0:0:0:1 -  -  [11/Mar/2016:04:05:27 +0000] "GET /classicui/WebApp/Design/Img/loader-gray-100x12x5.png HTTP/1.1" 304 0 
0:0:0:0:0:0:0:1 -  -  [11/Mar/2016:04:05:27 +0000] "GET /classicui/WebApp/Design/Img/loader-gray-100x12x6.png HTTP/1.1" 304 0 
0:0:0:0:0:0:0:1 -  -  [11/Mar/2016:04:05:27 +0000] "GET /classicui/WebApp/Design/Img/loader-gray-100x12x7.png HTTP/1.1" 304 0 
0:0:0:0:0:0:0:1 -  -  [11/Mar/2016:04:05:27 +0000] "GET /classicui/WebApp/Design/Img/loader-gray-100x12x8.png HTTP/1.1" 304 0 
0:0:0:0:0:0:0:1 -  -  [11/Mar/2016:04:05:27 +0000] "GET /classicui/WebApp/Design/Img/loader-gray-100x12x9.png HTTP/1.1" 304 0 
0:0:0:0:0:0:0:1 -  -  [11/Mar/2016:04:05:27 +0000] "GET /classicui/WebApp/Design/Img/loader-gray-100x12x10.png HTTP/1.1" 304 0 
0:0:0:0:0:0:0:1 -  -  [11/Mar/2016:04:05:27 +0000] "GET /classicui/WebApp/Design/Img/loader-gray-100x12x11.png HTTP/1.1" 304 0 
0:0:0:0:0:0:0:1 -  -  [11/Mar/2016:04:05:27 +0000] "GET /classicui/WebApp/Design/Img/loader-gray-100x12x12.png HTTP/1.1" 304 0 
0:0:0:0:0:0:0:1 -  -  [11/Mar/2016:04:05:27 +0000] "GET /classicui/WebApp/Design/Img/loader-big-white-100x12x1.png HTTP/1.1" 304 0 
0:0:0:0:0:0:0:1 -  -  [11/Mar/2016:04:05:27 +0000] "GET /classicui/WebApp/Design/Img/loader-big-white-100x12x2.png HTTP/1.1" 304 0 
0:0:0:0:0:0:0:1 -  -  [11/Mar/2016:04:05:27 +0000] "GET /classicui/WebApp/Design/Img/loader-big-white-100x12x3.png HTTP/1.1" 304 0 
0:0:0:0:0:0:0:1 -  -  [11/Mar/2016:04:05:27 +0000] "GET /classicui/WebApp/Design/Img/loader-big-white-100x12x4.png HTTP/1.1" 304 0 
0:0:0:0:0:0:0:1 -  -  [11/Mar/2016:04:05:27 +0000] "GET /classicui/WebApp/Design/Img/loader-big-white-100x12x5.png HTTP/1.1" 304 0 
0:0:0:0:0:0:0:1 -  -  [11/Mar/2016:04:05:27 +0000] "GET /classicui/WebApp/Design/Img/loader-big-white-100x12x6.png HTTP/1.1" 304 0 
0:0:0:0:0:0:0:1 -  -  [11/Mar/2016:04:05:27 +0000] "GET /classicui/WebApp/Design/Img/loader-big-white-100x12x7.png HTTP/1.1" 304 0 
0:0:0:0:0:0:0:1 -  -  [11/Mar/2016:04:05:27 +0000] "GET /classicui/WebApp/Design/Img/loader-big-white-100x12x8.png HTTP/1.1" 304 0 
0:0:0:0:0:0:0:1 -  -  [11/Mar/2016:04:05:27 +0000] "GET /classicui/WebApp/Design/Img/loader-big-white-100x12x9.png HTTP/1.1" 304 0 
0:0:0:0:0:0:0:1 -  -  [11/Mar/2016:04:05:27 +0000] "GET /classicui/WebApp/Design/Img/loader-big-white-100x12x10.png HTTP/1.1" 304 0 
0:0:0:0:0:0:0:1 -  -  [11/Mar/2016:04:05:27 +0000] "GET /classicui/WebApp/Design/Img/loader-big-white-100x12x12.png HTTP/1.1" 304 0 
0:0:0:0:0:0:0:1 -  -  [11/Mar/2016:04:05:27 +0000] "GET /classicui/WebApp/Design/Img/loader-big-white-100x12x11.png HTTP/1.1" 304 0 
0:0:0:0:0:0:0:1 -  -  [11/Mar/2016:04:05:27 +0000] "GET /classicui/WebApp/Design/Img/chevron-select.png HTTP/1.1" 304 0 
0:0:0:0:0:0:0:1 -  -  [11/Mar/2016:04:05:27 +0000] "GET /classicui/WebApp/Design/Img/check-sel.png HTTP/1.1" 304 0 
0:0:0:0:0:0:0:1 -  -  [11/Mar/2016:04:05:27 +0000] "GET /classicui/WebApp/Design/Img/button-simple-touch.png HTTP/1.1" 304 0 
0:0:0:0:0:0:0:1 -  -  [11/Mar/2016:04:05:27 +0000] "GET /images/text.png HTTP/1.1" 404 1380 
0:0:0:0:0:0:0:1 -  -  [11/Mar/2016:04:05:27 +0000] "GET /classicui/WebApp/Design/Img/button-back.png HTTP/1.1" 304 0 
0:0:0:0:0:0:0:1 -  -  [11/Mar/2016:04:05:27 +0000] "GET /classicui/WebApp/Design/Img/bg-head.png HTTP/1.1" 304 0 
0:0:0:0:0:0:0:1 -  -  [11/Mar/2016:04:05:27 +0000] "GET /classicui/WebApp/Design/Img/button-simple.png HTTP/1.1" 304 0 
0:0:0:0:0:0:0:1 -  -  [11/Mar/2016:04:05:27 +0000] "GET /classicui/WebApp/Design/Img/button-back-touch.png HTTP/1.1" 304 0 
0:0:0:0:0:0:0:1 -  -  [11/Mar/2016:04:05:27 +0000] "GET /classicui/jquery.minicolors.png HTTP/1.1" 304 0 
0:0:0:0:0:0:0:1 -  -  [11/Mar/2016:04:05:27 +0000] "GET /images/favicon.ico HTTP/1.1" 200 1150 
0:0:0:0:0:0:0:1 -  -  [11/Mar/2016:04:05:28 +0000] "GET /openhab.app?sitemap=demo HTTP/1.1" 200 9528 
0:0:0:0:0:0:0:1 -  -  [11/Mar/2016:04:05:29 +0000] "GET /classicui/WebApp/Design/Render.css HTTP/1.1" 304 0 
0:0:0:0:0:0:0:1 -  -  [11/Mar/2016:04:05:29 +0000] "GET /classicui/WebApp/Design/openHAB.css HTTP/1.1" 304 0 
0:0:0:0:0:0:0:1 -  -  [11/Mar/2016:04:05:29 +0000] "GET /classicui/jquery.miniColors.css HTTP/1.1" 304 0 
0:0:0:0:0:0:0:1 -  -  [11/Mar/2016:04:05:29 +0000] "GET /classicui/WebApp/Design/Firefox.css HTTP/1.1" 304 0 
0:0:0:0:0:0:0:1 -  -  [11/Mar/2016:04:05:29 +0000] "GET /classicui/WebApp/Design/RenderRTL.css HTTP/1.1" 304 0 
0:0:0:0:0:0:0:1 -  -  [11/Mar/2016:04:05:29 +0000] "GET /classicui/WebApp/Action/Logic.min.js HTTP/1.1" 304 0 
0:0:0:0:0:0:0:1 -  -  [11/Mar/2016:04:05:29 +0000] "GET /classicui/jquery.min.js HTTP/1.1" 304 0 
0:0:0:0:0:0:0:1 -  -  [11/Mar/2016:04:05:29 +0000] "GET /classicui/jquery.miniColors.js HTTP/1.1" 304 0 
0:0:0:0:0:0:0:1 -  -  [11/Mar/2016:04:05:29 +0000] "GET /images/text.png HTTP/1.1" 404 1380 
0:0:0:0:0:0:0:1 -  -  [11/Mar/2016:04:05:29 +0000] "GET /images/none.png HTTP/1.1" 304 0 
0:0:0:0:0:0:0:1 -  -  [11/Mar/2016:04:05:29 +0000] "GET /images/favicon.ico HTTP/1.1" 200 1150 
0:0:0:0:0:0:0:1 -  -  [11/Mar/2016:04:05:30 +0000] "GET /openhab.app?sitemap=demo HTTP/1.1" 200 9528 
0:0:0:0:0:0:0:1 -  -  [11/Mar/2016:04:05:30 +0000] "GET /classicui/WebApp/Design/Render.css HTTP/1.1" 304 0 
0:0:0:0:0:0:0:1 -  -  [11/Mar/2016:04:05:30 +0000] "GET /classicui/WebApp/Design/Firefox.css HTTP/1.1" 304 0 
0:0:0:0:0:0:0:1 -  -  [11/Mar/2016:04:05:30 +0000] "GET /classicui/WebApp/Design/openHAB.css HTTP/1.1" 304 0 
0:0:0:0:0:0:0:1 -  -  [11/Mar/2016:04:05:30 +0000] "GET /classicui/jquery.miniColors.css HTTP/1.1" 304 0 
0:0:0:0:0:0:0:1 -  -  [11/Mar/2016:04:05:30 +0000] "GET /classicui/WebApp/Action/Logic.min.js HTTP/1.1" 304 0 
0:0:0:0:0:0:0:1 -  -  [11/Mar/2016:04:05:30 +0000] "GET /classicui/jquery.min.js HTTP/1.1" 304 0 
0:0:0:0:0:0:0:1 -  -  [11/Mar/2016:04:05:30 +0000] "GET /classicui/jquery.miniColors.js HTTP/1.1" 304 0 
0:0:0:0:0:0:0:1 -  -  [11/Mar/2016:04:05:30 +0000] "GET /classicui/WebApp/Design/RenderRTL.css HTTP/1.1" 304 0 
0:0:0:0:0:0:0:1 -  -  [11/Mar/2016:04:05:30 +0000] "GET /images/text.png HTTP/1.1" 404 1380 
0:0:0:0:0:0:0:1 -  -  [11/Mar/2016:04:05:30 +0000] "GET /images/none.png HTTP/1.1" 304 0 
0:0:0:0:0:0:0:1 -  -  [11/Mar/2016:04:05:30 +0000] "GET /images/text.png HTTP/1.1" 404 1380 
0:0:0:0:0:0:0:1 -  -  [11/Mar/2016:04:05:30 +0000] "GET /images/favicon.ico HTTP/1.1" 200 1150 
0:0:0:0:0:0:0:1 -  -  [11/Mar/2016:04:05:30 +0000] "GET /openhab.app?sitemap=demo HTTP/1.1" 200 9528 
0:0:0:0:0:0:0:1 -  -  [11/Mar/2016:04:05:31 +0000] "GET /classicui/WebApp/Design/Render.css HTTP/1.1" 304 0 
0:0:0:0:0:0:0:1 -  -  [11/Mar/2016:04:05:31 +0000] "GET /classicui/WebApp/Design/RenderRTL.css HTTP/1.1" 304 0 
0:0:0:0:0:0:0:1 -  -  [11/Mar/2016:04:05:31 +0000] "GET /classicui/WebApp/Design/Firefox.css HTTP/1.1" 304 0 
0:0:0:0:0:0:0:1 -  -  [11/Mar/2016:04:05:31 +0000] "GET /classicui/WebApp/Design/openHAB.css HTTP/1.1" 304 0 
0:0:0:0:0:0:0:1 -  -  [11/Mar/2016:04:05:31 +0000] "GET /classicui/jquery.miniColors.css HTTP/1.1" 304 0 
0:0:0:0:0:0:0:1 -  -  [11/Mar/2016:04:05:31 +0000] "GET /classicui/jquery.min.js HTTP/1.1" 304 0 
0:0:0:0:0:0:0:1 -  -  [11/Mar/2016:04:05:31 +0000] "GET /classicui/WebApp/Action/Logic.min.js HTTP/1.1" 304 0 
0:0:0:0:0:0:0:1 -  -  [11/Mar/2016:04:05:31 +0000] "GET /classicui/jquery.miniColors.js HTTP/1.1" 304 0 
0:0:0:0:0:0:0:1 -  -  [11/Mar/2016:04:05:31 +0000] "GET /images/text.png HTTP/1.1" 404 1380 
0:0:0:0:0:0:0:1 -  -  [11/Mar/2016:04:05:31 +0000] "GET /images/none.png HTTP/1.1" 304 0 
0:0:0:0:0:0:0:1 -  -  [11/Mar/2016:04:05:31 +0000] "GET /images/favicon.ico HTTP/1.1" 200 1150 
0:0:0:0:0:0:0:1 -  -  [11/Mar/2016:04:05:31 +0000] "GET /openhab.app?sitemap=demo HTTP/1.1" 200 9528 
0:0:0:0:0:0:0:1 -  -  [11/Mar/2016:04:05:31 +0000] "GET /classicui/WebApp/Design/Render.css HTTP/1.1" 304 0 
0:0:0:0:0:0:0:1 -  -  [11/Mar/2016:04:05:31 +0000] "GET /classicui/WebApp/Design/RenderRTL.css HTTP/1.1" 304 0 
0:0:0:0:0:0:0:1 -  -  [11/Mar/2016:04:05:31 +0000] "GET /classicui/WebApp/Design/Firefox.css HTTP/1.1" 304 0 
0:0:0:0:0:0:0:1 -  -  [11/Mar/2016:04:05:31 +0000] "GET /classicui/WebApp/Design/openHAB.css HTTP/1.1" 304 0 
0:0:0:0:0:0:0:1 -  -  [11/Mar/2016:04:05:31 +0000] "GET /classicui/jquery.miniColors.css HTTP/1.1" 304 0 
0:0:0:0:0:0:0:1 -  -  [11/Mar/2016:04:05:31 +0000] "GET /classicui/WebApp/Action/Logic.min.js HTTP/1.1" 304 0 
0:0:0:0:0:0:0:1 -  -  [11/Mar/2016:04:05:31 +0000] "GET /classicui/jquery.min.js HTTP/1.1" 304 0 
0:0:0:0:0:0:0:1 -  -  [11/Mar/2016:04:05:31 +0000] "GET /classicui/jquery.miniColors.js HTTP/1.1" 304 0 
0:0:0:0:0:0:0:1 -  -  [11/Mar/2016:04:05:31 +0000] "GET /images/text.png HTTP/1.1" 404 1380 
0:0:0:0:0:0:0:1 -  -  [11/Mar/2016:04:05:31 +0000] "GET /images/none.png HTTP/1.1" 304 0 
0:0:0:0:0:0:0:1 -  -  [11/Mar/2016:04:05:31 +0000] "GET /images/favicon.ico HTTP/1.1" 200 1150 
0:0:0:0:0:0:0:1 -  -  [11/Mar/2016:04:05:31 +0000] "GET /openhab.app?sitemap=demo HTTP/1.1" 200 9528 
0:0:0:0:0:0:0:1 -  -  [11/Mar/2016:04:05:31 +0000] "GET /classicui/WebApp/Design/Render.css HTTP/1.1" 304 0 
0:0:0:0:0:0:0:1 -  -  [11/Mar/2016:04:05:31 +0000] "GET /classicui/WebApp/Design/RenderRTL.css HTTP/1.1" 304 0 
0:0:0:0:0:0:0:1 -  -  [11/Mar/2016:04:05:31 +0000] "GET /classicui/WebApp/Design/Firefox.css HTTP/1.1" 304 0 
0:0:0:0:0:0:0:1 -  -  [11/Mar/2016:04:05:31 +0000] "GET /classicui/WebApp/Design/openHAB.css HTTP/1.1" 304 0 
0:0:0:0:0:0:0:1 -  -  [11/Mar/2016:04:05:31 +0000] "GET /classicui/jquery.miniColors.css HTTP/1.1" 304 0 
0:0:0:0:0:0:0:1 -  -  [11/Mar/2016:04:05:31 +0000] "GET /classicui/WebApp/Action/Logic.min.js HTTP/1.1" 304 0 
0:0:0:0:0:0:0:1 -  -  [11/Mar/2016:04:05:31 +0000] "GET /classicui/jquery.min.js HTTP/1.1" 304 0 
0:0:0:0:0:0:0:1 -  -  [11/Mar/2016:04:05:31 +0000] "GET /classicui/jquery.miniColors.js HTTP/1.1" 304 0 
0:0:0:0:0:0:0:1 -  -  [11/Mar/2016:04:05:31 +0000] "GET /images/text.png HTTP/1.1" 404 1380 
0:0:0:0:0:0:0:1 -  -  [11/Mar/2016:04:05:31 +0000] "GET /images/none.png HTTP/1.1" 304 0 
0:0:0:0:0:0:0:1 -  -  [11/Mar/2016:04:05:31 +0000] "GET /images/favicon.ico HTTP/1.1" 200 1150 
0:0:0:0:0:0:0:1 -  -  [11/Mar/2016:04:05:31 +0000] "GET /openhab.app?sitemap=demo HTTP/1.1" 200 9528 
0:0:0:0:0:0:0:1 -  -  [11/Mar/2016:04:05:32 +0000] "GET /classicui/WebApp/Design/Render.css HTTP/1.1" 304 0 
0:0:0:0:0:0:0:1 -  -  [11/Mar/2016:04:05:32 +0000] "GET /classicui/WebApp/Action/Logic.min.js HTTP/1.1" 304 0 
0:0:0:0:0:0:0:1 -  -  [11/Mar/2016:04:05:32 +0000] "GET /classicui/WebApp/Design/RenderRTL.css HTTP/1.1" 304 0 
0:0:0:0:0:0:0:1 -  -  [11/Mar/2016:04:05:32 +0000] "GET /classicui/WebApp/Design/Firefox.css HTTP/1.1" 304 0 
0:0:0:0:0:0:0:1 -  -  [11/Mar/2016:04:05:32 +0000] "GET /classicui/WebApp/Design/openHAB.css HTTP/1.1" 304 0 
0:0:0:0:0:0:0:1 -  -  [11/Mar/2016:04:05:32 +0000] "GET /classicui/jquery.miniColors.css HTTP/1.1" 304 0 
0:0:0:0:0:0:0:1 -  -  [11/Mar/2016:04:05:32 +0000] "GET /classicui/jquery.miniColors.js HTTP/1.1" 304 0 
0:0:0:0:0:0:0:1 -  -  [11/Mar/2016:04:05:32 +0000] "GET /classicui/jquery.min.js HTTP/1.1" 304 0 
0:0:0:0:0:0:0:1 -  -  [11/Mar/2016:04:05:32 +0000] "GET /images/text.png HTTP/1.1" 404 1380 
0:0:0:0:0:0:0:1 -  -  [11/Mar/2016:04:05:32 +0000] "GET /images/none.png HTTP/1.1" 304 0 
0:0:0:0:0:0:0:1 -  -  [11/Mar/2016:04:05:32 +0000] "GET /images/text.png HTTP/1.1" 404 1380 
0:0:0:0:0:0:0:1 -  -  [11/Mar/2016:04:05:32 +0000] "GET /images/favicon.ico HTTP/1.1" 200 1150 
0:0:0:0:0:0:0:1 -  -  [11/Mar/2016:04:05:32 +0000] "GET /openhab.app?sitemap=demo HTTP/1.1" 200 9528 
0:0:0:0:0:0:0:1 -  -  [11/Mar/2016:04:05:32 +0000] "GET /classicui/WebApp/Design/Render.css HTTP/1.1" 304 0 
0:0:0:0:0:0:0:1 -  -  [11/Mar/2016:04:05:32 +0000] "GET /classicui/WebApp/Design/RenderRTL.css HTTP/1.1" 304 0 
0:0:0:0:0:0:0:1 -  -  [11/Mar/2016:04:05:32 +0000] "GET /classicui/WebApp/Design/Firefox.css HTTP/1.1" 304 0 
0:0:0:0:0:0:0:1 -  -  [11/Mar/2016:04:05:32 +0000] "GET /classicui/WebApp/Design/openHAB.css HTTP/1.1" 304 0 
0:0:0:0:0:0:0:1 -  -  [11/Mar/2016:04:05:32 +0000] "GET /classicui/jquery.miniColors.css HTTP/1.1" 304 0 
0:0:0:0:0:0:0:1 -  -  [11/Mar/2016:04:05:32 +0000] "GET /classicui/WebApp/Action/Logic.min.js HTTP/1.1" 304 0 
0:0:0:0:0:0:0:1 -  -  [11/Mar/2016:04:05:32 +0000] "GET /classicui/jquery.min.js HTTP/1.1" 304 0 
0:0:0:0:0:0:0:1 -  -  [11/Mar/2016:04:05:32 +0000] "GET /classicui/jquery.miniColors.js HTTP/1.1" 304 0 
0:0:0:0:0:0:0:1 -  -  [11/Mar/2016:04:05:32 +0000] "GET /images/text.png HTTP/1.1" 404 1380 
0:0:0:0:0:0:0:1 -  -  [11/Mar/2016:04:05:32 +0000] "GET /images/none.png HTTP/1.1" 304 0 
0:0:0:0:0:0:0:1 -  -  [11/Mar/2016:04:05:32 +0000] "GET /images/favicon.ico HTTP/1.1" 200 1150 
0:0:0:0:0:0:0:1 -  -  [11/Mar/2016:04:05:32 +0000] "GET /openhab.app?sitemap=demo HTTP/1.1" 200 9528 
0:0:0:0:0:0:0:1 -  -  [11/Mar/2016:04:05:32 +0000] "GET /classicui/WebApp/Design/Render.css HTTP/1.1" 304 0 
0:0:0:0:0:0:0:1 -  -  [11/Mar/2016:04:05:32 +0000] "GET /classicui/WebApp/Design/RenderRTL.css HTTP/1.1" 304 0 
0:0:0:0:0:0:0:1 -  -  [11/Mar/2016:04:05:32 +0000] "GET /classicui/WebApp/Design/Firefox.css HTTP/1.1" 304 0 
0:0:0:0:0:0:0:1 -  -  [11/Mar/2016:04:05:32 +0000] "GET /classicui/WebApp/Design/openHAB.css HTTP/1.1" 304 0 
0:0:0:0:0:0:0:1 -  -  [11/Mar/2016:04:05:32 +0000] "GET /classicui/jquery.miniColors.css HTTP/1.1" 304 0 
0:0:0:0:0:0:0:1 -  -  [11/Mar/2016:04:05:32 +0000] "GET /classicui/WebApp/Action/Logic.min.js HTTP/1.1" 304 0 
0:0:0:0:0:0:0:1 -  -  [11/Mar/2016:04:05:32 +0000] "GET /classicui/jquery.min.js HTTP/1.1" 304 0 
0:0:0:0:0:0:0:1 -  -  [11/Mar/2016:04:05:32 +0000] "GET /classicui/jquery.miniColors.js HTTP/1.1" 304 0 
0:0:0:0:0:0:0:1 -  -  [11/Mar/2016:04:05:32 +0000] "GET /images/text.png HTTP/1.1" 404 1380 
0:0:0:0:0:0:0:1 -  -  [11/Mar/2016:04:05:32 +0000] "GET /images/none.png HTTP/1.1" 304 0 
0:0:0:0:0:0:0:1 -  -  [11/Mar/2016:04:05:32 +0000] "GET /images/favicon.ico HTTP/1.1" 200 1150 
0:0:0:0:0:0:0:1 -  -  [11/Mar/2016:04:05:32 +0000] "GET /openhab.app?sitemap=demo HTTP/1.1" 200 9528 
0:0:0:0:0:0:0:1 -  -  [11/Mar/2016:04:05:32 +0000] "GET /classicui/WebApp/Design/Render.css HTTP/1.1" 304 0 
0:0:0:0:0:0:0:1 -  -  [11/Mar/2016:04:05:32 +0000] "GET /classicui/WebApp/Design/RenderRTL.css HTTP/1.1" 304 0 
0:0:0:0:0:0:0:1 -  -  [11/Mar/2016:04:05:32 +0000] "GET /classicui/WebApp/Design/Firefox.css HTTP/1.1" 304 0 
0:0:0:0:0:0:0:1 -  -  [11/Mar/2016:04:05:32 +0000] "GET /classicui/WebApp/Design/openHAB.css HTTP/1.1" 304 0 
0:0:0:0:0:0:0:1 -  -  [11/Mar/2016:04:05:32 +0000] "GET /classicui/jquery.miniColors.css HTTP/1.1" 304 0 
0:0:0:0:0:0:0:1 -  -  [11/Mar/2016:04:05:32 +0000] "GET /classicui/WebApp/Action/Logic.min.js HTTP/1.1" 304 0 
0:0:0:0:0:0:0:1 -  -  [11/Mar/2016:04:05:32 +0000] "GET /classicui/jquery.min.js HTTP/1.1" 304 0 
0:0:0:0:0:0:0:1 -  -  [11/Mar/2016:04:05:32 +0000] "GET /classicui/jquery.miniColors.js HTTP/1.1" 304 0 
0:0:0:0:0:0:0:1 -  -  [11/Mar/2016:04:05:32 +0000] "GET /images/text.png HTTP/1.1" 404 1380 
0:0:0:0:0:0:0:1 -  -  [11/Mar/2016:04:05:32 +0000] "GET /images/none.png HTTP/1.1" 304 0 
0:0:0:0:0:0:0:1 -  -  [11/Mar/2016:04:05:25 +0000] "GET /openhab.app?sitemap=demo&poll=true&__async=true&__source=waHome HTTP/1.1" 200 92 
0:0:0:0:0:0:0:1 -  -  [11/Mar/2016:04:05:28 +0000] "GET /openhab.app?sitemap=demo&poll=true&__async=true&__source=waHome HTTP/1.1" 200 92 
0:0:0:0:0:0:0:1 -  -  [11/Mar/2016:04:05:34 +0000] "GET /openhab.app?sitemap=demo&poll=true&__async=true&__source=waHome HTTP/1.1" 200 92 
0:0:0:0:0:0:0:1 -  -  [11/Mar/2016:04:05:44 +0000] "GET /openhab.app?sitemap=demo&poll=true&__async=true&__source=waHome HTTP/1.1" 200 92 
0:0:0:0:0:0:0:1 -  -  [11/Mar/2016:04:05:58 +0000] "GET /openhab.app?sitemap=demo HTTP/1.1" 200 9528 
0:0:0:0:0:0:0:1 -  -  [11/Mar/2016:04:05:58 +0000] "GET /classicui/WebApp/Design/Render.css HTTP/1.1" 304 0 
0:0:0:0:0:0:0:1 -  -  [11/Mar/2016:04:05:58 +0000] "GET /classicui/WebApp/Design/RenderRTL.css HTTP/1.1" 304 0 
0:0:0:0:0:0:0:1 -  -  [11/Mar/2016:04:05:58 +0000] "GET /classicui/WebApp/Design/Firefox.css HTTP/1.1" 304 0 
0:0:0:0:0:0:0:1 -  -  [11/Mar/2016:04:05:58 +0000] "GET /classicui/WebApp/Design/openHAB.css HTTP/1.1" 304 0 
0:0:0:0:0:0:0:1 -  -  [11/Mar/2016:04:05:58 +0000] "GET /classicui/jquery.miniColors.css HTTP/1.1" 304 0 
0:0:0:0:0:0:0:1 -  -  [11/Mar/2016:04:05:58 +0000] "GET /classicui/WebApp/Action/Logic.min.js HTTP/1.1" 304 0 
0:0:0:0:0:0:0:1 -  -  [11/Mar/2016:04:05:58 +0000] "GET /classicui/jquery.min.js HTTP/1.1" 304 0 
0:0:0:0:0:0:0:1 -  -  [11/Mar/2016:04:05:58 +0000] "GET /classicui/jquery.miniColors.js HTTP/1.1" 304 0 
0:0:0:0:0:0:0:1 -  -  [11/Mar/2016:04:05:58 +0000] "GET /images/text.png HTTP/1.1" 404 1380 
0:0:0:0:0:0:0:1 -  -  [11/Mar/2016:04:05:58 +0000] "GET /images/none.png HTTP/1.1" 304 0 
0:0:0:0:0:0:0:1 -  -  [11/Mar/2016:04:05:58 +0000] "GET /images/favicon.ico HTTP/1.1" 200 1150 
0:0:0:0:0:0:0:1 -  -  [11/Mar/2016:04:05:55 +0000] "GET /openhab.app?sitemap=demo&poll=true&__async=true&__source=waHome HTTP/1.1" 200 92 
0:0:0:0:0:0:0:1 -  -  [11/Mar/2016:04:06:07 +0000] "GET /openhab.app?sitemap=demo HTTP/1.1" 200 9528 
0:0:0:0:0:0:0:1 -  -  [11/Mar/2016:04:06:08 +0000] "GET /classicui/WebApp/Design/Render.css HTTP/1.1" 304 0 
0:0:0:0:0:0:0:1 -  -  [11/Mar/2016:04:06:08 +0000] "GET /classicui/WebApp/Design/RenderRTL.css HTTP/1.1" 304 0 
0:0:0:0:0:0:0:1 -  -  [11/Mar/2016:04:06:08 +0000] "GET /classicui/WebApp/Design/Firefox.css HTTP/1.1" 304 0 
0:0:0:0:0:0:0:1 -  -  [11/Mar/2016:04:06:08 +0000] "GET /classicui/WebApp/Design/openHAB.css HTTP/1.1" 304 0 
0:0:0:0:0:0:0:1 -  -  [11/Mar/2016:04:06:08 +0000] "GET /classicui/jquery.miniColors.css HTTP/1.1" 304 0 
0:0:0:0:0:0:0:1 -  -  [11/Mar/2016:04:06:08 +0000] "GET /classicui/jquery.miniColors.js HTTP/1.1" 304 0 
0:0:0:0:0:0:0:1 -  -  [11/Mar/2016:04:06:08 +0000] "GET /classicui/WebApp/Action/Logic.min.js HTTP/1.1" 304 0 
0:0:0:0:0:0:0:1 -  -  [11/Mar/2016:04:06:08 +0000] "GET /classicui/jquery.min.js HTTP/1.1" 304 0 
0:0:0:0:0:0:0:1 -  -  [11/Mar/2016:04:06:08 +0000] "GET /images/text.png HTTP/1.1" 404 1380 
0:0:0:0:0:0:0:1 -  -  [11/Mar/2016:04:06:08 +0000] "GET /images/none.png HTTP/1.1" 304 0 
0:0:0:0:0:0:0:1 -  -  [11/Mar/2016:04:06:08 +0000] "GET /images/favicon.ico HTTP/1.1" 200 1150 
0:0:0:0:0:0:0:1 -  -  [11/Mar/2016:04:06:08 +0000] "GET /openhab.app?sitemap=demo HTTP/1.1" 200 9528 
0:0:0:0:0:0:0:1 -  -  [11/Mar/2016:04:06:08 +0000] "GET /classicui/WebApp/Design/Render.css HTTP/1.1" 304 0 
0:0:0:0:0:0:0:1 -  -  [11/Mar/2016:04:06:08 +0000] "GET /classicui/WebApp/Design/RenderRTL.css HTTP/1.1" 304 0 
0:0:0:0:0:0:0:1 -  -  [11/Mar/2016:04:06:08 +0000] "GET /classicui/WebApp/Design/openHAB.css HTTP/1.1" 304 0 
0:0:0:0:0:0:0:1 -  -  [11/Mar/2016:04:06:08 +0000] "GET /classicui/WebApp/Design/Firefox.css HTTP/1.1" 304 0 
0:0:0:0:0:0:0:1 -  -  [11/Mar/2016:04:06:08 +0000] "GET /classicui/jquery.miniColors.css HTTP/1.1" 304 0 
0:0:0:0:0:0:0:1 -  -  [11/Mar/2016:04:06:08 +0000] "GET /classicui/jquery.min.js HTTP/1.1" 304 0 
0:0:0:0:0:0:0:1 -  -  [11/Mar/2016:04:06:08 +0000] "GET /classicui/jquery.miniColors.js HTTP/1.1" 304 0 
0:0:0:0:0:0:0:1 -  -  [11/Mar/2016:04:06:08 +0000] "GET /classicui/WebApp/Action/Logic.min.js HTTP/1.1" 304 0 
0:0:0:0:0:0:0:1 -  -  [11/Mar/2016:04:06:08 +0000] "GET /images/text.png HTTP/1.1" 404 1380 
0:0:0:0:0:0:0:1 -  -  [11/Mar/2016:04:06:08 +0000] "GET /images/none.png HTTP/1.1" 304 0 
0:0:0:0:0:0:0:1 -  -  [11/Mar/2016:04:06:09 +0000] "GET /images/favicon.ico HTTP/1.1" 200 1150 
0:0:0:0:0:0:0:1 -  -  [11/Mar/2016:04:05:59 +0000] "GET /openhab.app?sitemap=demo&poll=true&__async=true&__source=waHome HTTP/1.1" 200 92 
0:0:0:0:0:0:0:1 -  -  [11/Mar/2016:04:06:10 +0000] "GET /openhab.app?sitemap=demo&poll=true&__async=true&__source=waHome HTTP/1.1" 200 92 
0:0:0:0:0:0:0:1 -  -  [11/Mar/2016:04:06:21 +0000] "GET /openhab.app?sitemap=demo&poll=true&__async=true&__source=waHome HTTP/1.1" 200 92 
0:0:0:0:0:0:0:1 -  -  [11/Mar/2016:04:06:31 +0000] "GET /openhab.app?sitemap=demo&poll=true&__async=true&__source=waHome HTTP/1.1" 200 92 
0:0:0:0:0:0:0:1 -  -  [11/Mar/2016:04:06:42 +0000] "GET /openhab.app?sitemap=demo&poll=true&__async=true&__source=waHome HTTP/1.1" 200 92 
0:0:0:0:0:0:0:1 -  -  [11/Mar/2016:04:06:52 +0000] "GET /openhab.app?sitemap=demo&poll=true&__async=true&__source=waHome HTTP/1.1" 200 92 
0:0:0:0:0:0:0:1 -  -  [11/Mar/2016:04:07:03 +0000] "GET /openhab.app?sitemap=demo&poll=true&__async=true&__source=waHome HTTP/1.1" 200 92 
0:0:0:0:0:0:0:1 -  -  [11/Mar/2016:04:07:13 +0000] "GET /openhab.app?sitemap=demo&poll=true&__async=true&__source=waHome HTTP/1.1" 200 92 
0:0:0:0:0:0:0:1 -  -  [11/Mar/2016:04:07:24 +0000] "GET /openhab.app?sitemap=demo&poll=true&__async=true&__source=waHome HTTP/1.1" 200 92 
0:0:0:0:0:0:0:1 -  -  [11/Mar/2016:04:07:34 +0000] "GET /openhab.app?sitemap=demo&poll=true&__async=true&__source=waHome HTTP/1.1" 200 92 
0:0:0:0:0:0:0:1 -  -  [11/Mar/2016:04:07:45 +0000] "GET /openhab.app?sitemap=demo&poll=true&__async=true&__source=waHome HTTP/1.1" 200 92 
0:0:0:0:0:0:0:1 -  -  [11/Mar/2016:04:07:55 +0000] "GET /openhab.app?sitemap=demo&poll=true&__async=true&__source=waHome HTTP/1.1" 200 92 
0:0:0:0:0:0:0:1 -  -  [11/Mar/2016:04:08:56 +0000] "GET /openhab.app?sitemap=demo HTTP/1.1" 200 9528 
0:0:0:0:0:0:0:1 -  -  [11/Mar/2016:04:08:57 +0000] "GET /classicui/WebApp/Design/Render.css HTTP/1.1" 304 0 
0:0:0:0:0:0:0:1 -  -  [11/Mar/2016:04:08:57 +0000] "GET /classicui/jquery.min.js HTTP/1.1" 304 0 
0:0:0:0:0:0:0:1 -  -  [11/Mar/2016:04:08:57 +0000] "GET /classicui/WebApp/Action/Logic.min.js HTTP/1.1" 304 0 
0:0:0:0:0:0:0:1 -  -  [11/Mar/2016:04:08:57 +0000] "GET /classicui/WebApp/Design/RenderRTL.css HTTP/1.1" 304 0 
0:0:0:0:0:0:0:1 -  -  [11/Mar/2016:04:08:57 +0000] "GET /classicui/WebApp/Design/Firefox.css HTTP/1.1" 304 0 
0:0:0:0:0:0:0:1 -  -  [11/Mar/2016:04:08:57 +0000] "GET /classicui/jquery.miniColors.css HTTP/1.1" 304 0 
0:0:0:0:0:0:0:1 -  -  [11/Mar/2016:04:08:57 +0000] "GET /classicui/WebApp/Design/openHAB.css HTTP/1.1" 304 0 
0:0:0:0:0:0:0:1 -  -  [11/Mar/2016:04:08:57 +0000] "GET /classicui/jquery.miniColors.js HTTP/1.1" 304 0 
0:0:0:0:0:0:0:1 -  -  [11/Mar/2016:04:08:57 +0000] "GET /images/text.png HTTP/1.1" 404 1380 
0:0:0:0:0:0:0:1 -  -  [11/Mar/2016:04:08:57 +0000] "GET /images/none.png HTTP/1.1" 304 0 
0:0:0:0:0:0:0:1 -  -  [11/Mar/2016:04:08:57 +0000] "GET /classicui/WebApp/Design/Img/bg.png HTTP/1.1" 304 0 
0:0:0:0:0:0:0:1 -  -  [11/Mar/2016:04:08:57 +0000] "GET /classicui/WebApp/Design/Img/select.png HTTP/1.1" 304 0 
0:0:0:0:0:0:0:1 -  -  [11/Mar/2016:04:08:57 +0000] "GET /classicui/WebApp/Design/Img/loader-white-100x12x1.png HTTP/1.1" 304 0 
0:0:0:0:0:0:0:1 -  -  [11/Mar/2016:04:08:57 +0000] "GET /classicui/WebApp/Design/Img/loader-white-100x12x2.png HTTP/1.1" 304 0 
0:0:0:0:0:0:0:1 -  -  [11/Mar/2016:04:08:57 +0000] "GET /classicui/WebApp/Design/Img/loader-white-100x12x3.png HTTP/1.1" 304 0 
0:0:0:0:0:0:0:1 -  -  [11/Mar/2016:04:08:57 +0000] "GET /classicui/WebApp/Design/Img/loader-white-100x12x4.png HTTP/1.1" 304 0 
0:0:0:0:0:0:0:1 -  -  [11/Mar/2016:04:08:57 +0000] "GET /classicui/WebApp/Design/Img/loader-white-100x12x5.png HTTP/1.1" 304 0 
0:0:0:0:0:0:0:1 -  -  [11/Mar/2016:04:08:57 +0000] "GET /classicui/WebApp/Design/Img/loader-white-100x12x6.png HTTP/1.1" 304 0 
0:0:0:0:0:0:0:1 -  -  [11/Mar/2016:04:08:57 +0000] "GET /classicui/WebApp/Design/Img/loader-white-100x12x7.png HTTP/1.1" 304 0 
0:0:0:0:0:0:0:1 -  -  [11/Mar/2016:04:08:57 +0000] "GET /classicui/WebApp/Design/Img/loader-white-100x12x8.png HTTP/1.1" 304 0 
0:0:0:0:0:0:0:1 -  -  [11/Mar/2016:04:08:57 +0000] "GET /classicui/WebApp/Design/Img/loader-white-100x12x9.png HTTP/1.1" 304 0 
0:0:0:0:0:0:0:1 -  -  [11/Mar/2016:04:08:57 +0000] "GET /classicui/WebApp/Design/Img/loader-white-100x12x10.png HTTP/1.1" 304 0 
0:0:0:0:0:0:0:1 -  -  [11/Mar/2016:04:08:57 +0000] "GET /classicui/WebApp/Design/Img/bg-head.png HTTP/1.1" 304 0 
0:0:0:0:0:0:0:1 -  -  [11/Mar/2016:04:08:57 +0000] "GET /classicui/WebApp/Design/Img/loader-gray-100x12x1.png HTTP/1.1" 304 0 
0:0:0:0:0:0:0:1 -  -  [11/Mar/2016:04:08:57 +0000] "GET /classicui/WebApp/Design/Img/loader-big-white-100x12x10.png HTTP/1.1" 304 0 
0:0:0:0:0:0:0:1 -  -  [11/Mar/2016:04:08:57 +0000] "GET /classicui/WebApp/Design/Img/loader-gray-100x12x9.png HTTP/1.1" 304 0 
0:0:0:0:0:0:0:1 -  -  [11/Mar/2016:04:08:57 +0000] "GET /classicui/WebApp/Design/Img/loader-big-white-100x12x3.png HTTP/1.1" 304 0 
0:0:0:0:0:0:0:1 -  -  [11/Mar/2016:04:08:57 +0000] "GET /classicui/WebApp/Design/Img/button-simple-touch.png HTTP/1.1" 304 0 
0:0:0:0:0:0:0:1 -  -  [11/Mar/2016:04:08:57 +0000] "GET /classicui/WebApp/Design/Img/loader-big-white-100x12x12.png HTTP/1.1" 304 0 
0:0:0:0:0:0:0:1 -  -  [11/Mar/2016:04:08:57 +0000] "GET /classicui/WebApp/Design/Img/loader-big-white-100x12x1.png HTTP/1.1" 304 0 
0:0:0:0:0:0:0:1 -  -  [11/Mar/2016:04:08:57 +0000] "GET /classicui/WebApp/Design/Img/loader-gray-100x12x5.png HTTP/1.1" 304 0 
0:0:0:0:0:0:0:1 -  -  [11/Mar/2016:04:08:57 +0000] "GET /classicui/WebApp/Design/Img/check-sel.png HTTP/1.1" 304 0 
0:0:0:0:0:0:0:1 -  -  [11/Mar/2016:04:08:57 +0000] "GET /classicui/WebApp/Design/Img/loader-gray-100x12x10.png HTTP/1.1" 304 0 
0:0:0:0:0:0:0:1 -  -  [11/Mar/2016:04:08:57 +0000] "GET /classicui/WebApp/Design/Img/chevron-select.png HTTP/1.1" 304 0 
0:0:0:0:0:0:0:1 -  -  [11/Mar/2016:04:08:57 +0000] "GET /classicui/WebApp/Design/Img/loader-big-white-100x12x7.png HTTP/1.1" 304 0 
0:0:0:0:0:0:0:1 -  -  [11/Mar/2016:04:08:57 +0000] "GET /classicui/WebApp/Design/Img/loader-big-white-100x12x8.png HTTP/1.1" 304 0 
0:0:0:0:0:0:0:1 -  -  [11/Mar/2016:04:08:57 +0000] "GET /classicui/WebApp/Design/Img/loader-gray-100x12x2.png HTTP/1.1" 304 0 
0:0:0:0:0:0:0:1 -  -  [11/Mar/2016:04:08:57 +0000] "GET /classicui/WebApp/Design/Img/loader-white-100x12x12.png HTTP/1.1" 304 0 
0:0:0:0:0:0:0:1 -  -  [11/Mar/2016:04:08:57 +0000] "GET /classicui/WebApp/Design/Img/loader-big-white-100x12x2.png HTTP/1.1" 304 0 
0:0:0:0:0:0:0:1 -  -  [11/Mar/2016:04:08:57 +0000] "GET /classicui/WebApp/Design/Img/loader-big-white-100x12x4.png HTTP/1.1" 304 0 
0:0:0:0:0:0:0:1 -  -  [11/Mar/2016:04:08:57 +0000] "GET /classicui/WebApp/Design/Img/loader-gray-100x12x12.png HTTP/1.1" 304 0 
0:0:0:0:0:0:0:1 -  -  [11/Mar/2016:04:08:57 +0000] "GET /classicui/WebApp/Design/Img/loader-gray-100x12x11.png HTTP/1.1" 304 0 
0:0:0:0:0:0:0:1 -  -  [11/Mar/2016:04:08:57 +0000] "GET /classicui/WebApp/Design/Img/loader-gray-100x12x4.png HTTP/1.1" 304 0 
0:0:0:0:0:0:0:1 -  -  [11/Mar/2016:04:08:57 +0000] "GET /classicui/WebApp/Design/Img/loader-big-white-100x12x6.png HTTP/1.1" 304 0 
0:0:0:0:0:0:0:1 -  -  [11/Mar/2016:04:08:57 +0000] "GET /classicui/WebApp/Design/Img/loader-gray-100x12x8.png HTTP/1.1" 304 0 
0:0:0:0:0:0:0:1 -  -  [11/Mar/2016:04:08:57 +0000] "GET /classicui/WebApp/Design/Img/loader-big-white-100x12x9.png HTTP/1.1" 304 0 
0:0:0:0:0:0:0:1 -  -  [11/Mar/2016:04:08:57 +0000] "GET /classicui/WebApp/Design/Img/loader-big-white-100x12x5.png HTTP/1.1" 304 0 
0:0:0:0:0:0:0:1 -  -  [11/Mar/2016:04:08:57 +0000] "GET /classicui/WebApp/Design/Img/loader-gray-100x12x3.png HTTP/1.1" 304 0 
0:0:0:0:0:0:0:1 -  -  [11/Mar/2016:04:08:57 +0000] "GET /classicui/WebApp/Design/Img/loader-gray-100x12x7.png HTTP/1.1" 304 0 
0:0:0:0:0:0:0:1 -  -  [11/Mar/2016:04:08:57 +0000] "GET /classicui/WebApp/Design/Img/loader-gray-100x12x6.png HTTP/1.1" 304 0 
0:0:0:0:0:0:0:1 -  -  [11/Mar/2016:04:08:57 +0000] "GET /classicui/WebApp/Design/Img/loader-white-100x12x11.png HTTP/1.1" 304 0 
0:0:0:0:0:0:0:1 -  -  [11/Mar/2016:04:08:57 +0000] "GET /classicui/WebApp/Design/Img/loader-big-white-100x12x11.png HTTP/1.1" 304 0 
0:0:0:0:0:0:0:1 -  -  [11/Mar/2016:04:08:57 +0000] "GET /classicui/WebApp/Design/Img/button-back-touch.png HTTP/1.1" 304 0 
0:0:0:0:0:0:0:1 -  -  [11/Mar/2016:04:08:57 +0000] "GET /classicui/WebApp/Design/Img/button-back.png HTTP/1.1" 304 0 
0:0:0:0:0:0:0:1 -  -  [11/Mar/2016:04:08:57 +0000] "GET /classicui/WebApp/Design/Img/button-simple.png HTTP/1.1" 304 0 
0:0:0:0:0:0:0:1 -  -  [11/Mar/2016:04:08:57 +0000] "GET /classicui/jquery.minicolors.png HTTP/1.1" 304 0 
0:0:0:0:0:0:0:1 -  -  [11/Mar/2016:04:08:59 +0000] "GET /openhab.app?sitemap=demo HTTP/1.1" 200 9528 
0:0:0:0:0:0:0:1 -  -  [11/Mar/2016:04:08:59 +0000] "GET /classicui/WebApp/Design/Render.css HTTP/1.1" 304 0 
0:0:0:0:0:0:0:1 -  -  [11/Mar/2016:04:08:59 +0000] "GET /classicui/WebApp/Design/RenderRTL.css HTTP/1.1" 304 0 
0:0:0:0:0:0:0:1 -  -  [11/Mar/2016:04:08:59 +0000] "GET /classicui/WebApp/Design/Firefox.css HTTP/1.1" 304 0 
0:0:0:0:0:0:0:1 -  -  [11/Mar/2016:04:08:59 +0000] "GET /classicui/WebApp/Design/openHAB.css HTTP/1.1" 304 0 
0:0:0:0:0:0:0:1 -  -  [11/Mar/2016:04:08:59 +0000] "GET /classicui/jquery.miniColors.css HTTP/1.1" 304 0 
0:0:0:0:0:0:0:1 -  -  [11/Mar/2016:04:08:59 +0000] "GET /classicui/WebApp/Action/Logic.min.js HTTP/1.1" 304 0 
0:0:0:0:0:0:0:1 -  -  [11/Mar/2016:04:08:59 +0000] "GET /classicui/jquery.min.js HTTP/1.1" 304 0 
0:0:0:0:0:0:0:1 -  -  [11/Mar/2016:04:08:59 +0000] "GET /classicui/jquery.miniColors.js HTTP/1.1" 304 0 
0:0:0:0:0:0:0:1 -  -  [11/Mar/2016:04:08:59 +0000] "GET /images/text.png HTTP/1.1" 404 1380 
0:0:0:0:0:0:0:1 -  -  [11/Mar/2016:04:08:59 +0000] "GET /images/none.png HTTP/1.1" 304 0 
0:0:0:0:0:0:0:1 -  -  [11/Mar/2016:04:08:59 +0000] "GET /images/favicon.ico HTTP/1.1" 200 1150 
0:0:0:0:0:0:0:1 -  -  [11/Mar/2016:04:08:58 +0000] "GET /openhab.app?sitemap=demo&poll=true&__async=true&__source=waHome HTTP/1.1" 200 92 
0:0:0:0:0:0:0:1 -  -  [11/Mar/2016:04:09:00 +0000] "GET /openhab.app?sitemap=demo&poll=true&__async=true&__source=waHome HTTP/1.1" 200 92 
0:0:0:0:0:0:0:1 -  -  [11/Mar/2016:04:09:11 +0000] "GET /openhab.app?sitemap=demo&poll=true&__async=true&__source=waHome HTTP/1.1" 200 92 
0:0:0:0:0:0:0:1 -  -  [11/Mar/2016:04:09:21 +0000] "GET /openhab.app?sitemap=demo&poll=true&__async=true&__source=waHome HTTP/1.1" 200 92 
0:0:0:0:0:0:0:1 -  -  [11/Mar/2016:04:09:32 +0000] "GET /openhab.app?sitemap=demo&poll=true&__async=true&__source=waHome HTTP/1.1" 200 92 
0:0:0:0:0:0:0:1 -  -  [11/Mar/2016:04:09:42 +0000] "GET /openhab.app?sitemap=demo&poll=true&__async=true&__source=waHome HTTP/1.1" 200 92 
0:0:0:0:0:0:0:1 -  -  [11/Mar/2016:04:09:53 +0000] "GET /openhab.app?sitemap=demo&poll=true&__async=true&__source=waHome HTTP/1.1" 200 92 
0:0:0:0:0:0:0:1 -  -  [11/Mar/2016:04:10:03 +0000] "GET /openhab.app?sitemap=demo&poll=true&__async=true&__source=waHome HTTP/1.1" 200 92 
0:0:0:0:0:0:0:1 -  -  [11/Mar/2016:04:10:14 +0000] "GET /openhab.app?sitemap=demo&poll=true&__async=true&__source=waHome HTTP/1.1" 200 92 
0:0:0:0:0:0:0:1 -  -  [11/Mar/2016:04:10:30 +0000] "GET /openhab.app?sitemap=demo HTTP/1.1" 200 9528 
0:0:0:0:0:0:0:1 -  -  [11/Mar/2016:04:10:30 +0000] "GET /classicui/WebApp/Design/Render.css HTTP/1.1" 304 0 
0:0:0:0:0:0:0:1 -  -  [11/Mar/2016:04:10:30 +0000] "GET /classicui/WebApp/Design/RenderRTL.css HTTP/1.1" 304 0 
0:0:0:0:0:0:0:1 -  -  [11/Mar/2016:04:10:30 +0000] "GET /classicui/WebApp/Design/Firefox.css HTTP/1.1" 304 0 
0:0:0:0:0:0:0:1 -  -  [11/Mar/2016:04:10:30 +0000] "GET /classicui/WebApp/Design/openHAB.css HTTP/1.1" 304 0 
0:0:0:0:0:0:0:1 -  -  [11/Mar/2016:04:10:30 +0000] "GET /classicui/jquery.miniColors.css HTTP/1.1" 304 0 
0:0:0:0:0:0:0:1 -  -  [11/Mar/2016:04:10:30 +0000] "GET /classicui/WebApp/Action/Logic.min.js HTTP/1.1" 304 0 
0:0:0:0:0:0:0:1 -  -  [11/Mar/2016:04:10:30 +0000] "GET /classicui/jquery.miniColors.js HTTP/1.1" 304 0 
0:0:0:0:0:0:0:1 -  -  [11/Mar/2016:04:10:30 +0000] "GET /classicui/jquery.min.js HTTP/1.1" 304 0 
0:0:0:0:0:0:0:1 -  -  [11/Mar/2016:04:10:30 +0000] "GET /images/text.png HTTP/1.1" 404 1380 
0:0:0:0:0:0:0:1 -  -  [11/Mar/2016:04:10:30 +0000] "GET /images/none.png HTTP/1.1" 304 0 
0:0:0:0:0:0:0:1 -  -  [11/Mar/2016:04:10:30 +0000] "GET /images/favicon.ico HTTP/1.1" 200 1150 
0:0:0:0:0:0:0:1 -  -  [11/Mar/2016:04:10:25 +0000] "GET /openhab.app?sitemap=demo&poll=true&__async=true&__source=waHome HTTP/1.1" 200 92 
0:0:0:0:0:0:0:1 -  -  [11/Mar/2016:04:10:32 +0000] "GET /openhab.app?sitemap=demo&poll=true&__async=true&__source=waHome HTTP/1.1" 200 92 
0:0:0:0:0:0:0:1 -  -  [11/Mar/2016:04:10:42 +0000] "GET /openhab.app?sitemap=demo&poll=true&__async=true&__source=waHome HTTP/1.1" 200 92 
0:0:0:0:0:0:0:1 -  -  [11/Mar/2016:04:11:00 +0000] "GET /openhab.app?sitemap=demo HTTP/1.1" 200 9528 
0:0:0:0:0:0:0:1 -  -  [11/Mar/2016:04:11:00 +0000] "GET /classicui/WebApp/Design/Render.css HTTP/1.1" 304 0 
0:0:0:0:0:0:0:1 -  -  [11/Mar/2016:04:11:00 +0000] "GET /classicui/WebApp/Design/RenderRTL.css HTTP/1.1" 304 0 
0:0:0:0:0:0:0:1 -  -  [11/Mar/2016:04:11:00 +0000] "GET /classicui/WebApp/Design/Firefox.css HTTP/1.1" 304 0 
0:0:0:0:0:0:0:1 -  -  [11/Mar/2016:04:11:00 +0000] "GET /classicui/WebApp/Design/openHAB.css HTTP/1.1" 304 0 
0:0:0:0:0:0:0:1 -  -  [11/Mar/2016:04:11:00 +0000] "GET /classicui/jquery.miniColors.css HTTP/1.1" 304 0 
0:0:0:0:0:0:0:1 -  -  [11/Mar/2016:04:11:00 +0000] "GET /classicui/WebApp/Action/Logic.min.js HTTP/1.1" 304 0 
0:0:0:0:0:0:0:1 -  -  [11/Mar/2016:04:11:00 +0000] "GET /classicui/jquery.min.js HTTP/1.1" 304 0 
0:0:0:0:0:0:0:1 -  -  [11/Mar/2016:04:11:00 +0000] "GET /classicui/jquery.miniColors.js HTTP/1.1" 304 0 
0:0:0:0:0:0:0:1 -  -  [11/Mar/2016:04:11:00 +0000] "GET /images/text.png HTTP/1.1" 404 1380 
0:0:0:0:0:0:0:1 -  -  [11/Mar/2016:04:11:00 +0000] "GET /images/none.png HTTP/1.1" 304 0 
0:0:0:0:0:0:0:1 -  -  [11/Mar/2016:04:11:00 +0000] "GET /images/favicon.ico HTTP/1.1" 200 1150 
0:0:0:0:0:0:0:1 -  -  [11/Mar/2016:04:10:53 +0000] "GET /openhab.app?sitemap=demo&poll=true&__async=true&__source=waHome HTTP/1.1" 200 92 
0:0:0:0:0:0:0:1 -  -  [11/Mar/2016:04:11:01 +0000] "GET /openhab.app?sitemap=demo&poll=true&__async=true&__source=waHome HTTP/1.1" 200 92 
0:0:0:0:0:0:0:1 -  -  [11/Mar/2016:04:11:12 +0000] "GET /openhab.app?sitemap=demo&poll=true&__async=true&__source=waHome HTTP/1.1" 200 92 
0:0:0:0:0:0:0:1 -  -  [11/Mar/2016:04:11:22 +0000] "GET /openhab.app?sitemap=demo&poll=true&__async=true&__source=waHome HTTP/1.1" 200 92 
0:0:0:0:0:0:0:1 -  -  [11/Mar/2016:04:11:33 +0000] "GET /openhab.app?sitemap=demo&poll=true&__async=true&__source=waHome HTTP/1.1" 200 92 
0:0:0:0:0:0:0:1 -  -  [11/Mar/2016:04:11:43 +0000] "GET /openhab.app?sitemap=demo&poll=true&__async=true&__source=waHome HTTP/1.1" 200 92 
0:0:0:0:0:0:0:1 -  -  [11/Mar/2016:04:11:54 +0000] "GET /openhab.app?sitemap=demo&poll=true&__async=true&__source=waHome HTTP/1.1" 200 92 
0:0:0:0:0:0:0:1 -  -  [11/Mar/2016:04:12:46 +0000] "GET /openhab.app?sitemap=demo HTTP/1.1" 200 9528 
0:0:0:0:0:0:0:1 -  -  [11/Mar/2016:04:12:47 +0000] "GET /images/text.png HTTP/1.1" 404 1380 
0:0:0:0:0:0:0:1 -  -  [11/Mar/2016:04:12:48 +0000] "GET /openhab.app?sitemap=demo&poll=true&__async=true&__source=waHome HTTP/1.1" 200 92 
0:0:0:0:0:0:0:1 -  -  [11/Mar/2016:04:12:59 +0000] "GET /openhab.app?sitemap=demo&poll=true&__async=true&__source=waHome HTTP/1.1" 200 92 
0:0:0:0:0:0:0:1 -  -  [11/Mar/2016:04:13:09 +0000] "GET /openhab.app?sitemap=demo&poll=true&__async=true&__source=waHome HTTP/1.1" 200 92 
0:0:0:0:0:0:0:1 -  -  [11/Mar/2016:04:13:20 +0000] "GET /openhab.app?sitemap=demo&poll=true&__async=true&__source=waHome HTTP/1.1" 200 92 
0:0:0:0:0:0:0:1 -  -  [11/Mar/2016:04:13:30 +0000] "GET /openhab.app?sitemap=demo&poll=true&__async=true&__source=waHome HTTP/1.1" 200 92 
0:0:0:0:0:0:0:1 -  -  [11/Mar/2016:04:13:41 +0000] "GET /openhab.app?sitemap=demo&poll=true&__async=true&__source=waHome HTTP/1.1" 200 92 
0:0:0:0:0:0:0:1 -  -  [11/Mar/2016:04:13:51 +0000] "GET /openhab.app?sitemap=demo&poll=true&__async=true&__source=waHome HTTP/1.1" 200 92 
0:0:0:0:0:0:0:1 -  -  [11/Mar/2016:04:14:02 +0000] "GET /openhab.app?sitemap=demo&poll=true&__async=true&__source=waHome HTTP/1.1" 200 92 
0:0:0:0:0:0:0:1 -  -  [11/Mar/2016:04:14:12 +0000] "GET /openhab.app?sitemap=demo&poll=true&__async=true&__source=waHome HTTP/1.1" 200 92 
0:0:0:0:0:0:0:1 -  -  [11/Mar/2016:04:14:23 +0000] "GET /openhab.app?sitemap=demo&poll=true&__async=true&__source=waHome HTTP/1.1" 200 92 
0:0:0:0:0:0:0:1 -  -  [11/Mar/2016:04:14:33 +0000] "GET /openhab.app?sitemap=demo&poll=true&__async=true&__source=waHome HTTP/1.1" 200 92 
0:0:0:0:0:0:0:1 -  -  [11/Mar/2016:04:14:44 +0000] "GET /openhab.app?sitemap=demo&poll=true&__async=true&__source=waHome HTTP/1.1" 200 92 
0:0:0:0:0:0:0:1 -  -  [11/Mar/2016:04:14:58 +0000] "GET /openhab.app?sitemap=demo HTTP/1.1" 200 9528 
0:0:0:0:0:0:0:1 -  -  [11/Mar/2016:04:14:58 +0000] "GET /classicui/WebApp/Design/Render.css HTTP/1.1" 304 0 
0:0:0:0:0:0:0:1 -  -  [11/Mar/2016:04:14:58 +0000] "GET /classicui/WebApp/Design/RenderRTL.css HTTP/1.1" 304 0 
0:0:0:0:0:0:0:1 -  -  [11/Mar/2016:04:14:58 +0000] "GET /classicui/WebApp/Design/Firefox.css HTTP/1.1" 304 0 
0:0:0:0:0:0:0:1 -  -  [11/Mar/2016:04:14:58 +0000] "GET /classicui/jquery.miniColors.css HTTP/1.1" 304 0 
0:0:0:0:0:0:0:1 -  -  [11/Mar/2016:04:14:58 +0000] "GET /classicui/WebApp/Design/openHAB.css HTTP/1.1" 304 0 
0:0:0:0:0:0:0:1 -  -  [11/Mar/2016:04:14:58 +0000] "GET /classicui/WebApp/Action/Logic.min.js HTTP/1.1" 304 0 
0:0:0:0:0:0:0:1 -  -  [11/Mar/2016:04:14:58 +0000] "GET /classicui/jquery.min.js HTTP/1.1" 304 0 
0:0:0:0:0:0:0:1 -  -  [11/Mar/2016:04:14:58 +0000] "GET /classicui/jquery.miniColors.js HTTP/1.1" 304 0 
0:0:0:0:0:0:0:1 -  -  [11/Mar/2016:04:14:58 +0000] "GET /images/text.png HTTP/1.1" 404 1380 
0:0:0:0:0:0:0:1 -  -  [11/Mar/2016:04:14:58 +0000] "GET /images/none.png HTTP/1.1" 304 0 
0:0:0:0:0:0:0:1 -  -  [11/Mar/2016:04:14:58 +0000] "GET /classicui/WebApp/Design/Img/bg.png HTTP/1.1" 304 0 
0:0:0:0:0:0:0:1 -  -  [11/Mar/2016:04:14:58 +0000] "GET /classicui/WebApp/Design/Img/select.png HTTP/1.1" 304 0 
0:0:0:0:0:0:0:1 -  -  [11/Mar/2016:04:14:58 +0000] "GET /classicui/WebApp/Design/Img/loader-white-100x12x1.png HTTP/1.1" 304 0 
0:0:0:0:0:0:0:1 -  -  [11/Mar/2016:04:14:58 +0000] "GET /classicui/WebApp/Design/Img/loader-white-100x12x3.png HTTP/1.1" 304 0 
0:0:0:0:0:0:0:1 -  -  [11/Mar/2016:04:14:58 +0000] "GET /classicui/WebApp/Design/Img/loader-white-100x12x2.png HTTP/1.1" 304 0 
0:0:0:0:0:0:0:1 -  -  [11/Mar/2016:04:14:58 +0000] "GET /classicui/WebApp/Design/Img/loader-white-100x12x4.png HTTP/1.1" 304 0 
0:0:0:0:0:0:0:1 -  -  [11/Mar/2016:04:14:58 +0000] "GET /classicui/WebApp/Design/Img/loader-white-100x12x5.png HTTP/1.1" 304 0 
0:0:0:0:0:0:0:1 -  -  [11/Mar/2016:04:14:58 +0000] "GET /classicui/WebApp/Design/Img/loader-white-100x12x6.png HTTP/1.1" 304 0 
0:0:0:0:0:0:0:1 -  -  [11/Mar/2016:04:14:58 +0000] "GET /classicui/WebApp/Design/Img/loader-white-100x12x7.png HTTP/1.1" 304 0 
0:0:0:0:0:0:0:1 -  -  [11/Mar/2016:04:14:58 +0000] "GET /classicui/WebApp/Design/Img/loader-white-100x12x8.png HTTP/1.1" 304 0 
0:0:0:0:0:0:0:1 -  -  [11/Mar/2016:04:14:58 +0000] "GET /classicui/WebApp/Design/Img/loader-white-100x12x9.png HTTP/1.1" 304 0 
0:0:0:0:0:0:0:1 -  -  [11/Mar/2016:04:14:58 +0000] "GET /classicui/WebApp/Design/Img/loader-white-100x12x10.png HTTP/1.1" 304 0 
0:0:0:0:0:0:0:1 -  -  [11/Mar/2016:04:14:58 +0000] "GET /classicui/WebApp/Design/Img/loader-white-100x12x11.png HTTP/1.1" 304 0 
0:0:0:0:0:0:0:1 -  -  [11/Mar/2016:04:14:58 +0000] "GET /classicui/WebApp/Design/Img/loader-white-100x12x12.png HTTP/1.1" 304 0 
0:0:0:0:0:0:0:1 -  -  [11/Mar/2016:04:14:58 +0000] "GET /classicui/WebApp/Design/Img/loader-gray-100x12x1.png HTTP/1.1" 304 0 
0:0:0:0:0:0:0:1 -  -  [11/Mar/2016:04:14:58 +0000] "GET /classicui/WebApp/Design/Img/loader-gray-100x12x2.png HTTP/1.1" 304 0 
0:0:0:0:0:0:0:1 -  -  [11/Mar/2016:04:14:58 +0000] "GET /classicui/WebApp/Design/Img/loader-gray-100x12x3.png HTTP/1.1" 304 0 
0:0:0:0:0:0:0:1 -  -  [11/Mar/2016:04:14:58 +0000] "GET /classicui/WebApp/Design/Img/loader-gray-100x12x4.png HTTP/1.1" 304 0 
0:0:0:0:0:0:0:1 -  -  [11/Mar/2016:04:14:58 +0000] "GET /classicui/WebApp/Design/Img/loader-gray-100x12x5.png HTTP/1.1" 304 0 
0:0:0:0:0:0:0:1 -  -  [11/Mar/2016:04:14:58 +0000] "GET /classicui/WebApp/Design/Img/loader-gray-100x12x7.png HTTP/1.1" 304 0 
0:0:0:0:0:0:0:1 -  -  [11/Mar/2016:04:14:58 +0000] "GET /classicui/WebApp/Design/Img/loader-gray-100x12x6.png HTTP/1.1" 304 0 
0:0:0:0:0:0:0:1 -  -  [11/Mar/2016:04:14:58 +0000] "GET /classicui/WebApp/Design/Img/loader-gray-100x12x8.png HTTP/1.1" 304 0 
0:0:0:0:0:0:0:1 -  -  [11/Mar/2016:04:14:58 +0000] "GET /classicui/WebApp/Design/Img/loader-gray-100x12x9.png HTTP/1.1" 304 0 
0:0:0:0:0:0:0:1 -  -  [11/Mar/2016:04:14:58 +0000] "GET /classicui/WebApp/Design/Img/loader-gray-100x12x10.png HTTP/1.1" 304 0 
0:0:0:0:0:0:0:1 -  -  [11/Mar/2016:04:14:58 +0000] "GET /classicui/WebApp/Design/Img/loader-gray-100x12x11.png HTTP/1.1" 304 0 
0:0:0:0:0:0:0:1 -  -  [11/Mar/2016:04:14:58 +0000] "GET /classicui/WebApp/Design/Img/loader-gray-100x12x12.png HTTP/1.1" 304 0 
0:0:0:0:0:0:0:1 -  -  [11/Mar/2016:04:14:58 +0000] "GET /classicui/WebApp/Design/Img/loader-big-white-100x12x1.png HTTP/1.1" 304 0 
0:0:0:0:0:0:0:1 -  -  [11/Mar/2016:04:14:58 +0000] "GET /classicui/WebApp/Design/Img/loader-big-white-100x12x2.png HTTP/1.1" 304 0 
0:0:0:0:0:0:0:1 -  -  [11/Mar/2016:04:14:58 +0000] "GET /classicui/WebApp/Design/Img/loader-big-white-100x12x3.png HTTP/1.1" 304 0 
0:0:0:0:0:0:0:1 -  -  [11/Mar/2016:04:14:58 +0000] "GET /classicui/WebApp/Design/Img/loader-big-white-100x12x4.png HTTP/1.1" 304 0 
0:0:0:0:0:0:0:1 -  -  [11/Mar/2016:04:14:58 +0000] "GET /classicui/WebApp/Design/Img/loader-big-white-100x12x5.png HTTP/1.1" 304 0 
0:0:0:0:0:0:0:1 -  -  [11/Mar/2016:04:14:58 +0000] "GET /classicui/WebApp/Design/Img/loader-big-white-100x12x6.png HTTP/1.1" 304 0 
0:0:0:0:0:0:0:1 -  -  [11/Mar/2016:04:14:58 +0000] "GET /classicui/WebApp/Design/Img/loader-big-white-100x12x7.png HTTP/1.1" 304 0 
0:0:0:0:0:0:0:1 -  -  [11/Mar/2016:04:14:58 +0000] "GET /classicui/WebApp/Design/Img/loader-big-white-100x12x8.png HTTP/1.1" 304 0 
0:0:0:0:0:0:0:1 -  -  [11/Mar/2016:04:14:58 +0000] "GET /classicui/WebApp/Design/Img/loader-big-white-100x12x9.png HTTP/1.1" 304 0 
0:0:0:0:0:0:0:1 -  -  [11/Mar/2016:04:14:58 +0000] "GET /classicui/WebApp/Design/Img/loader-big-white-100x12x10.png HTTP/1.1" 304 0 
0:0:0:0:0:0:0:1 -  -  [11/Mar/2016:04:14:58 +0000] "GET /classicui/WebApp/Design/Img/loader-big-white-100x12x11.png HTTP/1.1" 304 0 
0:0:0:0:0:0:0:1 -  -  [11/Mar/2016:04:14:58 +0000] "GET /classicui/WebApp/Design/Img/loader-big-white-100x12x12.png HTTP/1.1" 304 0 
0:0:0:0:0:0:0:1 -  -  [11/Mar/2016:04:14:58 +0000] "GET /classicui/WebApp/Design/Img/chevron-select.png HTTP/1.1" 304 0 
0:0:0:0:0:0:0:1 -  -  [11/Mar/2016:04:14:58 +0000] "GET /classicui/WebApp/Design/Img/check-sel.png HTTP/1.1" 304 0 
0:0:0:0:0:0:0:1 -  -  [11/Mar/2016:04:14:58 +0000] "GET /classicui/WebApp/Design/Img/button-back-touch.png HTTP/1.1" 304 0 
0:0:0:0:0:0:0:1 -  -  [11/Mar/2016:04:14:58 +0000] "GET /classicui/WebApp/Design/Img/button-simple-touch.png HTTP/1.1" 304 0 
0:0:0:0:0:0:0:1 -  -  [11/Mar/2016:04:14:58 +0000] "GET /classicui/WebApp/Design/Img/bg-head.png HTTP/1.1" 304 0 
0:0:0:0:0:0:0:1 -  -  [11/Mar/2016:04:14:58 +0000] "GET /classicui/WebApp/Design/Img/button-back.png HTTP/1.1" 304 0 
0:0:0:0:0:0:0:1 -  -  [11/Mar/2016:04:14:58 +0000] "GET /classicui/WebApp/Design/Img/button-simple.png HTTP/1.1" 304 0 
0:0:0:0:0:0:0:1 -  -  [11/Mar/2016:04:14:58 +0000] "GET /classicui/jquery.minicolors.png HTTP/1.1" 304 0 
0:0:0:0:0:0:0:1 -  -  [11/Mar/2016:04:14:58 +0000] "GET /images/favicon.ico HTTP/1.1" 200 1150 
0:0:0:0:0:0:0:1 -  -  [11/Mar/2016:04:15:04 +0000] "GET /openhab.app?sitemap=demo HTTP/1.1" 200 9528 
0:0:0:0:0:0:0:1 -  -  [11/Mar/2016:04:15:04 +0000] "GET /images/text.png HTTP/1.1" 404 1380 
0:0:0:0:0:0:0:1 -  -  [11/Mar/2016:04:14:54 +0000] "GET /openhab.app?sitemap=demo&poll=true&__async=true&__source=waHome HTTP/1.1" 200 92 
0:0:0:0:0:0:0:1 -  -  [11/Mar/2016:04:15:00 +0000] "GET /openhab.app?sitemap=demo&poll=true&__async=true&__source=waHome HTTP/1.1" 200 92 
0:0:0:0:0:0:0:1 -  -  [11/Mar/2016:04:15:16 +0000] "GET /openhab.app?sitemap=demo HTTP/1.1" 200 9528 
0:0:0:0:0:0:0:1 -  -  [11/Mar/2016:04:15:16 +0000] "GET /images/text.png HTTP/1.1" 404 1380 
0:0:0:0:0:0:0:1 -  -  [11/Mar/2016:04:15:05 +0000] "GET /openhab.app?sitemap=demo&poll=true&__async=true&__source=waHome HTTP/1.1" 200 92 
0:0:0:0:0:0:0:1 -  -  [11/Mar/2016:04:19:12 +0000] "GET /openhab.app?sitemap=demo HTTP/1.1" 200 9528 
0:0:0:0:0:0:0:1 -  -  [11/Mar/2016:04:19:12 +0000] "GET /images/text.png HTTP/1.1" 404 1380 
0:0:0:0:0:0:0:1 -  -  [11/Mar/2016:04:19:12 +0000] "GET /images/none.png HTTP/1.1" 304 0 
0:0:0:0:0:0:0:1 -  -  [11/Mar/2016:04:19:14 +0000] "GET /openhab.app?sitemap=demo&poll=true&__async=true&__source=waHome HTTP/1.1" 200 92 
0:0:0:0:0:0:0:1 -  -  [11/Mar/2016:04:19:24 +0000] "GET /openhab.app?sitemap=demo&poll=true&__async=true&__source=waHome HTTP/1.1" 200 92 
0:0:0:0:0:0:0:1 -  -  [11/Mar/2016:04:19:35 +0000] "GET /openhab.app?sitemap=demo&poll=true&__async=true&__source=waHome HTTP/1.1" 200 92 
0:0:0:0:0:0:0:1 -  -  [11/Mar/2016:04:19:52 +0000] "GET /openhab.app?sitemap=demo HTTP/1.1" 200 9528 
0:0:0:0:0:0:0:1 -  -  [11/Mar/2016:04:19:52 +0000] "GET /classicui/WebApp/Design/Render.css HTTP/1.1" 304 0 
0:0:0:0:0:0:0:1 -  -  [11/Mar/2016:04:19:52 +0000] "GET /classicui/WebApp/Design/RenderRTL.css HTTP/1.1" 304 0 
0:0:0:0:0:0:0:1 -  -  [11/Mar/2016:04:19:52 +0000] "GET /classicui/WebApp/Design/Firefox.css HTTP/1.1" 304 0 
0:0:0:0:0:0:0:1 -  -  [11/Mar/2016:04:19:52 +0000] "GET /classicui/WebApp/Design/openHAB.css HTTP/1.1" 304 0 
0:0:0:0:0:0:0:1 -  -  [11/Mar/2016:04:19:52 +0000] "GET /classicui/jquery.miniColors.css HTTP/1.1" 304 0 
0:0:0:0:0:0:0:1 -  -  [11/Mar/2016:04:19:52 +0000] "GET /classicui/WebApp/Action/Logic.min.js HTTP/1.1" 304 0 
0:0:0:0:0:0:0:1 -  -  [11/Mar/2016:04:19:52 +0000] "GET /classicui/jquery.min.js HTTP/1.1" 304 0 
0:0:0:0:0:0:0:1 -  -  [11/Mar/2016:04:19:52 +0000] "GET /classicui/jquery.miniColors.js HTTP/1.1" 304 0 
0:0:0:0:0:0:0:1 -  -  [11/Mar/2016:04:19:52 +0000] "GET /images/text.png HTTP/1.1" 404 1380 
0:0:0:0:0:0:0:1 -  -  [11/Mar/2016:04:19:52 +0000] "GET /images/none.png HTTP/1.1" 304 0 
0:0:0:0:0:0:0:1 -  -  [11/Mar/2016:04:19:52 +0000] "GET /images/none.png HTTP/1.1" 304 0 
0:0:0:0:0:0:0:1 -  -  [11/Mar/2016:04:19:52 +0000] "GET /images/favicon.ico HTTP/1.1" 200 1150 
0:0:0:0:0:0:0:1 -  -  [11/Mar/2016:04:19:45 +0000] "GET /openhab.app?sitemap=demo&poll=true&__async=true&__source=waHome HTTP/1.1" 200 92 
0:0:0:0:0:0:0:1 -  -  [11/Mar/2016:04:19:54 +0000] "GET /openhab.app?sitemap=demo&poll=true&__async=true&__source=waHome HTTP/1.1" 200 92 
0:0:0:0:0:0:0:1 -  -  [11/Mar/2016:04:20:09 +0000] "GET /openhab.app?sitemap=demo HTTP/1.1" 200 9528 
0:0:0:0:0:0:0:1 -  -  [11/Mar/2016:04:20:09 +0000] "GET /classicui/WebApp/Design/Render.css HTTP/1.1" 304 0 
0:0:0:0:0:0:0:1 -  -  [11/Mar/2016:04:20:09 +0000] "GET /classicui/WebApp/Design/RenderRTL.css HTTP/1.1" 304 0 
0:0:0:0:0:0:0:1 -  -  [11/Mar/2016:04:20:09 +0000] "GET /classicui/WebApp/Design/Firefox.css HTTP/1.1" 304 0 
0:0:0:0:0:0:0:1 -  -  [11/Mar/2016:04:20:09 +0000] "GET /classicui/WebApp/Design/openHAB.css HTTP/1.1" 304 0 
0:0:0:0:0:0:0:1 -  -  [11/Mar/2016:04:20:09 +0000] "GET /classicui/jquery.miniColors.css HTTP/1.1" 304 0 
0:0:0:0:0:0:0:1 -  -  [11/Mar/2016:04:20:09 +0000] "GET /classicui/WebApp/Action/Logic.min.js HTTP/1.1" 304 0 
0:0:0:0:0:0:0:1 -  -  [11/Mar/2016:04:20:09 +0000] "GET /classicui/jquery.min.js HTTP/1.1" 304 0 
0:0:0:0:0:0:0:1 -  -  [11/Mar/2016:04:20:09 +0000] "GET /classicui/jquery.miniColors.js HTTP/1.1" 304 0 
0:0:0:0:0:0:0:1 -  -  [11/Mar/2016:04:20:09 +0000] "GET /images/text.png HTTP/1.1" 404 1380 
0:0:0:0:0:0:0:1 -  -  [11/Mar/2016:04:20:09 +0000] "GET /images/none.png HTTP/1.1" 304 0 
0:0:0:0:0:0:0:1 -  -  [11/Mar/2016:04:20:09 +0000] "GET /images/favicon.ico HTTP/1.1" 200 1150 
0:0:0:0:0:0:0:1 -  -  [11/Mar/2016:04:20:11 +0000] "GET /openhab.app?sitemap=demo HTTP/1.1" 200 9528 
0:0:0:0:0:0:0:1 -  -  [11/Mar/2016:04:20:11 +0000] "GET /classicui/WebApp/Design/Render.css HTTP/1.1" 304 0 
0:0:0:0:0:0:0:1 -  -  [11/Mar/2016:04:20:11 +0000] "GET /classicui/WebApp/Design/RenderRTL.css HTTP/1.1" 304 0 
0:0:0:0:0:0:0:1 -  -  [11/Mar/2016:04:20:11 +0000] "GET /classicui/WebApp/Design/Firefox.css HTTP/1.1" 304 0 
0:0:0:0:0:0:0:1 -  -  [11/Mar/2016:04:20:11 +0000] "GET /classicui/WebApp/Design/openHAB.css HTTP/1.1" 304 0 
0:0:0:0:0:0:0:1 -  -  [11/Mar/2016:04:20:11 +0000] "GET /classicui/WebApp/Action/Logic.min.js HTTP/1.1" 304 0 
0:0:0:0:0:0:0:1 -  -  [11/Mar/2016:04:20:11 +0000] "GET /classicui/jquery.miniColors.css HTTP/1.1" 304 0 
0:0:0:0:0:0:0:1 -  -  [11/Mar/2016:04:20:11 +0000] "GET /classicui/jquery.min.js HTTP/1.1" 304 0 
0:0:0:0:0:0:0:1 -  -  [11/Mar/2016:04:20:11 +0000] "GET /classicui/jquery.miniColors.js HTTP/1.1" 304 0 
0:0:0:0:0:0:0:1 -  -  [11/Mar/2016:04:20:11 +0000] "GET /images/text.png HTTP/1.1" 404 1380 
0:0:0:0:0:0:0:1 -  -  [11/Mar/2016:04:20:11 +0000] "GET /images/none.png HTTP/1.1" 304 0 
0:0:0:0:0:0:0:1 -  -  [11/Mar/2016:04:20:11 +0000] "GET /images/text.png HTTP/1.1" 404 1380 
0:0:0:0:0:0:0:1 -  -  [11/Mar/2016:04:20:11 +0000] "GET /images/favicon.ico HTTP/1.1" 200 1150 
0:0:0:0:0:0:0:1 -  -  [11/Mar/2016:04:20:04 +0000] "GET /openhab.app?sitemap=demo&poll=true&__async=true&__source=waHome HTTP/1.1" 200 92 
0:0:0:0:0:0:0:1 -  -  [11/Mar/2016:04:20:11 +0000] "GET /openhab.app?sitemap=demo&poll=true&__async=true&__source=waHome HTTP/1.1" 200 92 
0:0:0:0:0:0:0:1 -  -  [11/Mar/2016:04:20:13 +0000] "GET /openhab.app?sitemap=demo&poll=true&__async=true&__source=waHome HTTP/1.1" 200 92 
0:0:0:0:0:0:0:1 -  -  [11/Mar/2016:04:20:23 +0000] "GET /openhab.app?sitemap=demo&poll=true&__async=true&__source=waHome HTTP/1.1" 200 92 
0:0:0:0:0:0:0:1 -  -  [11/Mar/2016:04:23:22 +0000] "GET /openhab.app?sitemap=demo HTTP/1.1" 200 9528 
0:0:0:0:0:0:0:1 -  -  [11/Mar/2016:04:23:22 +0000] "GET /images/text.png HTTP/1.1" 404 1380 
0:0:0:0:0:0:0:1 -  -  [11/Mar/2016:04:23:24 +0000] "GET /openhab.app?sitemap=demo&poll=true&__async=true&__source=waHome HTTP/1.1" 200 92 
0:0:0:0:0:0:0:1 -  -  [11/Mar/2016:04:23:55 +0000] "GET / HTTP/1.1" 302 0 
0:0:0:0:0:0:0:1 -  -  [11/Mar/2016:04:23:55 +0000] "GET /static/index.html HTTP/1.1" 200 681 
0:0:0:0:0:0:0:1 -  -  [11/Mar/2016:04:23:55 +0000] "GET /openhab.app HTTP/1.1" 500 3939 
0:0:0:0:0:0:0:1 -  -  [11/Mar/2016:04:24:01 +0000] "GET /openhab.app?sitemap=demo HTTP/1.1" 200 9528 
0:0:0:0:0:0:0:1 -  -  [11/Mar/2016:04:24:01 +0000] "GET /images/text.png HTTP/1.1" 404 1380 
0:0:0:0:0:0:0:1 -  -  [11/Mar/2016:04:24:02 +0000] "GET /openhab.app?sitemap=demo&poll=true&__async=true&__source=waHome HTTP/1.1" 200 92 
0:0:0:0:0:0:0:1 -  -  [11/Mar/2016:04:24:13 +0000] "GET /openhab.app?sitemap=demo&poll=true&__async=true&__source=waHome HTTP/1.1" 200 92 
0:0:0:0:0:0:0:1 -  -  [11/Mar/2016:04:24:23 +0000] "GET /openhab.app?sitemap=demo&poll=true&__async=true&__source=waHome HTTP/1.1" 200 92 
0:0:0:0:0:0:0:1 -  -  [11/Mar/2016:04:24:34 +0000] "GET /openhab.app?sitemap=demo&poll=true&__async=true&__source=waHome HTTP/1.1" 200 92 
0:0:0:0:0:0:0:1 -  -  [11/Mar/2016:04:24:44 +0000] "GET /openhab.app?sitemap=demo&poll=true&__async=true&__source=waHome HTTP/1.1" 200 92 
0:0:0:0:0:0:0:1 -  -  [11/Mar/2016:04:24:55 +0000] "GET /openhab.app?sitemap=demo&poll=true&__async=true&__source=waHome HTTP/1.1" 200 92 
0:0:0:0:0:0:0:1 -  -  [11/Mar/2016:04:25:05 +0000] "GET /openhab.app?sitemap=demo&poll=true&__async=true&__source=waHome HTTP/1.1" 200 92 
