2016-02-18 00:07:13 - DemoLocation state updated to 52.5200066,13.4049540
2016-02-18 00:07:13 - Temperature_GF_Corridor state updated to 18.90000000
2016-02-18 00:07:13 - Temperature_GF_Toilet state updated to 20.90000000
2016-02-18 00:07:13 - Temperature_GF_Living state updated to 19.40000000
2016-02-18 00:07:13 - Temperature_GF_Kitchen state updated to 20.70000000
2016-02-18 00:07:13 - Temperature_FF_Bath state updated to 21.20000000
2016-02-18 00:07:13 - Temperature_FF_Office state updated to 17.90000000
2016-02-18 00:07:13 - Temperature_FF_Child state updated to 18.30000000
2016-02-18 00:07:13 - Temperature_FF_Bed state updated to 21.30000000
2016-02-18 00:07:14 - Date state updated to 2016-02-18T00:07:14
2016-02-18 00:10:00 - Temperature_GF_Corridor state updated to 17.70000000
2016-02-18 00:10:00 - Temperature_GF_Toilet state updated to 19.40000000
2016-02-18 00:10:00 - Temperature_GF_Living state updated to 18.30000000
2016-02-18 00:10:00 - Temperature_GF_Kitchen state updated to 20.90000000
2016-02-18 00:10:00 - Temperature_FF_Bath state updated to 18.10000000
2016-02-18 00:10:00 - Temperature_FF_Office state updated to 19.90000000
2016-02-18 00:10:00 - Temperature_FF_Child state updated to 19.80000000
2016-02-18 00:10:00 - Temperature_FF_Bed state updated to 21.20000000
2016-02-18 00:11:18 - Weather_Humidity state updated to 87
2016-02-18 00:11:18 - Weather_Temperature state updated to 0
2016-02-18 00:11:18 - Weather_Temp_Max state updated to 0
2016-02-18 00:11:18 - Weather_LastUpdate state updated to 2016-02-18T00:11:18
2016-02-18 00:11:18 - Weather_Temp_Min state updated to 0
2016-02-18 00:11:18 - Weather_Humidex state updated to -2.6014222430336000
2016-02-18 00:11:21 - Date state updated to 2016-02-18T00:11:21
2016-02-18 00:11:31 - Date state updated to 2016-02-18T00:11:31
2016-02-18 00:12:18 - Weather_Humidity state updated to 87
2016-02-18 00:12:18 - Weather_Temperature state updated to 0
2016-02-18 00:12:18 - Weather_LastUpdate state updated to 2016-02-18T00:12:18
2016-02-18 00:12:18 - Weather_Temp_Max state updated to 0
2016-02-18 00:12:18 - Weather_Humidex state updated to -2.6014222430336000
2016-02-18 00:12:18 - Weather_Temp_Min state updated to 0
2016-02-18 00:13:18 - Weather_Humidity state updated to 87
2016-02-18 00:13:18 - Weather_Temperature state updated to 0
2016-02-18 00:13:18 - Weather_LastUpdate state updated to 2016-02-18T00:13:18
2016-02-18 00:14:18 - Weather_Humidity state updated to 87
2016-02-18 00:14:19 - Weather_Temperature state updated to 0
2016-02-18 00:14:19 - Weather_LastUpdate state updated to 2016-02-18T00:14:19
2016-03-10 22:17:39 - Arduino state updated to weight:125g_temperature:39C;

2016-03-10 22:17:41 - Arduino state updated to weight:125g_temperature:39C;

2016-03-10 22:17:43 - Arduino state updated to weight:125g_temperature:39C;

2016-03-10 22:17:45 - Arduino state updated to weight:125g_temperature:39C;

2016-03-10 22:17:47 - Arduino state updated to weight:125g_temperature:39C;

2016-03-10 22:17:49 - Arduino state updated to weight:125g_temperature:39C;

2016-03-10 22:17:51 - Arduino state updated to weight:125g_temperature:39C;

2016-03-10 22:17:53 - Arduino state updated to weight:125g_temperature:39C;

2016-03-10 22:17:55 - Arduino state updated to weight:125g_temperature:39C;

2016-03-10 22:17:57 - Arduino state updated to weight:125g_temperature:39C;

2016-03-10 22:17:59 - Arduino state updated to weight:125g_temperature:39C;

2016-03-10 22:18:01 - Arduino state updated to weight:125g_temperature:39C;

2016-03-10 22:18:03 - Arduino state updated to weight:125g_temperature:39C;

2016-03-10 22:18:05 - Arduino state updated to weight:125g_temperature:39C;

2016-03-10 22:18:07 - Arduino state updated to weight:125g_temperature:39C;

2016-03-10 22:18:09 - Arduino state updated to weight:125g_temperature:39C;

2016-03-10 22:18:11 - Arduino state updated to weight:125g_temperature:39C;

2016-03-10 22:18:13 - Arduino state updated to weight:125g_temperature:39C;

2016-03-10 22:18:15 - Arduino state updated to weight:125g_temperature:39C;

2016-03-10 22:18:17 - Arduino state updated to weight:125g_temperature:39C;

2016-03-10 22:18:19 - Arduino state updated to weight:125g_temperature:39C;

2016-03-10 22:18:21 - Arduino state updated to weight:125g_temperature:39C;

2016-03-10 22:18:23 - Arduino state updated to weight:125g_temperature:39C;

2016-03-10 22:18:25 - Arduino state updated to weight:125g_temperature:39C;

2016-03-10 22:18:27 - Arduino state updated to weight:125g_temperature:39C;

2016-03-10 22:18:29 - Arduino state updated to weight:125g_temperature:39C;

2016-03-10 22:18:31 - Arduino state updated to weight:125g_temperature:39C;

2016-03-10 22:18:33 - Arduino state updated to weight:125g_temperature:39C;

2016-03-10 22:18:35 - Arduino state updated to weight:125g_temperature:39C;

2016-03-10 22:18:37 - Arduino state updated to weight:125g_temperature:39C;

2016-03-10 22:18:39 - Arduino state updated to weight:125g_temperature:39C;

2016-03-10 22:18:41 - Arduino state updated to weight:125g_temperature:39C;

2016-03-10 22:18:43 - Arduino state updated to weight:125g_temperature:39C;

2016-03-10 22:18:45 - Arduino state updated to weight:125g_temperature:39C;

2016-03-10 22:18:47 - Arduino state updated to weight:125g_temperature:39C;

2016-03-10 22:18:49 - Arduino state updated to weight:125g_temperature:39C;

2016-03-10 22:18:51 - Arduino state updated to weight:125g_temperature:39C;

2016-03-10 22:18:53 - Arduino state updated to weight:125g_temperature:39C;

2016-03-10 22:18:55 - Arduino state updated to weight:125g_temperature:39C;

2016-03-10 22:18:57 - Arduino state updated to weight:125g_temperature:39C;

2016-03-10 22:18:59 - Arduino state updated to weight:125g_temperature:39C;

2016-03-10 22:19:01 - Arduino state updated to weight:125g_temperature:39C;

2016-03-10 22:19:03 - Arduino state updated to weight:125g_temperature:39C;

2016-03-10 22:19:05 - Arduino state updated to weight:125g_temperature:39C;

2016-03-10 22:19:07 - Arduino state updated to weight:125g_temperature:39C;

2016-03-10 22:19:09 - Arduino state updated to weight:125g_temperature:39C;

2016-03-10 22:19:11 - Arduino state updated to weight:125g_temperature:39C;

2016-03-10 22:19:13 - Arduino state updated to weight:125g_temperature:39C;

2016-03-10 22:19:15 - Arduino state updated to weight:125g_temperature:39C;

2016-03-10 22:19:17 - Arduino state updated to weight:125g_temperature:39C;

2016-03-10 22:19:19 - Arduino state updated to weight:125g_temperature:39C;

2016-03-10 22:19:21 - Arduino state updated to weight:125g_temperature:39C;

2016-03-10 22:19:23 - Arduino state updated to weight:125g_temperature:39C;

2016-03-10 22:19:25 - Arduino state updated to weight:125g_temperature:39C;

2016-03-10 22:19:27 - Arduino state updated to weight:125g_temperature:39C;

2016-03-10 22:19:29 - Arduino state updated to weight:125g_temperature:39C;

2016-03-10 22:19:31 - Arduino state updated to weight:125g_temperature:39C;

2016-03-10 22:19:33 - Arduino state updated to weight:125g_temperature:39C;

2016-03-10 22:19:35 - Arduino state updated to weight:125g_temperature:39C;

2016-03-10 22:19:37 - Arduino state updated to weight:125g_temperature:39C;

2016-03-10 22:19:39 - Arduino state updated to weight:125g_temperature:39C;

2016-03-10 22:19:41 - Arduino state updated to weight:125g_temperature:39C;

2016-03-10 22:19:43 - Arduino state updated to weight:125g_temperature:39C;

2016-03-10 22:19:45 - Arduino state updated to weight:125g_temperature:39C;

2016-03-10 22:19:47 - Arduino state updated to weight:125g_temperature:39C;

2016-03-10 22:19:49 - Arduino state updated to weight:125g_temperature:39C;

2016-03-10 22:19:51 - Arduino state updated to weight:125g_temperature:39C;

2016-03-10 22:19:53 - Arduino state updated to weight:125g_temperature:39C;

2016-03-10 22:19:55 - Arduino state updated to weight:125g_temperature:39C;

2016-03-10 22:19:57 - Arduino state updated to weight:125g_temperature:39C;

2016-03-10 22:19:59 - Arduino state updated to weight:125g_temperature:39C;

2016-03-10 22:20:01 - Arduino state updated to weight:125g_temperature:39C;

2016-03-10 22:20:03 - Arduino state updated to weight:125g_temperature:39C;

2016-03-10 22:20:05 - Arduino state updated to weight:125g_temperature:39C;

2016-03-10 22:20:07 - Arduino state updated to weight:125g_temperature:39C;

2016-03-10 22:20:09 - Arduino state updated to weight:125g_temperature:39C;

2016-03-10 22:20:11 - Arduino state updated to weight:125g_temperature:39C;

2016-03-10 22:20:13 - Arduino state updated to weight:125g_temperature:39C;

2016-03-10 22:20:15 - Arduino state updated to weight:125g_temperature:39C;

2016-03-10 22:20:17 - Arduino state updated to weight:125g_temperature:39C;

2016-03-10 22:20:19 - Arduino state updated to weight:125g_temperature:39C;

2016-03-10 22:20:21 - Arduino state updated to weight:125g_temperature:39C;

2016-03-10 22:20:23 - Arduino state updated to weight:125g_temperature:39C;

2016-03-10 22:20:25 - Arduino state updated to weight:125g_temperature:39C;

2016-03-10 22:20:27 - Arduino state updated to weight:125g_temperature:39C;

2016-03-10 22:20:29 - Arduino state updated to weight:125g_temperature:39C;

2016-03-10 22:20:31 - Arduino state updated to weight:125g_temperature:39C;

2016-03-10 22:20:33 - Arduino state updated to weight:125g_temperature:39C;

2016-03-10 22:20:35 - Arduino state updated to weight:125g_temperature:39C;

2016-03-10 22:20:37 - Arduino state updated to weight:125g_temperature:39C;

2016-03-10 22:20:39 - Arduino state updated to weight:125g_temperature:39C;

2016-03-10 22:20:41 - Arduino state updated to weight:125g_temperature:39C;

2016-03-10 22:20:43 - Arduino state updated to weight:125g_temperature:39C;

2016-03-10 22:20:45 - Arduino state updated to weight:125g_temperature:39C;

2016-03-10 22:20:47 - Arduino state updated to weight:125g_temperature:39C;

2016-03-10 22:20:49 - Arduino state updated to weight:125g_temperature:39C;

2016-03-10 22:20:51 - Arduino state updated to weight:125g_temperature:39C;

2016-03-10 22:20:53 - Arduino state updated to weight:125g_temperature:39C;

2016-03-10 22:20:55 - Arduino state updated to weight:125g_temperature:39C;

2016-03-10 22:20:57 - Arduino state updated to weight:125g_temperature:39C;

2016-03-10 22:20:59 - Arduino state updated to weight:125g_temperature:39C;

2016-03-10 22:21:01 - Arduino state updated to weight:125g_temperature:39C;

2016-03-10 22:21:03 - Arduino state updated to weight:125g_temperature:39C;

2016-03-10 22:21:05 - Arduino state updated to weight:125g_temperature:39C;

2016-03-10 22:21:07 - Arduino state updated to weight:125g_temperature:39C;

2016-03-10 22:21:09 - Arduino state updated to weight:125g_temperature:39C;

2016-03-10 22:21:11 - Arduino state updated to weight:125g_temperature:39C;

2016-03-10 22:21:13 - Arduino state updated to weight:125g_temperature:39C;

2016-03-10 22:21:15 - Arduino state updated to weight:125g_temperature:39C;

2016-03-10 22:21:17 - Arduino state updated to weight:125g_temperature:39C;

2016-03-10 22:21:19 - Arduino state updated to weight:125g_temperature:39C;

2016-03-10 22:21:21 - Arduino state updated to weight:125g_temperature:39C;

2016-03-10 22:21:23 - Arduino state updated to weight:125g_temperature:39C;

2016-03-10 22:21:25 - Arduino state updated to weight:125g_temperature:39C;

2016-03-10 22:21:27 - Arduino state updated to weight:125g_temperature:39C;

2016-03-10 22:21:29 - Arduino state updated to weight:125g_temperature:39C;

2016-03-10 22:21:31 - Arduino state updated to weight:125g_temperature:39C;

2016-03-10 22:21:33 - Arduino state updated to weight:125g_temperature:39C;

2016-03-10 22:21:35 - Arduino state updated to weight:125g_temperature:39C;

2016-03-10 22:21:37 - Arduino state updated to weight:125g_temperature:39C;

2016-03-10 22:21:39 - Arduino state updated to weight:125g_temperature:39C;

2016-03-10 22:21:41 - Arduino state updated to weight:125g_temperature:39C;

2016-03-10 22:21:43 - Arduino state updated to weight:125g_temperature:39C;

2016-03-10 22:21:45 - Arduino state updated to weight:125g_temperature:39C;

2016-03-10 22:21:47 - Arduino state updated to weight:125g_temperature:39C;

2016-03-10 22:21:49 - Arduino state updated to weight:125g_temperature:39C;

2016-03-10 22:21:51 - Arduino state updated to weight:125g_temperature:39C;

2016-03-10 22:21:53 - Arduino state updated to weight:125g_temperature:39C;

2016-03-10 22:21:55 - Arduino state updated to weight:125g_temperature:39C;

2016-03-10 22:21:57 - Arduino state updated to weight:125g_temperature:39C;

2016-03-10 22:21:59 - Arduino state updated to weight:125g_temperature:39C;

2016-03-10 22:22:01 - Arduino state updated to weight:125g_temperature:39C;

2016-03-10 22:22:03 - Arduino state updated to weight:125g_temperature:39C;

2016-03-10 22:22:05 - Arduino state updated to weight:125g_temperature:39C;

2016-03-10 22:22:07 - Arduino state updated to weight:125g_temperature:39C;

2016-03-10 22:22:09 - Arduino state updated to weight:125g_temperature:39C;

2016-03-10 22:22:11 - Arduino state updated to weight:125g_temperature:39C;

2016-03-10 22:22:13 - Arduino state updated to weight:125g_temperature:39C;

2016-03-10 22:22:15 - Arduino state updated to weight:125g_temperature:39C;

2016-03-10 22:22:17 - Arduino state updated to weight:125g_temperature:39C;

2016-03-10 22:22:19 - Arduino state updated to weight:125g_temperature:39C;

2016-03-10 22:22:21 - Arduino state updated to weight:125g_temperature:39C;

2016-03-10 22:22:23 - Arduino state updated to weight:125g_temperature:39C;

2016-03-10 22:22:25 - Arduino state updated to weight:125g_temperature:39C;

2016-03-10 22:22:27 - Arduino state updated to weight:125g_temperature:39C;

2016-03-10 22:22:29 - Arduino state updated to weight:125g_temperature:39C;

2016-03-10 22:22:31 - Arduino state updated to weight:125g_temperature:39C;

2016-03-10 22:22:33 - Arduino state updated to weight:125g_temperature:39C;

2016-03-10 22:22:35 - Arduino state updated to weight:125g_temperature:39C;

2016-03-10 22:22:37 - Arduino state updated to weight:125g_temperature:39C;

2016-03-10 22:22:39 - Arduino state updated to weight:125g_temperature:39C;

2016-03-10 22:22:41 - Arduino state updated to weight:125g_temperature:39C;

2016-03-10 22:22:43 - Arduino state updated to weight:125g_temperature:39C;

2016-03-10 22:22:45 - Arduino state updated to weight:125g_temperature:39C;

2016-03-10 22:22:47 - Arduino state updated to weight:125g_temperature:39C;

2016-03-10 22:22:49 - Arduino state updated to weight:125g_temperature:39C;

2016-03-10 22:22:51 - Arduino state updated to weight:125g_temperature:39C;

2016-03-10 22:22:53 - Arduino state updated to weight:125g_temperature:39C;

2016-03-10 22:22:55 - Arduino state updated to weight:125g_temperature:39C;

2016-03-10 22:22:57 - Arduino state updated to weight:125g_temperature:39C;

2016-03-10 22:22:59 - Arduino state updated to weight:125g_temperature:39C;

2016-03-10 22:23:01 - Arduino state updated to weight:125g_temperature:39C;

2016-03-10 22:23:03 - Arduino state updated to weight:125g_temperature:39C;

2016-03-10 22:23:05 - Arduino state updated to weight:125g_temperature:39C;

2016-03-10 22:23:07 - Arduino state updated to weight:125g_temperature:39C;

2016-03-10 22:23:09 - Arduino state updated to weight:125g_temperature:39C;

2016-03-10 22:23:11 - Arduino state updated to weight:125g_temperature:39C;

2016-03-10 22:23:13 - Arduino state updated to weight:125g_temperature:39C;

2016-03-10 22:23:15 - Arduino state updated to weight:125g_temperature:39C;

2016-03-10 22:23:17 - Arduino state updated to weight:125g_temperature:39C;

2016-03-10 22:23:19 - Arduino state updated to weight:125g_temperature:39C;

2016-03-10 22:23:21 - Arduino state updated to weight:125g_temperature:39C;

2016-03-10 22:23:23 - Arduino state updated to weight:125g_temperature:39C;

2016-03-10 22:23:25 - Arduino state updated to weight:125g_temperature:39C;

2016-03-10 22:23:27 - Arduino state updated to weight:125g_temperature:39C;

2016-03-10 22:23:29 - Arduino state updated to weight:125g_temperature:39C;

2016-03-10 22:23:31 - Arduino state updated to weight:125g_temperature:39C;

2016-03-10 22:23:33 - Arduino state updated to weight:125g_temperature:39C;

2016-03-10 22:23:35 - Arduino state updated to weight:125g_temperature:39C;

2016-03-10 22:23:37 - Arduino state updated to weight:125g_temperature:39C;

2016-03-10 22:23:39 - Arduino state updated to weight:125g_temperature:39C;

2016-03-10 22:23:41 - Arduino state updated to weight:125g_temperature:39C;

2016-03-10 22:23:43 - Arduino state updated to weight:125g_temperature:39C;

2016-03-10 22:23:45 - Arduino state updated to weight:125g_temperature:39C;

2016-03-10 22:23:47 - Arduino state updated to weight:125g_temperature:39C;

2016-03-10 22:23:49 - Arduino state updated to weight:125g_temperature:39C;

2016-03-10 22:23:51 - Arduino state updated to weight:125g_temperature:39C;

2016-03-10 22:23:53 - Arduino state updated to weight:125g_temperature:39C;

2016-03-10 22:23:55 - Arduino state updated to weight:125g_temperature:39C;

2016-03-10 22:23:57 - Arduino state updated to weight:125g_temperature:39C;

2016-03-10 22:23:59 - Arduino state updated to weight:125g_temperature:39C;

2016-03-10 22:24:01 - Arduino state updated to weight:125g_temperature:39C;

2016-03-10 22:24:03 - Arduino state updated to weight:125g_temperature:39C;

2016-03-10 22:24:05 - Arduino state updated to weight:125g_temperature:39C;

2016-03-10 22:24:07 - Arduino state updated to weight:125g_temperature:39C;

2016-03-10 22:24:09 - Arduino state updated to weight:125g_temperature:39C;

2016-03-10 22:24:11 - Arduino state updated to weight:125g_temperature:39C;

2016-03-10 22:24:13 - Arduino state updated to weight:125g_temperature:39C;

2016-03-10 22:24:15 - Arduino state updated to weight:125g_temperature:39C;

2016-03-10 22:24:17 - Arduino state updated to weight:125g_temperature:39C;

2016-03-10 22:24:19 - Arduino state updated to weight:125g_temperature:39C;

2016-03-10 22:24:21 - Arduino state updated to weight:125g_temperature:39C;

2016-03-10 22:24:23 - Arduino state updated to weight:125g_temperature:39C;

2016-03-10 22:24:25 - Arduino state updated to weight:125g_temperature:39C;

2016-03-10 22:24:27 - Arduino state updated to weight:125g_temperature:39C;

2016-03-10 22:24:29 - Arduino state updated to weight:125g_temperature:39C;

2016-03-10 22:24:31 - Arduino state updated to weight:125g_temperature:39C;

2016-03-10 22:24:33 - Arduino state updated to weight:125g_temperature:39C;

2016-03-10 22:24:35 - Arduino state updated to weight:125g_temperature:39C;

2016-03-10 22:24:37 - Arduino state updated to weight:125g_temperature:39C;

2016-03-10 22:24:39 - Arduino state updated to weight:125g_temperature:39C;

2016-03-10 22:24:41 - Arduino state updated to weight:125g_temperature:39C;

2016-03-10 22:24:43 - Arduino state updated to weight:125g_temperature:39C;

2016-03-10 22:24:45 - Arduino state updated to weight:125g_temperature:39C;

2016-03-10 22:24:47 - Arduino state updated to weight:125g_temperature:39C;

2016-03-10 22:24:49 - Arduino state updated to weight:125g_temperature:39C;

