!SESSION 2016-02-17 23:40:22.469 -----------------------------------------------
eclipse.buildId=unknown
java.version=1.8.0_73
java.vendor=Oracle Corporation
BootLoader constants: OS=win32, ARCH=x86_64, WS=win32, NL=en_US

!ENTRY org.openhab.binding.octoller 4 0 2016-02-17 23:40:22.469
!MESSAGE FrameworkEvent ERROR
!STACK 0
org.osgi.framework.ServiceException: Exception in org.apache.felix.scr.impl.manager.SingleComponentManager.getService()
	at org.eclipse.osgi.internal.serviceregistry.ServiceFactoryUse.factoryGetService(ServiceFactoryUse.java:222)
	at org.eclipse.osgi.internal.serviceregistry.ServiceFactoryUse.getService(ServiceFactoryUse.java:111)
	at org.eclipse.osgi.internal.serviceregistry.ServiceConsumer$2.getService(ServiceConsumer.java:45)
	at org.eclipse.osgi.internal.serviceregistry.ServiceRegistrationImpl.getService(ServiceRegistrationImpl.java:496)
	at org.eclipse.osgi.internal.serviceregistry.ServiceRegistry.getService(ServiceRegistry.java:461)
	at org.eclipse.osgi.internal.framework.BundleContextImpl.getService(BundleContextImpl.java:619)
	at com.eclipsesource.jaxrs.publisher.internal.ResourceTracker.addingService(ResourceTracker.java:39)
	at org.osgi.util.tracker.ServiceTracker$Tracked.customizerAdding(ServiceTracker.java:941)
	at org.osgi.util.tracker.ServiceTracker$Tracked.customizerAdding(ServiceTracker.java:870)
	at org.osgi.util.tracker.AbstractTracked.trackAdding(AbstractTracked.java:256)
	at org.osgi.util.tracker.AbstractTracked.track(AbstractTracked.java:229)
	at org.osgi.util.tracker.ServiceTracker$Tracked.serviceChanged(ServiceTracker.java:901)
	at org.eclipse.osgi.internal.serviceregistry.FilteredServiceListener.serviceChanged(FilteredServiceListener.java:109)
	at org.eclipse.osgi.internal.framework.BundleContextImpl.dispatchEvent(BundleContextImpl.java:914)
	at org.eclipse.osgi.framework.eventmgr.EventManager.dispatchEvent(EventManager.java:230)
	at org.eclipse.osgi.framework.eventmgr.ListenerQueue.dispatchEventSynchronous(ListenerQueue.java:148)
	at org.eclipse.osgi.internal.serviceregistry.ServiceRegistry.publishServiceEventPrivileged(ServiceRegistry.java:862)
	at org.eclipse.osgi.internal.serviceregistry.ServiceRegistry.publishServiceEvent(ServiceRegistry.java:801)
	at org.eclipse.osgi.internal.serviceregistry.ServiceRegistrationImpl.register(ServiceRegistrationImpl.java:127)
	at org.eclipse.osgi.internal.serviceregistry.ServiceRegistry.registerService(ServiceRegistry.java:225)
	at org.eclipse.osgi.internal.framework.BundleContextImpl.registerService(BundleContextImpl.java:464)
	at org.apache.felix.scr.impl.manager.AbstractComponentManager$3.register(AbstractComponentManager.java:869)
	at org.apache.felix.scr.impl.manager.AbstractComponentManager$3.register(AbstractComponentManager.java:857)
	at org.apache.felix.scr.impl.manager.RegistrationManager.changeRegistration(RegistrationManager.java:133)
	at org.apache.felix.scr.impl.manager.AbstractComponentManager.registerService(AbstractComponentManager.java:915)
	at org.apache.felix.scr.impl.manager.AbstractComponentManager.activateInternal(AbstractComponentManager.java:715)
	at org.apache.felix.scr.impl.manager.AbstractComponentManager.enable(AbstractComponentManager.java:399)
	at org.apache.felix.scr.impl.config.ConfigurableComponentHolder.enableComponents(ConfigurableComponentHolder.java:676)
	at org.apache.felix.scr.impl.BundleComponentActivator.initialEnable(BundleComponentActivator.java:339)
	at org.apache.felix.scr.impl.Activator.loadComponents(Activator.java:360)
	at org.apache.felix.scr.impl.Activator.access$000(Activator.java:53)
	at org.apache.felix.scr.impl.Activator$ScrExtension.start(Activator.java:260)
	at org.apache.felix.utils.extender.AbstractExtender.createExtension(AbstractExtender.java:259)
	at org.apache.felix.utils.extender.AbstractExtender.modifiedBundle(AbstractExtender.java:232)
	at org.osgi.util.tracker.BundleTracker$Tracked.customizerModified(BundleTracker.java:482)
	at org.osgi.util.tracker.BundleTracker$Tracked.customizerModified(BundleTracker.java:415)
	at org.osgi.util.tracker.AbstractTracked.track(AbstractTracked.java:232)
	at org.osgi.util.tracker.BundleTracker$Tracked.bundleChanged(BundleTracker.java:444)
	at org.eclipse.osgi.internal.framework.BundleContextImpl.dispatchEvent(BundleContextImpl.java:902)
	at org.eclipse.osgi.framework.eventmgr.EventManager.dispatchEvent(EventManager.java:230)
	at org.eclipse.osgi.framework.eventmgr.ListenerQueue.dispatchEventSynchronous(ListenerQueue.java:148)
	at org.eclipse.osgi.internal.framework.EquinoxEventPublisher.publishBundleEventPrivileged(EquinoxEventPublisher.java:165)
	at org.eclipse.osgi.internal.framework.EquinoxEventPublisher.publishBundleEvent(EquinoxEventPublisher.java:75)
	at org.eclipse.osgi.internal.framework.EquinoxEventPublisher.publishBundleEvent(EquinoxEventPublisher.java:67)
	at org.eclipse.osgi.internal.framework.EquinoxContainerAdaptor.publishModuleEvent(EquinoxContainerAdaptor.java:102)
	at org.eclipse.osgi.container.Module.publishEvent(Module.java:466)
	at org.eclipse.osgi.container.Module.start(Module.java:457)
	at org.eclipse.osgi.internal.framework.EquinoxBundle.start(EquinoxBundle.java:393)
	at org.apache.felix.fileinstall.internal.DirectoryWatcher.startBundle(DirectoryWatcher.java:1245)
	at org.apache.felix.fileinstall.internal.DirectoryWatcher.startBundles(DirectoryWatcher.java:1217)
	at org.apache.felix.fileinstall.internal.DirectoryWatcher.doProcess(DirectoryWatcher.java:509)
	at org.apache.felix.fileinstall.internal.DirectoryWatcher.process(DirectoryWatcher.java:358)
	at org.apache.felix.fileinstall.internal.DirectoryWatcher.run(DirectoryWatcher.java:310)
Caused by: java.lang.IllegalStateException: Could not load implementation object class org.openhab.binding.octoller.internal.OctollerGenericBindingProvider
	at org.apache.felix.scr.impl.manager.AbstractComponentManager.initDependencyManagers(AbstractComponentManager.java:959)
	at org.apache.felix.scr.impl.manager.AbstractComponentManager.collectDependencies(AbstractComponentManager.java:980)
	at org.apache.felix.scr.impl.manager.SingleComponentManager.getServiceInternal(SingleComponentManager.java:812)
	at org.apache.felix.scr.impl.manager.SingleComponentManager.getService(SingleComponentManager.java:774)
	at org.eclipse.osgi.internal.serviceregistry.ServiceFactoryUse$1.run(ServiceFactoryUse.java:212)
	at java.security.AccessController.doPrivileged(Native Method)
	at org.eclipse.osgi.internal.serviceregistry.ServiceFactoryUse.factoryGetService(ServiceFactoryUse.java:210)
	... 52 more

!ENTRY org.openhab.binding.octoller 4 0 2016-02-17 23:40:22.484
!MESSAGE FrameworkEvent ERROR
!STACK 0
org.osgi.framework.ServiceException: Exception in org.apache.felix.scr.impl.manager.SingleComponentManager.getService()
	at org.eclipse.osgi.internal.serviceregistry.ServiceFactoryUse.factoryGetService(ServiceFactoryUse.java:222)
	at org.eclipse.osgi.internal.serviceregistry.ServiceFactoryUse.getService(ServiceFactoryUse.java:111)
	at org.eclipse.osgi.internal.serviceregistry.ServiceConsumer$2.getService(ServiceConsumer.java:45)
	at org.eclipse.osgi.internal.serviceregistry.ServiceRegistrationImpl.getService(ServiceRegistrationImpl.java:496)
	at org.eclipse.osgi.internal.serviceregistry.ServiceRegistry.getService(ServiceRegistry.java:461)
	at org.eclipse.osgi.internal.framework.BundleContextImpl.getService(BundleContextImpl.java:619)
	at org.apache.felix.scr.impl.manager.SingleRefPair.getServiceObject(SingleRefPair.java:72)
	at org.apache.felix.scr.impl.helper.BindMethod.getServiceObject(BindMethod.java:646)
	at org.apache.felix.scr.impl.manager.DependencyManager.getServiceObject(DependencyManager.java:2137)
	at org.apache.felix.scr.impl.manager.DependencyManager.doInvokeBindMethod(DependencyManager.java:1651)
	at org.apache.felix.scr.impl.manager.DependencyManager.invokeBindMethod(DependencyManager.java:1636)
	at org.apache.felix.scr.impl.manager.SingleComponentManager.invokeBindMethod(SingleComponentManager.java:370)
	at org.apache.felix.scr.impl.manager.DependencyManager$MultipleDynamicCustomizer.addedService(DependencyManager.java:319)
	at org.apache.felix.scr.impl.manager.DependencyManager$MultipleDynamicCustomizer.addedService(DependencyManager.java:295)
	at org.apache.felix.scr.impl.manager.ServiceTracker$Tracked.customizerAdded(ServiceTracker.java:1215)
	at org.apache.felix.scr.impl.manager.ServiceTracker$Tracked.customizerAdded(ServiceTracker.java:1136)
	at org.apache.felix.scr.impl.manager.ServiceTracker$AbstractTracked.trackAdding(ServiceTracker.java:945)
	at org.apache.felix.scr.impl.manager.ServiceTracker$AbstractTracked.track(ServiceTracker.java:881)
	at org.apache.felix.scr.impl.manager.ServiceTracker$Tracked.serviceChanged(ServiceTracker.java:1167)
	at org.apache.felix.scr.impl.BundleComponentActivator$ListenerInfo.serviceChanged(BundleComponentActivator.java:120)
	at org.eclipse.osgi.internal.serviceregistry.FilteredServiceListener.serviceChanged(FilteredServiceListener.java:109)
	at org.eclipse.osgi.internal.framework.BundleContextImpl.dispatchEvent(BundleContextImpl.java:914)
	at org.eclipse.osgi.framework.eventmgr.EventManager.dispatchEvent(EventManager.java:230)
	at org.eclipse.osgi.framework.eventmgr.ListenerQueue.dispatchEventSynchronous(ListenerQueue.java:148)
	at org.eclipse.osgi.internal.serviceregistry.ServiceRegistry.publishServiceEventPrivileged(ServiceRegistry.java:862)
	at org.eclipse.osgi.internal.serviceregistry.ServiceRegistry.publishServiceEvent(ServiceRegistry.java:801)
	at org.eclipse.osgi.internal.serviceregistry.ServiceRegistrationImpl.register(ServiceRegistrationImpl.java:127)
	at org.eclipse.osgi.internal.serviceregistry.ServiceRegistry.registerService(ServiceRegistry.java:225)
	at org.eclipse.osgi.internal.framework.BundleContextImpl.registerService(BundleContextImpl.java:464)
	at org.apache.felix.scr.impl.manager.AbstractComponentManager$3.register(AbstractComponentManager.java:869)
	at org.apache.felix.scr.impl.manager.AbstractComponentManager$3.register(AbstractComponentManager.java:857)
	at org.apache.felix.scr.impl.manager.RegistrationManager.changeRegistration(RegistrationManager.java:133)
	at org.apache.felix.scr.impl.manager.AbstractComponentManager.registerService(AbstractComponentManager.java:915)
	at org.apache.felix.scr.impl.manager.AbstractComponentManager.activateInternal(AbstractComponentManager.java:715)
	at org.apache.felix.scr.impl.manager.AbstractComponentManager.enable(AbstractComponentManager.java:399)
	at org.apache.felix.scr.impl.config.ConfigurableComponentHolder.enableComponents(ConfigurableComponentHolder.java:676)
	at org.apache.felix.scr.impl.BundleComponentActivator.initialEnable(BundleComponentActivator.java:339)
	at org.apache.felix.scr.impl.Activator.loadComponents(Activator.java:360)
	at org.apache.felix.scr.impl.Activator.access$000(Activator.java:53)
	at org.apache.felix.scr.impl.Activator$ScrExtension.start(Activator.java:260)
	at org.apache.felix.utils.extender.AbstractExtender.createExtension(AbstractExtender.java:259)
	at org.apache.felix.utils.extender.AbstractExtender.modifiedBundle(AbstractExtender.java:232)
	at org.osgi.util.tracker.BundleTracker$Tracked.customizerModified(BundleTracker.java:482)
	at org.osgi.util.tracker.BundleTracker$Tracked.customizerModified(BundleTracker.java:415)
	at org.osgi.util.tracker.AbstractTracked.track(AbstractTracked.java:232)
	at org.osgi.util.tracker.BundleTracker$Tracked.bundleChanged(BundleTracker.java:444)
	at org.eclipse.osgi.internal.framework.BundleContextImpl.dispatchEvent(BundleContextImpl.java:902)
	at org.eclipse.osgi.framework.eventmgr.EventManager.dispatchEvent(EventManager.java:230)
	at org.eclipse.osgi.framework.eventmgr.ListenerQueue.dispatchEventSynchronous(ListenerQueue.java:148)
	at org.eclipse.osgi.internal.framework.EquinoxEventPublisher.publishBundleEventPrivileged(EquinoxEventPublisher.java:165)
	at org.eclipse.osgi.internal.framework.EquinoxEventPublisher.publishBundleEvent(EquinoxEventPublisher.java:75)
	at org.eclipse.osgi.internal.framework.EquinoxEventPublisher.publishBundleEvent(EquinoxEventPublisher.java:67)
	at org.eclipse.osgi.internal.framework.EquinoxContainerAdaptor.publishModuleEvent(EquinoxContainerAdaptor.java:102)
	at org.eclipse.osgi.container.Module.publishEvent(Module.java:466)
	at org.eclipse.osgi.container.Module.start(Module.java:457)
	at org.eclipse.osgi.internal.framework.EquinoxBundle.start(EquinoxBundle.java:393)
	at org.apache.felix.fileinstall.internal.DirectoryWatcher.startBundle(DirectoryWatcher.java:1245)
	at org.apache.felix.fileinstall.internal.DirectoryWatcher.startBundles(DirectoryWatcher.java:1217)
	at org.apache.felix.fileinstall.internal.DirectoryWatcher.doProcess(DirectoryWatcher.java:509)
	at org.apache.felix.fileinstall.internal.DirectoryWatcher.process(DirectoryWatcher.java:358)
	at org.apache.felix.fileinstall.internal.DirectoryWatcher.run(DirectoryWatcher.java:310)
Caused by: java.lang.IllegalStateException: Could not load implementation object class org.openhab.binding.octoller.internal.OctollerGenericBindingProvider
	at org.apache.felix.scr.impl.manager.AbstractComponentManager.initDependencyManagers(AbstractComponentManager.java:959)
	at org.apache.felix.scr.impl.manager.AbstractComponentManager.collectDependencies(AbstractComponentManager.java:980)
	at org.apache.felix.scr.impl.manager.SingleComponentManager.getServiceInternal(SingleComponentManager.java:812)
	at org.apache.felix.scr.impl.manager.SingleComponentManager.getService(SingleComponentManager.java:774)
	at org.eclipse.osgi.internal.serviceregistry.ServiceFactoryUse$1.run(ServiceFactoryUse.java:212)
	at java.security.AccessController.doPrivileged(Native Method)
	at org.eclipse.osgi.internal.serviceregistry.ServiceFactoryUse.factoryGetService(ServiceFactoryUse.java:210)
	... 60 more

!ENTRY org.openhab.persistence.mysql 4 0 2016-02-17 23:41:02.808
!MESSAGE FrameworkEvent ERROR
!STACK 0
org.osgi.framework.ServiceException: Exception in org.apache.felix.scr.impl.manager.SingleComponentManager.getService()
	at org.eclipse.osgi.internal.serviceregistry.ServiceFactoryUse.factoryGetService(ServiceFactoryUse.java:222)
	at org.eclipse.osgi.internal.serviceregistry.ServiceFactoryUse.getService(ServiceFactoryUse.java:111)
	at org.eclipse.osgi.internal.serviceregistry.ServiceConsumer$2.getService(ServiceConsumer.java:45)
	at org.eclipse.osgi.internal.serviceregistry.ServiceRegistrationImpl.getService(ServiceRegistrationImpl.java:496)
	at org.eclipse.osgi.internal.serviceregistry.ServiceRegistry.getService(ServiceRegistry.java:461)
	at org.eclipse.osgi.internal.framework.BundleContextImpl.getService(BundleContextImpl.java:619)
	at org.apache.felix.metatype.internal.ManagedServiceTracker.addingService(ManagedServiceTracker.java:52)
	at org.osgi.util.tracker.ServiceTracker$Tracked.customizerAdding(ServiceTracker.java:941)
	at org.osgi.util.tracker.ServiceTracker$Tracked.customizerAdding(ServiceTracker.java:870)
	at org.osgi.util.tracker.AbstractTracked.trackAdding(AbstractTracked.java:256)
	at org.osgi.util.tracker.AbstractTracked.track(AbstractTracked.java:229)
	at org.osgi.util.tracker.ServiceTracker$Tracked.serviceChanged(ServiceTracker.java:901)
	at org.eclipse.osgi.internal.serviceregistry.FilteredServiceListener.serviceChanged(FilteredServiceListener.java:109)
	at org.eclipse.osgi.internal.framework.BundleContextImpl.dispatchEvent(BundleContextImpl.java:914)
	at org.eclipse.osgi.framework.eventmgr.EventManager.dispatchEvent(EventManager.java:230)
	at org.eclipse.osgi.framework.eventmgr.ListenerQueue.dispatchEventSynchronous(ListenerQueue.java:148)
	at org.eclipse.osgi.internal.serviceregistry.ServiceRegistry.publishServiceEventPrivileged(ServiceRegistry.java:862)
	at org.eclipse.osgi.internal.serviceregistry.ServiceRegistry.publishServiceEvent(ServiceRegistry.java:801)
	at org.eclipse.osgi.internal.serviceregistry.ServiceRegistrationImpl.register(ServiceRegistrationImpl.java:127)
	at org.eclipse.osgi.internal.serviceregistry.ServiceRegistry.registerService(ServiceRegistry.java:225)
	at org.eclipse.osgi.internal.framework.BundleContextImpl.registerService(BundleContextImpl.java:464)
	at org.apache.felix.scr.impl.manager.AbstractComponentManager$3.register(AbstractComponentManager.java:869)
	at org.apache.felix.scr.impl.manager.AbstractComponentManager$3.register(AbstractComponentManager.java:857)
	at org.apache.felix.scr.impl.manager.RegistrationManager.changeRegistration(RegistrationManager.java:133)
	at org.apache.felix.scr.impl.manager.AbstractComponentManager.registerService(AbstractComponentManager.java:915)
	at org.apache.felix.scr.impl.manager.AbstractComponentManager.activateInternal(AbstractComponentManager.java:715)
	at org.apache.felix.scr.impl.manager.AbstractComponentManager.enable(AbstractComponentManager.java:399)
	at org.apache.felix.scr.impl.config.ConfigurableComponentHolder.enableComponents(ConfigurableComponentHolder.java:676)
	at org.apache.felix.scr.impl.BundleComponentActivator.initialEnable(BundleComponentActivator.java:339)
	at org.apache.felix.scr.impl.Activator.loadComponents(Activator.java:360)
	at org.apache.felix.scr.impl.Activator.access$000(Activator.java:53)
	at org.apache.felix.scr.impl.Activator$ScrExtension.start(Activator.java:260)
	at org.apache.felix.utils.extender.AbstractExtender.createExtension(AbstractExtender.java:259)
	at org.apache.felix.utils.extender.AbstractExtender.modifiedBundle(AbstractExtender.java:232)
	at org.osgi.util.tracker.BundleTracker$Tracked.customizerModified(BundleTracker.java:482)
	at org.osgi.util.tracker.BundleTracker$Tracked.customizerModified(BundleTracker.java:415)
	at org.osgi.util.tracker.AbstractTracked.track(AbstractTracked.java:232)
	at org.osgi.util.tracker.BundleTracker$Tracked.bundleChanged(BundleTracker.java:444)
	at org.eclipse.osgi.internal.framework.BundleContextImpl.dispatchEvent(BundleContextImpl.java:902)
	at org.eclipse.osgi.framework.eventmgr.EventManager.dispatchEvent(EventManager.java:230)
	at org.eclipse.osgi.framework.eventmgr.ListenerQueue.dispatchEventSynchronous(ListenerQueue.java:148)
	at org.eclipse.osgi.internal.framework.EquinoxEventPublisher.publishBundleEventPrivileged(EquinoxEventPublisher.java:165)
	at org.eclipse.osgi.internal.framework.EquinoxEventPublisher.publishBundleEvent(EquinoxEventPublisher.java:75)
	at org.eclipse.osgi.internal.framework.EquinoxEventPublisher.publishBundleEvent(EquinoxEventPublisher.java:67)
	at org.eclipse.osgi.internal.framework.EquinoxContainerAdaptor.publishModuleEvent(EquinoxContainerAdaptor.java:102)
	at org.eclipse.osgi.container.Module.publishEvent(Module.java:466)
	at org.eclipse.osgi.container.Module.start(Module.java:457)
	at org.eclipse.osgi.internal.framework.EquinoxBundle.start(EquinoxBundle.java:393)
	at org.apache.felix.fileinstall.internal.DirectoryWatcher.startBundle(DirectoryWatcher.java:1245)
	at org.apache.felix.fileinstall.internal.DirectoryWatcher.startBundles(DirectoryWatcher.java:1217)
	at org.apache.felix.fileinstall.internal.DirectoryWatcher.doProcess(DirectoryWatcher.java:509)
	at org.apache.felix.fileinstall.internal.DirectoryWatcher.process(DirectoryWatcher.java:358)
	at org.apache.felix.fileinstall.internal.DirectoryWatcher.run(DirectoryWatcher.java:310)
Caused by: java.lang.NoClassDefFoundError: org/openhab/core/persistence/PersistentStateRestorer
	at java.lang.Class.getDeclaredMethods0(Native Method)
	at java.lang.Class.privateGetDeclaredMethods(Unknown Source)
	at java.lang.Class.getDeclaredMethods(Unknown Source)
	at org.apache.felix.scr.impl.helper.BindMethod.getServiceObjectAssignableMethod(BindMethod.java:454)
	at org.apache.felix.scr.impl.helper.BindMethod.doFindMethod(BindMethod.java:186)
	at org.apache.felix.scr.impl.helper.BaseMethod.findMethod(BaseMethod.java:171)
	at org.apache.felix.scr.impl.helper.BaseMethod.access$400(BaseMethod.java:37)
	at org.apache.felix.scr.impl.helper.BaseMethod$NotResolved.resolve(BaseMethod.java:558)
	at org.apache.felix.scr.impl.helper.BaseMethod$NotResolved.methodExists(BaseMethod.java:580)
	at org.apache.felix.scr.impl.helper.BaseMethod.methodExists(BaseMethod.java:513)
	at org.apache.felix.scr.impl.helper.BindMethod.getServiceObject(BindMethod.java:643)
	at org.apache.felix.scr.impl.manager.DependencyManager.getServiceObject(DependencyManager.java:2137)
	at org.apache.felix.scr.impl.manager.DependencyManager$SingleDynamicCustomizer.prebind(DependencyManager.java:872)
	at org.apache.felix.scr.impl.manager.DependencyManager.prebind(DependencyManager.java:1457)
	at org.apache.felix.scr.impl.manager.AbstractComponentManager.collectDependencies(AbstractComponentManager.java:983)
	at org.apache.felix.scr.impl.manager.SingleComponentManager.getServiceInternal(SingleComponentManager.java:812)
	at org.apache.felix.scr.impl.manager.SingleComponentManager.getService(SingleComponentManager.java:774)
	at org.eclipse.osgi.internal.serviceregistry.ServiceFactoryUse$1.run(ServiceFactoryUse.java:212)
	at java.security.AccessController.doPrivileged(Native Method)
	at org.eclipse.osgi.internal.serviceregistry.ServiceFactoryUse.factoryGetService(ServiceFactoryUse.java:210)
	... 52 more
Caused by: java.lang.ClassNotFoundException: org.openhab.core.persistence.PersistentStateRestorer cannot be found by org.openhab.persistence.mysql_1.7.1
	at org.eclipse.osgi.internal.loader.BundleLoader.findClassInternal(BundleLoader.java:382)
	at org.eclipse.osgi.internal.loader.BundleLoader.findClass(BundleLoader.java:345)
	at org.eclipse.osgi.internal.loader.BundleLoader.findClass(BundleLoader.java:337)
	at org.eclipse.osgi.internal.loader.ModuleClassLoader.loadClass(ModuleClassLoader.java:160)
	at java.lang.ClassLoader.loadClass(Unknown Source)
	... 72 more

!ENTRY org.openhab.persistence.mysql 4 0 2016-02-17 23:41:02.820
!MESSAGE FrameworkEvent ERROR
!STACK 0
org.osgi.framework.ServiceException: Exception in org.apache.felix.scr.impl.manager.SingleComponentManager.getService()
	at org.eclipse.osgi.internal.serviceregistry.ServiceFactoryUse.factoryGetService(ServiceFactoryUse.java:222)
	at org.eclipse.osgi.internal.serviceregistry.ServiceFactoryUse.getService(ServiceFactoryUse.java:111)
	at org.eclipse.osgi.internal.serviceregistry.ServiceConsumer$2.getService(ServiceConsumer.java:45)
	at org.eclipse.osgi.internal.serviceregistry.ServiceRegistrationImpl.getService(ServiceRegistrationImpl.java:496)
	at org.eclipse.osgi.internal.serviceregistry.ServiceRegistry.getService(ServiceRegistry.java:461)
	at org.eclipse.osgi.internal.framework.BundleContextImpl.getService(BundleContextImpl.java:619)
	at com.eclipsesource.jaxrs.publisher.internal.ResourceTracker.addingService(ResourceTracker.java:39)
	at org.osgi.util.tracker.ServiceTracker$Tracked.customizerAdding(ServiceTracker.java:941)
	at org.osgi.util.tracker.ServiceTracker$Tracked.customizerAdding(ServiceTracker.java:870)
	at org.osgi.util.tracker.AbstractTracked.trackAdding(AbstractTracked.java:256)
	at org.osgi.util.tracker.AbstractTracked.track(AbstractTracked.java:229)
	at org.osgi.util.tracker.ServiceTracker$Tracked.serviceChanged(ServiceTracker.java:901)
	at org.eclipse.osgi.internal.serviceregistry.FilteredServiceListener.serviceChanged(FilteredServiceListener.java:109)
	at org.eclipse.osgi.internal.framework.BundleContextImpl.dispatchEvent(BundleContextImpl.java:914)
	at org.eclipse.osgi.framework.eventmgr.EventManager.dispatchEvent(EventManager.java:230)
	at org.eclipse.osgi.framework.eventmgr.ListenerQueue.dispatchEventSynchronous(ListenerQueue.java:148)
	at org.eclipse.osgi.internal.serviceregistry.ServiceRegistry.publishServiceEventPrivileged(ServiceRegistry.java:862)
	at org.eclipse.osgi.internal.serviceregistry.ServiceRegistry.publishServiceEvent(ServiceRegistry.java:801)
	at org.eclipse.osgi.internal.serviceregistry.ServiceRegistrationImpl.register(ServiceRegistrationImpl.java:127)
	at org.eclipse.osgi.internal.serviceregistry.ServiceRegistry.registerService(ServiceRegistry.java:225)
	at org.eclipse.osgi.internal.framework.BundleContextImpl.registerService(BundleContextImpl.java:464)
	at org.apache.felix.scr.impl.manager.AbstractComponentManager$3.register(AbstractComponentManager.java:869)
	at org.apache.felix.scr.impl.manager.AbstractComponentManager$3.register(AbstractComponentManager.java:857)
	at org.apache.felix.scr.impl.manager.RegistrationManager.changeRegistration(RegistrationManager.java:133)
	at org.apache.felix.scr.impl.manager.AbstractComponentManager.registerService(AbstractComponentManager.java:915)
	at org.apache.felix.scr.impl.manager.AbstractComponentManager.activateInternal(AbstractComponentManager.java:715)
	at org.apache.felix.scr.impl.manager.AbstractComponentManager.enable(AbstractComponentManager.java:399)
	at org.apache.felix.scr.impl.config.ConfigurableComponentHolder.enableComponents(ConfigurableComponentHolder.java:676)
	at org.apache.felix.scr.impl.BundleComponentActivator.initialEnable(BundleComponentActivator.java:339)
	at org.apache.felix.scr.impl.Activator.loadComponents(Activator.java:360)
	at org.apache.felix.scr.impl.Activator.access$000(Activator.java:53)
	at org.apache.felix.scr.impl.Activator$ScrExtension.start(Activator.java:260)
	at org.apache.felix.utils.extender.AbstractExtender.createExtension(AbstractExtender.java:259)
	at org.apache.felix.utils.extender.AbstractExtender.modifiedBundle(AbstractExtender.java:232)
	at org.osgi.util.tracker.BundleTracker$Tracked.customizerModified(BundleTracker.java:482)
	at org.osgi.util.tracker.BundleTracker$Tracked.customizerModified(BundleTracker.java:415)
	at org.osgi.util.tracker.AbstractTracked.track(AbstractTracked.java:232)
	at org.osgi.util.tracker.BundleTracker$Tracked.bundleChanged(BundleTracker.java:444)
	at org.eclipse.osgi.internal.framework.BundleContextImpl.dispatchEvent(BundleContextImpl.java:902)
	at org.eclipse.osgi.framework.eventmgr.EventManager.dispatchEvent(EventManager.java:230)
	at org.eclipse.osgi.framework.eventmgr.ListenerQueue.dispatchEventSynchronous(ListenerQueue.java:148)
	at org.eclipse.osgi.internal.framework.EquinoxEventPublisher.publishBundleEventPrivileged(EquinoxEventPublisher.java:165)
	at org.eclipse.osgi.internal.framework.EquinoxEventPublisher.publishBundleEvent(EquinoxEventPublisher.java:75)
	at org.eclipse.osgi.internal.framework.EquinoxEventPublisher.publishBundleEvent(EquinoxEventPublisher.java:67)
	at org.eclipse.osgi.internal.framework.EquinoxContainerAdaptor.publishModuleEvent(EquinoxContainerAdaptor.java:102)
	at org.eclipse.osgi.container.Module.publishEvent(Module.java:466)
	at org.eclipse.osgi.container.Module.start(Module.java:457)
	at org.eclipse.osgi.internal.framework.EquinoxBundle.start(EquinoxBundle.java:393)
	at org.apache.felix.fileinstall.internal.DirectoryWatcher.startBundle(DirectoryWatcher.java:1245)
	at org.apache.felix.fileinstall.internal.DirectoryWatcher.startBundles(DirectoryWatcher.java:1217)
	at org.apache.felix.fileinstall.internal.DirectoryWatcher.doProcess(DirectoryWatcher.java:509)
	at org.apache.felix.fileinstall.internal.DirectoryWatcher.process(DirectoryWatcher.java:358)
	at org.apache.felix.fileinstall.internal.DirectoryWatcher.run(DirectoryWatcher.java:310)
Caused by: java.lang.NoClassDefFoundError: org/openhab/core/persistence/PersistentStateRestorer
	at java.lang.Class.getDeclaredMethods0(Native Method)
	at java.lang.Class.privateGetDeclaredMethods(Unknown Source)
	at java.lang.Class.getDeclaredMethods(Unknown Source)
	at org.apache.felix.scr.impl.helper.BindMethod.getServiceObjectAssignableMethod(BindMethod.java:454)
	at org.apache.felix.scr.impl.helper.BindMethod.doFindMethod(BindMethod.java:186)
	at org.apache.felix.scr.impl.helper.BaseMethod.findMethod(BaseMethod.java:171)
	at org.apache.felix.scr.impl.helper.BaseMethod.access$400(BaseMethod.java:37)
	at org.apache.felix.scr.impl.helper.BaseMethod$NotResolved.resolve(BaseMethod.java:558)
	at org.apache.felix.scr.impl.helper.BaseMethod$NotResolved.methodExists(BaseMethod.java:580)
	at org.apache.felix.scr.impl.helper.BaseMethod.methodExists(BaseMethod.java:513)
	at org.apache.felix.scr.impl.helper.BindMethod.getServiceObject(BindMethod.java:643)
	at org.apache.felix.scr.impl.manager.DependencyManager.getServiceObject(DependencyManager.java:2137)
	at org.apache.felix.scr.impl.manager.DependencyManager$SingleDynamicCustomizer.prebind(DependencyManager.java:872)
	at org.apache.felix.scr.impl.manager.DependencyManager.prebind(DependencyManager.java:1457)
	at org.apache.felix.scr.impl.manager.AbstractComponentManager.collectDependencies(AbstractComponentManager.java:983)
	at org.apache.felix.scr.impl.manager.SingleComponentManager.getServiceInternal(SingleComponentManager.java:812)
	at org.apache.felix.scr.impl.manager.SingleComponentManager.getService(SingleComponentManager.java:774)
	at org.eclipse.osgi.internal.serviceregistry.ServiceFactoryUse$1.run(ServiceFactoryUse.java:212)
	at java.security.AccessController.doPrivileged(Native Method)
	at org.eclipse.osgi.internal.serviceregistry.ServiceFactoryUse.factoryGetService(ServiceFactoryUse.java:210)
	... 52 more
Caused by: java.lang.ClassNotFoundException: org.openhab.core.persistence.PersistentStateRestorer cannot be found by org.openhab.persistence.mysql_1.7.1
	at org.eclipse.osgi.internal.loader.BundleLoader.findClassInternal(BundleLoader.java:382)
	at org.eclipse.osgi.internal.loader.BundleLoader.findClass(BundleLoader.java:345)
	at org.eclipse.osgi.internal.loader.BundleLoader.findClass(BundleLoader.java:337)
	at org.eclipse.osgi.internal.loader.ModuleClassLoader.loadClass(ModuleClassLoader.java:160)
	at java.lang.ClassLoader.loadClass(Unknown Source)
	... 72 more

!ENTRY org.openhab.persistence.mysql 4 0 2016-02-17 23:41:02.850
!MESSAGE FrameworkEvent ERROR
!STACK 0
org.osgi.framework.ServiceException: Exception in org.apache.felix.scr.impl.manager.SingleComponentManager.getService()
	at org.eclipse.osgi.internal.serviceregistry.ServiceFactoryUse.factoryGetService(ServiceFactoryUse.java:222)
	at org.eclipse.osgi.internal.serviceregistry.ServiceFactoryUse.getService(ServiceFactoryUse.java:111)
	at org.eclipse.osgi.internal.serviceregistry.ServiceConsumer$2.getService(ServiceConsumer.java:45)
	at org.eclipse.osgi.internal.serviceregistry.ServiceRegistrationImpl.getService(ServiceRegistrationImpl.java:496)
	at org.eclipse.osgi.internal.serviceregistry.ServiceRegistry.getService(ServiceRegistry.java:461)
	at org.eclipse.osgi.internal.framework.BundleContextImpl.getService(BundleContextImpl.java:619)
	at org.apache.felix.scr.impl.manager.SingleRefPair.getServiceObject(SingleRefPair.java:72)
	at org.apache.felix.scr.impl.helper.BindMethod.getServiceObject(BindMethod.java:646)
	at org.apache.felix.scr.impl.manager.DependencyManager.getServiceObject(DependencyManager.java:2137)
	at org.apache.felix.scr.impl.manager.DependencyManager.doInvokeBindMethod(DependencyManager.java:1651)
	at org.apache.felix.scr.impl.manager.DependencyManager.invokeBindMethod(DependencyManager.java:1636)
	at org.apache.felix.scr.impl.manager.SingleComponentManager.invokeBindMethod(SingleComponentManager.java:370)
	at org.apache.felix.scr.impl.manager.DependencyManager$MultipleDynamicCustomizer.addedService(DependencyManager.java:319)
	at org.apache.felix.scr.impl.manager.DependencyManager$MultipleDynamicCustomizer.addedService(DependencyManager.java:295)
	at org.apache.felix.scr.impl.manager.ServiceTracker$Tracked.customizerAdded(ServiceTracker.java:1215)
	at org.apache.felix.scr.impl.manager.ServiceTracker$Tracked.customizerAdded(ServiceTracker.java:1136)
	at org.apache.felix.scr.impl.manager.ServiceTracker$AbstractTracked.trackAdding(ServiceTracker.java:945)
	at org.apache.felix.scr.impl.manager.ServiceTracker$AbstractTracked.track(ServiceTracker.java:881)
	at org.apache.felix.scr.impl.manager.ServiceTracker$Tracked.serviceChanged(ServiceTracker.java:1167)
	at org.apache.felix.scr.impl.BundleComponentActivator$ListenerInfo.serviceChanged(BundleComponentActivator.java:120)
	at org.eclipse.osgi.internal.serviceregistry.FilteredServiceListener.serviceChanged(FilteredServiceListener.java:109)
	at org.eclipse.osgi.internal.framework.BundleContextImpl.dispatchEvent(BundleContextImpl.java:914)
	at org.eclipse.osgi.framework.eventmgr.EventManager.dispatchEvent(EventManager.java:230)
	at org.eclipse.osgi.framework.eventmgr.ListenerQueue.dispatchEventSynchronous(ListenerQueue.java:148)
	at org.eclipse.osgi.internal.serviceregistry.ServiceRegistry.publishServiceEventPrivileged(ServiceRegistry.java:862)
	at org.eclipse.osgi.internal.serviceregistry.ServiceRegistry.publishServiceEvent(ServiceRegistry.java:801)
	at org.eclipse.osgi.internal.serviceregistry.ServiceRegistrationImpl.register(ServiceRegistrationImpl.java:127)
	at org.eclipse.osgi.internal.serviceregistry.ServiceRegistry.registerService(ServiceRegistry.java:225)
	at org.eclipse.osgi.internal.framework.BundleContextImpl.registerService(BundleContextImpl.java:464)
	at org.apache.felix.scr.impl.manager.AbstractComponentManager$3.register(AbstractComponentManager.java:869)
	at org.apache.felix.scr.impl.manager.AbstractComponentManager$3.register(AbstractComponentManager.java:857)
	at org.apache.felix.scr.impl.manager.RegistrationManager.changeRegistration(RegistrationManager.java:133)
	at org.apache.felix.scr.impl.manager.AbstractComponentManager.registerService(AbstractComponentManager.java:915)
	at org.apache.felix.scr.impl.manager.AbstractComponentManager.activateInternal(AbstractComponentManager.java:715)
	at org.apache.felix.scr.impl.manager.AbstractComponentManager.enable(AbstractComponentManager.java:399)
	at org.apache.felix.scr.impl.config.ConfigurableComponentHolder.enableComponents(ConfigurableComponentHolder.java:676)
	at org.apache.felix.scr.impl.BundleComponentActivator.initialEnable(BundleComponentActivator.java:339)
	at org.apache.felix.scr.impl.Activator.loadComponents(Activator.java:360)
	at org.apache.felix.scr.impl.Activator.access$000(Activator.java:53)
	at org.apache.felix.scr.impl.Activator$ScrExtension.start(Activator.java:260)
	at org.apache.felix.utils.extender.AbstractExtender.createExtension(AbstractExtender.java:259)
	at org.apache.felix.utils.extender.AbstractExtender.modifiedBundle(AbstractExtender.java:232)
	at org.osgi.util.tracker.BundleTracker$Tracked.customizerModified(BundleTracker.java:482)
	at org.osgi.util.tracker.BundleTracker$Tracked.customizerModified(BundleTracker.java:415)
	at org.osgi.util.tracker.AbstractTracked.track(AbstractTracked.java:232)
	at org.osgi.util.tracker.BundleTracker$Tracked.bundleChanged(BundleTracker.java:444)
	at org.eclipse.osgi.internal.framework.BundleContextImpl.dispatchEvent(BundleContextImpl.java:902)
	at org.eclipse.osgi.framework.eventmgr.EventManager.dispatchEvent(EventManager.java:230)
	at org.eclipse.osgi.framework.eventmgr.ListenerQueue.dispatchEventSynchronous(ListenerQueue.java:148)
	at org.eclipse.osgi.internal.framework.EquinoxEventPublisher.publishBundleEventPrivileged(EquinoxEventPublisher.java:165)
	at org.eclipse.osgi.internal.framework.EquinoxEventPublisher.publishBundleEvent(EquinoxEventPublisher.java:75)
	at org.eclipse.osgi.internal.framework.EquinoxEventPublisher.publishBundleEvent(EquinoxEventPublisher.java:67)
	at org.eclipse.osgi.internal.framework.EquinoxContainerAdaptor.publishModuleEvent(EquinoxContainerAdaptor.java:102)
	at org.eclipse.osgi.container.Module.publishEvent(Module.java:466)
	at org.eclipse.osgi.container.Module.start(Module.java:457)
	at org.eclipse.osgi.internal.framework.EquinoxBundle.start(EquinoxBundle.java:393)
	at org.apache.felix.fileinstall.internal.DirectoryWatcher.startBundle(DirectoryWatcher.java:1245)
	at org.apache.felix.fileinstall.internal.DirectoryWatcher.startBundles(DirectoryWatcher.java:1217)
	at org.apache.felix.fileinstall.internal.DirectoryWatcher.doProcess(DirectoryWatcher.java:509)
	at org.apache.felix.fileinstall.internal.DirectoryWatcher.process(DirectoryWatcher.java:358)
	at org.apache.felix.fileinstall.internal.DirectoryWatcher.run(DirectoryWatcher.java:310)
Caused by: java.lang.NoClassDefFoundError: org/openhab/core/persistence/PersistentStateRestorer
	at java.lang.Class.getDeclaredMethods0(Native Method)
	at java.lang.Class.privateGetDeclaredMethods(Unknown Source)
	at java.lang.Class.getDeclaredMethods(Unknown Source)
	at org.apache.felix.scr.impl.helper.BindMethod.getServiceObjectAssignableMethod(BindMethod.java:454)
	at org.apache.felix.scr.impl.helper.BindMethod.doFindMethod(BindMethod.java:186)
	at org.apache.felix.scr.impl.helper.BaseMethod.findMethod(BaseMethod.java:171)
	at org.apache.felix.scr.impl.helper.BaseMethod.access$400(BaseMethod.java:37)
	at org.apache.felix.scr.impl.helper.BaseMethod$NotResolved.resolve(BaseMethod.java:558)
	at org.apache.felix.scr.impl.helper.BaseMethod$NotResolved.methodExists(BaseMethod.java:580)
	at org.apache.felix.scr.impl.helper.BaseMethod.methodExists(BaseMethod.java:513)
	at org.apache.felix.scr.impl.helper.BindMethod.getServiceObject(BindMethod.java:643)
	at org.apache.felix.scr.impl.manager.DependencyManager.getServiceObject(DependencyManager.java:2137)
	at org.apache.felix.scr.impl.manager.DependencyManager$SingleDynamicCustomizer.prebind(DependencyManager.java:872)
	at org.apache.felix.scr.impl.manager.DependencyManager.prebind(DependencyManager.java:1457)
	at org.apache.felix.scr.impl.manager.AbstractComponentManager.collectDependencies(AbstractComponentManager.java:983)
	at org.apache.felix.scr.impl.manager.SingleComponentManager.getServiceInternal(SingleComponentManager.java:812)
	at org.apache.felix.scr.impl.manager.SingleComponentManager.getService(SingleComponentManager.java:774)
	at org.eclipse.osgi.internal.serviceregistry.ServiceFactoryUse$1.run(ServiceFactoryUse.java:212)
	at java.security.AccessController.doPrivileged(Native Method)
	at org.eclipse.osgi.internal.serviceregistry.ServiceFactoryUse.factoryGetService(ServiceFactoryUse.java:210)
	... 60 more
Caused by: java.lang.ClassNotFoundException: org.openhab.core.persistence.PersistentStateRestorer cannot be found by org.openhab.persistence.mysql_1.7.1
	at org.eclipse.osgi.internal.loader.BundleLoader.findClassInternal(BundleLoader.java:382)
	at org.eclipse.osgi.internal.loader.BundleLoader.findClass(BundleLoader.java:345)
	at org.eclipse.osgi.internal.loader.BundleLoader.findClass(BundleLoader.java:337)
	at org.eclipse.osgi.internal.loader.ModuleClassLoader.loadClass(ModuleClassLoader.java:160)
	at java.lang.ClassLoader.loadClass(Unknown Source)
	... 80 more

!ENTRY org.openhab.persistence.mysql 4 0 2016-02-17 23:41:04.274
!MESSAGE FrameworkEvent ERROR
!STACK 0
org.osgi.framework.ServiceException: Exception in org.apache.felix.scr.impl.manager.SingleComponentManager.getService()
	at org.eclipse.osgi.internal.serviceregistry.ServiceFactoryUse.factoryGetService(ServiceFactoryUse.java:222)
	at org.eclipse.osgi.internal.serviceregistry.ServiceFactoryUse.getService(ServiceFactoryUse.java:111)
	at org.eclipse.osgi.internal.serviceregistry.ServiceConsumer$2.getService(ServiceConsumer.java:45)
	at org.eclipse.osgi.internal.serviceregistry.ServiceRegistrationImpl.getService(ServiceRegistrationImpl.java:496)
	at org.eclipse.osgi.internal.serviceregistry.ServiceRegistry.getService(ServiceRegistry.java:461)
	at org.eclipse.osgi.internal.framework.BundleContextImpl.getService(BundleContextImpl.java:619)
	at org.apache.felix.scr.impl.manager.SingleRefPair.getServiceObject(SingleRefPair.java:72)
	at org.apache.felix.scr.impl.helper.BindMethod.getServiceObject(BindMethod.java:646)
	at org.apache.felix.scr.impl.manager.DependencyManager.getServiceObject(DependencyManager.java:2137)
	at org.apache.felix.scr.impl.manager.DependencyManager.invokeUnbindMethod(DependencyManager.java:1765)
	at org.apache.felix.scr.impl.manager.SingleComponentManager.invokeUnbindMethod(SingleComponentManager.java:393)
	at org.apache.felix.scr.impl.manager.DependencyManager$MultipleDynamicCustomizer.removedService(DependencyManager.java:364)
	at org.apache.felix.scr.impl.manager.DependencyManager$MultipleDynamicCustomizer.removedService(DependencyManager.java:295)
	at org.apache.felix.scr.impl.manager.ServiceTracker$Tracked.customizerRemoved(ServiceTracker.java:1241)
	at org.apache.felix.scr.impl.manager.ServiceTracker$Tracked.customizerRemoved(ServiceTracker.java:1136)
	at org.apache.felix.scr.impl.manager.ServiceTracker$AbstractTracked.untrack(ServiceTracker.java:996)
	at org.apache.felix.scr.impl.manager.ServiceTracker$Tracked.serviceChanged(ServiceTracker.java:1175)
	at org.apache.felix.scr.impl.BundleComponentActivator$ListenerInfo.serviceChanged(BundleComponentActivator.java:120)
	at org.eclipse.osgi.internal.serviceregistry.FilteredServiceListener.serviceChanged(FilteredServiceListener.java:109)
	at org.eclipse.osgi.internal.framework.BundleContextImpl.dispatchEvent(BundleContextImpl.java:914)
	at org.eclipse.osgi.framework.eventmgr.EventManager.dispatchEvent(EventManager.java:230)
	at org.eclipse.osgi.framework.eventmgr.ListenerQueue.dispatchEventSynchronous(ListenerQueue.java:148)
	at org.eclipse.osgi.internal.serviceregistry.ServiceRegistry.publishServiceEventPrivileged(ServiceRegistry.java:862)
	at org.eclipse.osgi.internal.serviceregistry.ServiceRegistry.publishServiceEvent(ServiceRegistry.java:801)
	at org.eclipse.osgi.internal.serviceregistry.ServiceRegistrationImpl.unregister(ServiceRegistrationImpl.java:222)
	at org.apache.felix.scr.impl.manager.AbstractComponentManager$3.unregister(AbstractComponentManager.java:883)
	at org.apache.felix.scr.impl.manager.AbstractComponentManager$3.unregister(AbstractComponentManager.java:857)
	at org.apache.felix.scr.impl.manager.RegistrationManager.changeRegistration(RegistrationManager.java:140)
	at org.apache.felix.scr.impl.manager.AbstractComponentManager.unregisterService(AbstractComponentManager.java:925)
	at org.apache.felix.scr.impl.manager.AbstractComponentManager.doDeactivate(AbstractComponentManager.java:774)
	at org.apache.felix.scr.impl.manager.AbstractComponentManager.deactivateInternal(AbstractComponentManager.java:757)
	at org.apache.felix.scr.impl.manager.AbstractComponentManager.dispose(AbstractComponentManager.java:550)
	at org.apache.felix.scr.impl.config.ConfigurableComponentHolder.disposeComponents(ConfigurableComponentHolder.java:725)
	at org.apache.felix.scr.impl.BundleComponentActivator.dispose(BundleComponentActivator.java:530)
	at org.apache.felix.scr.impl.Activator.disposeComponents(Activator.java:414)
	at org.apache.felix.scr.impl.Activator.access$300(Activator.java:53)
	at org.apache.felix.scr.impl.Activator$ScrExtension.destroy(Activator.java:273)
	at org.apache.felix.utils.extender.AbstractExtender$2.run(AbstractExtender.java:290)
	at java.util.concurrent.Executors$RunnableAdapter.call(Unknown Source)
	at java.util.concurrent.FutureTask.run(Unknown Source)
	at org.apache.felix.utils.extender.AbstractExtender.destroyExtension(AbstractExtender.java:312)
	at org.apache.felix.utils.extender.AbstractExtender.bundleChanged(AbstractExtender.java:186)
	at org.eclipse.osgi.internal.framework.BundleContextImpl.dispatchEvent(BundleContextImpl.java:902)
	at org.eclipse.osgi.framework.eventmgr.EventManager.dispatchEvent(EventManager.java:230)
	at org.eclipse.osgi.framework.eventmgr.ListenerQueue.dispatchEventSynchronous(ListenerQueue.java:148)
	at org.eclipse.osgi.internal.framework.EquinoxEventPublisher.publishBundleEventPrivileged(EquinoxEventPublisher.java:165)
	at org.eclipse.osgi.internal.framework.EquinoxEventPublisher.publishBundleEvent(EquinoxEventPublisher.java:75)
	at org.eclipse.osgi.internal.framework.EquinoxEventPublisher.publishBundleEvent(EquinoxEventPublisher.java:67)
	at org.eclipse.osgi.internal.framework.EquinoxContainerAdaptor.publishModuleEvent(EquinoxContainerAdaptor.java:102)
	at org.eclipse.osgi.container.Module.publishEvent(Module.java:466)
	at org.eclipse.osgi.container.Module.doStop(Module.java:624)
	at org.eclipse.osgi.container.Module.stop(Module.java:488)
	at org.eclipse.osgi.container.ModuleContainer.uninstall(ModuleContainer.java:379)
	at org.eclipse.osgi.internal.framework.EquinoxBundle.uninstall(EquinoxBundle.java:454)
	at org.apache.felix.fileinstall.internal.DirectoryWatcher.uninstall(DirectoryWatcher.java:1084)
	at org.apache.felix.fileinstall.internal.DirectoryWatcher.uninstall(DirectoryWatcher.java:882)
	at org.apache.felix.fileinstall.internal.DirectoryWatcher.doProcess(DirectoryWatcher.java:480)
	at org.apache.felix.fileinstall.internal.DirectoryWatcher.process(DirectoryWatcher.java:358)
	at org.apache.felix.fileinstall.internal.DirectoryWatcher.run(DirectoryWatcher.java:310)
Caused by: java.lang.NoClassDefFoundError: org/openhab/core/persistence/PersistentStateRestorer
	at java.lang.Class.getDeclaredMethods0(Native Method)
	at java.lang.Class.privateGetDeclaredMethods(Unknown Source)
	at java.lang.Class.getDeclaredMethods(Unknown Source)
	at org.apache.felix.scr.impl.helper.BindMethod.getServiceObjectAssignableMethod(BindMethod.java:454)
	at org.apache.felix.scr.impl.helper.BindMethod.doFindMethod(BindMethod.java:186)
	at org.apache.felix.scr.impl.helper.BaseMethod.findMethod(BaseMethod.java:171)
	at org.apache.felix.scr.impl.helper.BaseMethod.access$400(BaseMethod.java:37)
	at org.apache.felix.scr.impl.helper.BaseMethod$NotResolved.resolve(BaseMethod.java:558)
	at org.apache.felix.scr.impl.helper.BaseMethod$NotResolved.methodExists(BaseMethod.java:580)
	at org.apache.felix.scr.impl.helper.BaseMethod.methodExists(BaseMethod.java:513)
	at org.apache.felix.scr.impl.helper.BindMethod.getServiceObject(BindMethod.java:643)
	at org.apache.felix.scr.impl.manager.DependencyManager.getServiceObject(DependencyManager.java:2137)
	at org.apache.felix.scr.impl.manager.DependencyManager$SingleDynamicCustomizer.prebind(DependencyManager.java:872)
	at org.apache.felix.scr.impl.manager.DependencyManager.prebind(DependencyManager.java:1457)
	at org.apache.felix.scr.impl.manager.AbstractComponentManager.collectDependencies(AbstractComponentManager.java:983)
	at org.apache.felix.scr.impl.manager.SingleComponentManager.getServiceInternal(SingleComponentManager.java:812)
	at org.apache.felix.scr.impl.manager.SingleComponentManager.getService(SingleComponentManager.java:774)
	at org.eclipse.osgi.internal.serviceregistry.ServiceFactoryUse$1.run(ServiceFactoryUse.java:212)
	at java.security.AccessController.doPrivileged(Native Method)
	at org.eclipse.osgi.internal.serviceregistry.ServiceFactoryUse.factoryGetService(ServiceFactoryUse.java:210)
	... 58 more
Caused by: java.lang.ClassNotFoundException: org.openhab.core.persistence.PersistentStateRestorer cannot be found by org.openhab.persistence.mysql_1.7.1
	at org.eclipse.osgi.internal.loader.BundleLoader.findClassInternal(BundleLoader.java:382)
	at org.eclipse.osgi.internal.loader.BundleLoader.findClass(BundleLoader.java:345)
	at org.eclipse.osgi.internal.loader.BundleLoader.findClass(BundleLoader.java:337)
	at org.eclipse.osgi.internal.loader.ModuleClassLoader.loadClass(ModuleClassLoader.java:160)
	at java.lang.ClassLoader.loadClass(Unknown Source)
	... 78 more
